0001_0014_0006_0067_0067.jpg 1 14 6 67 67
0002_0033_0027_0049_0049.jpg 1 33 27 49 49
0003_0024_0052_0024_0024.jpg 1 24 52 24 24
0004_0044_0037_0030_0030.jpg 1 44 37 30 30
0005_0044_0043_0047_0047.jpg 1 44 43 47 47
0006_0023_0012_0041_0041.jpg 1 23 12 41 41
0007_0025_0032_0042_0042.jpg 1 25 32 42 42
0008_0012_0031_0054_0054.jpg 1 12 31 54 54
0009_0012_0007_0026_0026.jpg 1 12 7 26 26
0010_0027_0053_0030_0030.jpg 1 27 53 30 30
0011_0024_0021_0069_0069.jpg 1 24 21 69 69
0012_0021_0057_0027_0027.jpg 1 21 57 27 27
0013_0006_0006_0066_0066.jpg 1 6 6 66 66
0014_0033_0017_0044_0044.jpg 1 33 17 44 44
0015_0030_0008_0038_0038.jpg 1 30 8 38 38
0016_0039_0026_0035_0035.jpg 1 39 26 35 35
0017_0044_0017_0025_0025.jpg 1 44 17 25 25
0018_0020_0043_0049_0049.jpg 1 20 43 49 49
0019_0033_0025_0052_0052.jpg 1 33 25 52 52
0020_0025_0018_0069_0069.jpg 1 25 18 69 69
0021_0037_0004_0058_0058.jpg 1 37 4 58 58
0022_0043_0018_0044_0044.jpg 1 43 18 44 44
0023_0049_0028_0025_0025.jpg 1 49 28 25 25
0024_0031_0006_0062_0062.jpg 1 31 6 62 62
0025_0030_0010_0055_0055.jpg 1 30 10 55 55
0026_0008_0006_0035_0035.jpg 1 8 6 35 35
0027_0021_0028_0049_0049.jpg 1 21 28 49 49
0028_0020_0034_0039_0039.jpg 1 20 34 39 39
0029_0055_0028_0037_0037.jpg 1 55 28 37 37
0030_0018_0025_0030_0030.jpg 1 18 25 30 30
0031_0043_0030_0024_0024.jpg 1 43 30 24 24
0032_0020_0035_0059_0059.jpg 1 20 35 59 59
0033_0011_0007_0063_0063.jpg 1 11 7 63 63
0034_0055_0034_0032_0032.jpg 1 55 34 32 32
0035_0026_0050_0041_0041.jpg 1 26 50 41 41
0036_0020_0026_0067_0067.jpg 1 20 26 67 67
0037_0007_0023_0064_0064.jpg 1 7 23 64 64
0038_0018_0039_0044_0044.jpg 1 18 39 44 44
0039_0010_0029_0057_0057.jpg 1 10 29 57 57
0040_0010_0021_0064_0064.jpg 1 10 21 64 64
0041_0021_0027_0058_0058.jpg 1 21 27 58 58
0042_0031_0047_0032_0032.jpg 1 31 47 32 32
0043_0032_0063_0028_0028.jpg 1 32 63 28 28
0044_0056_0013_0032_0032.jpg 1 56 13 32 32
0045_0006_0009_0037_0037.jpg 1 6 9 37 37
0046_0022_0004_0065_0065.jpg 1 22 4 65 65
0047_0042_0047_0043_0043.jpg 1 42 47 43 43
0048_0006_0036_0042_0042.jpg 1 6 36 42 42
0049_0056_0010_0024_0024.jpg 1 56 10 24 24
0050_0018_0033_0038_0038.jpg 1 18 33 38 38
0051_0027_0031_0042_0042.jpg 1 27 31 42 42
0052_0018_0007_0032_0032.jpg 1 18 7 32 32
0053_0029_0016_0054_0054.jpg 1 29 16 54 54
0054_0021_0055_0027_0027.jpg 1 21 55 27 27
0055_0019_0040_0037_0037.jpg 1 19 40 37 37
0056_0007_0029_0045_0045.jpg 1 7 29 45 45
0057_0026_0017_0067_0067.jpg 1 26 17 67 67
0058_0051_0054_0037_0037.jpg 1 51 54 37 37
0059_0024_0007_0060_0060.jpg 1 24 7 60 60
0060_0032_0043_0028_0028.jpg 1 32 43 28 28
0061_0012_0016_0049_0049.jpg 1 12 16 49 49
0062_0012_0014_0063_0063.jpg 1 12 14 63 63
0063_0008_0018_0064_0064.jpg 1 8 18 64 64
0064_0023_0022_0042_0042.jpg 1 23 22 42 42
0065_0024_0010_0048_0048.jpg 1 24 10 48 48
0066_0008_0033_0043_0043.jpg 1 8 33 43 43
0067_0009_0042_0041_0041.jpg 1 9 42 41 41
0068_0019_0017_0059_0059.jpg 1 19 17 59 59
0069_0033_0033_0051_0051.jpg 1 33 33 51 51
0070_0031_0018_0058_0058.jpg 1 31 18 58 58
0071_0042_0013_0042_0042.jpg 1 42 13 42 42
0072_0028_0061_0030_0030.jpg 1 28 61 30 30
0073_0046_0057_0029_0029.jpg 1 46 57 29 29
0074_0026_0016_0061_0061.jpg 1 26 16 61 61
0075_0022_0032_0045_0045.jpg 1 22 32 45 45
0076_0023_0008_0068_0068.jpg 1 23 8 68 68
0077_0019_0023_0049_0049.jpg 1 19 23 49 49
0078_0016_0005_0068_0068.jpg 1 16 5 68 68
0079_0035_0033_0060_0060.jpg 1 35 33 60 60
0080_0023_0006_0064_0064.jpg 1 23 6 64 64
0081_0039_0044_0041_0041.jpg 1 39 44 41 41
0082_0019_0026_0066_0066.jpg 1 19 26 66 66
0083_0021_0016_0064_0064.jpg 1 21 16 64 64
0084_0034_0050_0042_0042.jpg 1 34 50 42 42
0085_0045_0052_0038_0038.jpg 1 45 52 38 38
0086_0025_0039_0051_0051.jpg 1 25 39 51 51
0087_0018_0013_0049_0049.jpg 1 18 13 49 49
0088_0019_0025_0056_0056.jpg 1 19 25 56 56
0089_0048_0027_0027_0027.jpg 1 48 27 27 27
0090_0008_0009_0066_0066.jpg 1 8 9 66 66
0091_0034_0040_0047_0047.jpg 1 34 40 47 47
0092_0024_0060_0027_0027.jpg 1 24 60 27 27
0093_0020_0030_0027_0027.jpg 1 20 30 27 27
0094_0057_0049_0031_0031.jpg 1 57 49 31 31
0095_0011_0011_0037_0037.jpg 1 11 11 37 37
0096_0021_0010_0045_0045.jpg 1 21 10 45 45
0097_0004_0008_0065_0065.jpg 1 4 8 65 65
0098_0042_0041_0044_0044.jpg 1 42 41 44 44
0099_0037_0033_0049_0049.jpg 1 37 33 49 49
0100_0008_0016_0064_0064.jpg 1 8 16 64 64
0101_0032_0032_0054_0054.jpg 1 32 32 54 54
0102_0027_0016_0036_0036.jpg 1 27 16 36 36
0103_0031_0050_0038_0038.jpg 1 31 50 38 38
0104_0015_0036_0043_0043.jpg 1 15 36 43 43
0105_0013_0018_0069_0069.jpg 1 13 18 69 69
0106_0013_0014_0046_0046.jpg 1 13 14 46 46
0107_0005_0005_0058_0058.jpg 1 5 5 58 58
0108_0009_0015_0051_0051.jpg 1 9 15 51 51
0109_0029_0060_0029_0029.jpg 1 29 60 29 29
0110_0019_0018_0030_0030.jpg 1 19 18 30 30
0111_0026_0055_0031_0031.jpg 1 26 55 31 31
0112_0042_0029_0049_0049.jpg 1 42 29 49 49
0113_0011_0029_0047_0047.jpg 1 11 29 47 47
0114_0015_0021_0044_0044.jpg 1 15 21 44 44
0115_0024_0007_0068_0068.jpg 1 24 7 68 68
0116_0046_0045_0042_0042.jpg 1 46 45 42 42
0117_0020_0030_0042_0042.jpg 1 20 30 42 42
0118_0010_0029_0061_0061.jpg 1 10 29 61 61
0119_0035_0053_0033_0033.jpg 1 35 53 33 33
0120_0023_0009_0044_0044.jpg 1 23 9 44 44
0121_0048_0015_0027_0027.jpg 1 48 15 27 27
0122_0005_0007_0064_0064.jpg 1 5 7 64 64
0123_0011_0026_0057_0057.jpg 1 11 26 57 57
0124_0032_0006_0059_0059.jpg 1 32 6 59 59
0125_0055_0025_0036_0036.jpg 1 55 25 36 36
0126_0009_0053_0034_0034.jpg 1 9 53 34 34
0127_0011_0018_0064_0064.jpg 1 11 18 64 64
0128_0026_0021_0041_0041.jpg 1 26 21 41 41
0129_0063_0027_0028_0028.jpg 1 63 27 28 28
0130_0009_0019_0040_0040.jpg 1 9 19 40 40
0131_0031_0034_0030_0030.jpg 1 31 34 30 30
0132_0009_0038_0032_0032.jpg 1 9 38 32 32
0133_0019_0028_0027_0027.jpg 1 19 28 27 27
0134_0021_0055_0036_0036.jpg 1 21 55 36 36
0135_0008_0005_0065_0065.jpg 1 8 5 65 65
0136_0016_0040_0049_0049.jpg 1 16 40 49 49
0137_0007_0019_0059_0059.jpg 1 7 19 59 59
0138_0022_0049_0034_0034.jpg 1 22 49 34 34
0139_0044_0043_0028_0028.jpg 1 44 43 28 28
0140_0010_0019_0031_0031.jpg 1 10 19 31 31
0141_0026_0008_0053_0053.jpg 1 26 8 53 53
0142_0009_0020_0069_0069.jpg 1 9 20 69 69
0143_0009_0015_0056_0056.jpg 1 9 15 56 56
0144_0007_0015_0034_0034.jpg 1 7 15 34 34
0145_0017_0018_0061_0061.jpg 1 17 18 61 61
0146_0034_0037_0033_0033.jpg 1 34 37 33 33
0147_0013_0027_0051_0051.jpg 1 13 27 51 51
0148_0018_0038_0049_0049.jpg 1 18 38 49 49
0149_0034_0051_0041_0041.jpg 1 34 51 41 41
0150_0013_0016_0062_0062.jpg 1 13 16 62 62
0151_0007_0014_0049_0049.jpg 1 7 14 49 49
0152_0058_0046_0024_0024.jpg 1 58 46 24 24
0153_0025_0007_0066_0066.jpg 1 25 7 66 66
0154_0020_0051_0031_0031.jpg 1 20 51 31 31
0155_0035_0032_0055_0055.jpg 1 35 32 55 55
0156_0008_0013_0063_0063.jpg 1 8 13 63 63
0157_0003_0015_0069_0069.jpg 1 3 15 69 69
0158_0050_0010_0029_0029.jpg 1 50 10 29 29
0159_0032_0030_0036_0036.jpg 1 32 30 36 36
0160_0010_0019_0041_0041.jpg 1 10 19 41 41
0161_0029_0030_0063_0063.jpg 1 29 30 63 63
0162_0055_0050_0024_0024.jpg 1 55 50 24 24
0163_0018_0017_0067_0067.jpg 1 18 17 67 67
0164_0009_0033_0037_0037.jpg 1 9 33 37 37
0165_0011_0063_0026_0026.jpg 1 11 63 26 26
0166_0045_0052_0038_0038.jpg 1 45 52 38 38
0167_0029_0048_0044_0044.jpg 1 29 48 44 44
0168_0028_0026_0060_0060.jpg 1 28 26 60 60
0169_0003_0005_0067_0067.jpg 1 3 5 67 67
0170_0010_0004_0062_0062.jpg 1 10 4 62 62
0171_0046_0025_0045_0045.jpg 1 46 25 45 45
0172_0018_0016_0069_0069.jpg 1 18 16 69 69
0173_0042_0017_0026_0026.jpg 1 42 17 26 26
0174_0030_0036_0025_0025.jpg 1 30 36 25 25
0175_0010_0034_0040_0040.jpg 1 10 34 40 40
0176_0020_0010_0063_0063.jpg 1 20 10 63 63
0177_0032_0022_0059_0059.jpg 1 32 22 59 59
0178_0030_0014_0045_0045.jpg 1 30 14 45 45
0179_0010_0007_0033_0033.jpg 1 10 7 33 33
0180_0012_0012_0027_0027.jpg 1 12 12 27 27
0181_0004_0031_0064_0064.jpg 1 4 31 64 64
0182_0006_0004_0061_0061.jpg 1 6 4 61 61
0183_0026_0006_0065_0065.jpg 1 26 6 65 65
0184_0008_0031_0059_0059.jpg 1 8 31 59 59
0185_0005_0019_0052_0052.jpg 1 5 19 52 52
0186_0004_0014_0065_0065.jpg 1 4 14 65 65
0187_0060_0054_0032_0032.jpg 1 60 54 32 32
0188_0020_0019_0063_0063.jpg 1 20 19 63 63
0189_0046_0010_0038_0038.jpg 1 46 10 38 38
0190_0007_0011_0066_0066.jpg 1 7 11 66 66
0191_0006_0016_0050_0050.jpg 1 6 16 50 50
0192_0036_0040_0051_0051.jpg 1 36 40 51 51
0193_0033_0037_0055_0055.jpg 1 33 37 55 55
0194_0032_0032_0044_0044.jpg 1 32 32 44 44
0195_0024_0013_0055_0055.jpg 1 24 13 55 55
0196_0044_0022_0040_0040.jpg 1 44 22 40 40
0197_0020_0028_0049_0049.jpg 1 20 28 49 49
0198_0039_0022_0027_0027.jpg 1 39 22 27 27
0199_0055_0009_0033_0033.jpg 1 55 9 33 33
0200_0020_0024_0049_0049.jpg 1 20 24 49 49
0201_0019_0045_0041_0041.jpg 1 19 45 41 41
0202_0023_0023_0053_0053.jpg 1 23 23 53 53
0203_0019_0025_0053_0053.jpg 1 19 25 53 53
0204_0039_0026_0052_0052.jpg 1 39 26 52 52
0205_0017_0016_0050_0050.jpg 1 17 16 50 50
0206_0007_0031_0034_0034.jpg 1 7 31 34 34
0207_0028_0013_0067_0067.jpg 1 28 13 67 67
0208_0037_0017_0046_0046.jpg 1 37 17 46 46
0209_0003_0026_0068_0068.jpg 1 3 26 68 68
0210_0018_0017_0064_0064.jpg 1 18 17 64 64
0211_0006_0021_0059_0059.jpg 1 6 21 59 59
0212_0041_0047_0047_0047.jpg 1 41 47 47 47
0213_0017_0020_0042_0042.jpg 1 17 20 42 42
0214_0022_0013_0057_0057.jpg 1 22 13 57 57
0215_0024_0016_0046_0046.jpg 1 24 16 46 46
0216_0024_0007_0033_0033.jpg 1 24 7 33 33
0217_0036_0023_0046_0046.jpg 1 36 23 46 46
0218_0025_0027_0069_0069.jpg 1 25 27 69 69
0219_0044_0010_0029_0029.jpg 1 44 10 29 29
0220_0031_0027_0052_0052.jpg 1 31 27 52 52
0221_0032_0020_0029_0029.jpg 1 32 20 29 29
0222_0012_0064_0024_0024.jpg 1 12 64 24 24
0223_0012_0048_0045_0045.jpg 1 12 48 45 45
0224_0015_0026_0042_0042.jpg 1 15 26 42 42
0225_0034_0055_0034_0034.jpg 1 34 55 34 34
0226_0014_0030_0026_0026.jpg 1 14 30 26 26
0227_0012_0020_0068_0068.jpg 1 12 20 68 68
0228_0058_0060_0031_0031.jpg 1 58 60 31 31
0229_0015_0029_0053_0053.jpg 1 15 29 53 53
0230_0014_0032_0046_0046.jpg 1 14 32 46 46
0231_0050_0032_0036_0036.jpg 1 50 32 36 36
0232_0013_0021_0026_0026.jpg 1 13 21 26 26
0233_0023_0006_0059_0059.jpg 1 23 6 59 59
0234_0022_0061_0025_0025.jpg 1 22 61 25 25
0235_0020_0013_0064_0064.jpg 1 20 13 64 64
0236_0020_0023_0042_0042.jpg 1 20 23 42 42
0237_0023_0017_0068_0068.jpg 1 23 17 68 68
0238_0007_0028_0052_0052.jpg 1 7 28 52 52
0239_0013_0013_0067_0067.jpg 1 13 13 67 67
0240_0011_0005_0061_0061.jpg 1 11 5 61 61
0241_0016_0013_0057_0057.jpg 1 16 13 57 57
0242_0028_0053_0025_0025.jpg 1 28 53 25 25
0243_0005_0036_0055_0055.jpg 1 5 36 55 55
0244_0010_0035_0046_0046.jpg 1 10 35 46 46
0245_0043_0044_0048_0048.jpg 1 43 44 48 48
0246_0049_0042_0034_0034.jpg 1 49 42 34 34
0247_0017_0031_0039_0039.jpg 1 17 31 39 39
0248_0043_0049_0043_0043.jpg 1 43 49 43 43
0249_0023_0007_0038_0038.jpg 1 23 7 38 38
0250_0060_0040_0028_0028.jpg 1 60 40 28 28
0251_0021_0026_0062_0062.jpg 1 21 26 62 62
0252_0051_0031_0024_0024.jpg 1 51 31 24 24
0253_0037_0027_0050_0050.jpg 1 37 27 50 50
0254_0027_0006_0042_0042.jpg 1 27 6 42 42
0255_0008_0010_0042_0042.jpg 1 8 10 42 42
0256_0023_0003_0063_0063.jpg 1 23 3 63 63
0257_0005_0010_0067_0067.jpg 1 5 10 67 67
0258_0046_0038_0033_0033.jpg 1 46 38 33 33
0259_0011_0009_0056_0056.jpg 1 11 9 56 56
0260_0055_0034_0026_0026.jpg 1 55 34 26 26
0261_0025_0030_0065_0065.jpg 1 25 30 65 65
0262_0012_0045_0048_0048.jpg 1 12 45 48 48
0263_0019_0026_0060_0060.jpg 1 19 26 60 60
0264_0052_0015_0037_0037.jpg 1 52 15 37 37
0265_0014_0014_0054_0054.jpg 1 14 14 54 54
0266_0041_0026_0043_0043.jpg 1 41 26 43 43
0267_0057_0009_0025_0025.jpg 1 57 9 25 25
0268_0019_0021_0056_0056.jpg 1 19 21 56 56
0269_0056_0027_0024_0024.jpg 1 56 27 24 24
0270_0048_0016_0037_0037.jpg 1 48 16 37 37
0271_0024_0020_0062_0062.jpg 1 24 20 62 62
0272_0012_0015_0064_0064.jpg 1 12 15 64 64
0273_0034_0030_0058_0058.jpg 1 34 30 58 58
0274_0019_0024_0064_0064.jpg 1 19 24 64 64
0275_0026_0034_0059_0059.jpg 1 26 34 59 59
0276_0038_0049_0037_0037.jpg 1 38 49 37 37
0277_0038_0037_0055_0055.jpg 1 38 37 55 55
0278_0022_0028_0040_0040.jpg 1 22 28 40 40
0279_0020_0011_0056_0056.jpg 1 20 11 56 56
0280_0061_0033_0024_0024.jpg 1 61 33 24 24
0281_0044_0062_0025_0025.jpg 1 44 62 25 25
0282_0016_0017_0064_0064.jpg 1 16 17 64 64
0283_0045_0017_0045_0045.jpg 1 45 17 45 45
0284_0009_0055_0036_0036.jpg 1 9 55 36 36
0285_0015_0046_0040_0040.jpg 1 15 46 40 40
0286_0014_0007_0068_0068.jpg 1 14 7 68 68
0287_0011_0007_0066_0066.jpg 1 11 7 66 66
0288_0032_0030_0058_0058.jpg 1 32 30 58 58
0289_0006_0010_0053_0053.jpg 1 6 10 53 53
0290_0016_0020_0024_0024.jpg 1 16 20 24 24
0291_0042_0028_0052_0052.jpg 1 42 28 52 52
0292_0004_0014_0058_0058.jpg 1 4 14 58 58
0293_0031_0021_0027_0027.jpg 1 31 21 27 27
0294_0016_0023_0067_0067.jpg 1 16 23 67 67
0295_0022_0014_0048_0048.jpg 1 22 14 48 48
0296_0034_0012_0054_0054.jpg 1 34 12 54 54
0297_0027_0065_0026_0026.jpg 1 27 65 26 26
0298_0046_0027_0044_0044.jpg 1 46 27 44 44
0299_0017_0013_0058_0058.jpg 1 17 13 58 58
0300_0026_0033_0025_0025.jpg 1 26 33 25 25
0301_0040_0011_0037_0037.jpg 1 40 11 37 37
0302_0016_0026_0064_0064.jpg 1 16 26 64 64
0303_0032_0029_0057_0057.jpg 1 32 29 57 57
0304_0010_0011_0054_0054.jpg 1 10 11 54 54
0305_0055_0011_0032_0032.jpg 1 55 11 32 32
0306_0035_0031_0039_0039.jpg 1 35 31 39 39
0307_0005_0013_0052_0052.jpg 1 5 13 52 52
0308_0038_0015_0041_0041.jpg 1 38 15 41 41
0309_0008_0004_0065_0065.jpg 1 8 4 65 65
0310_0022_0027_0068_0068.jpg 1 22 27 68 68
0311_0004_0011_0066_0066.jpg 1 4 11 66 66
0312_0011_0029_0063_0063.jpg 1 11 29 63 63
0313_0028_0030_0051_0051.jpg 1 28 30 51 51
0314_0024_0003_0066_0066.jpg 1 24 3 66 66
0315_0017_0060_0027_0027.jpg 1 17 60 27 27
0316_0033_0012_0043_0043.jpg 1 33 12 43 43
0317_0036_0011_0025_0025.jpg 1 36 11 25 25
0318_0055_0013_0028_0028.jpg 1 55 13 28 28
0319_0011_0004_0063_0063.jpg 1 11 4 63 63
0320_0027_0021_0064_0064.jpg 1 27 21 64 64
0321_0009_0005_0069_0069.jpg 1 9 5 69 69
0322_0054_0023_0038_0038.jpg 1 54 23 38 38
0323_0042_0040_0046_0046.jpg 1 42 40 46 46
0324_0008_0029_0051_0051.jpg 1 8 29 51 51
0325_0020_0048_0038_0038.jpg 1 20 48 38 38
0326_0052_0036_0032_0032.jpg 1 52 36 32 32
0327_0040_0042_0052_0052.jpg 1 40 42 52 52
0328_0019_0022_0064_0064.jpg 1 19 22 64 64
0329_0012_0010_0041_0041.jpg 1 12 10 41 41
0330_0015_0026_0063_0063.jpg 1 15 26 63 63
0331_0051_0041_0025_0025.jpg 1 51 41 25 25
0332_0016_0037_0047_0047.jpg 1 16 37 47 47
0333_0011_0013_0064_0064.jpg 1 11 13 64 64
0334_0030_0028_0050_0050.jpg 1 30 28 50 50
0335_0026_0030_0059_0059.jpg 1 26 30 59 59
0336_0050_0023_0039_0039.jpg 1 50 23 39 39
0337_0007_0046_0047_0047.jpg 1 7 46 47 47
0338_0029_0040_0042_0042.jpg 1 29 40 42 42
0339_0024_0009_0060_0060.jpg 1 24 9 60 60
0340_0011_0047_0041_0041.jpg 1 11 47 41 41
0341_0029_0044_0033_0033.jpg 1 29 44 33 33
0342_0027_0015_0062_0062.jpg 1 27 15 62 62
0343_0027_0031_0043_0043.jpg 1 27 31 43 43
0344_0021_0018_0069_0069.jpg 1 21 18 69 69
0345_0015_0030_0028_0028.jpg 1 15 30 28 28
0346_0018_0049_0039_0039.jpg 1 18 49 39 39
0347_0029_0028_0058_0058.jpg 1 29 28 58 58
0348_0025_0015_0064_0064.jpg 1 25 15 64 64
0349_0014_0010_0057_0057.jpg 1 14 10 57 57
0350_0043_0048_0041_0041.jpg 1 43 48 41 41
0351_0044_0008_0041_0041.jpg 1 44 8 41 41
0352_0029_0024_0029_0029.jpg 1 29 24 29 29
0353_0015_0027_0055_0055.jpg 1 15 27 55 55
0354_0028_0018_0048_0048.jpg 1 28 18 48 48
0355_0021_0021_0049_0049.jpg 1 21 21 49 49
0356_0028_0031_0036_0036.jpg 1 28 31 36 36
0357_0026_0006_0068_0068.jpg 1 26 6 68 68
0358_0033_0061_0030_0030.jpg 1 33 61 30 30
0359_0048_0041_0025_0025.jpg 1 48 41 25 25
0360_0043_0010_0028_0028.jpg 1 43 10 28 28
0361_0028_0025_0057_0057.jpg 1 28 25 57 57
0362_0037_0039_0028_0028.jpg 1 37 39 28 28
0363_0053_0046_0026_0026.jpg 1 53 46 26 26
0364_0009_0041_0045_0045.jpg 1 9 41 45 45
0365_0025_0014_0067_0067.jpg 1 25 14 67 67
0366_0028_0034_0054_0054.jpg 1 28 34 54 54
0367_0027_0006_0053_0053.jpg 1 27 6 53 53
0368_0005_0007_0063_0063.jpg 1 5 7 63 63
0369_0033_0045_0025_0025.jpg 1 33 45 25 25
0370_0038_0050_0040_0040.jpg 1 38 50 40 40
0371_0003_0005_0068_0068.jpg 1 3 5 68 68
0372_0017_0050_0026_0026.jpg 1 17 50 26 26
0373_0010_0026_0068_0068.jpg 1 10 26 68 68
0374_0037_0029_0053_0053.jpg 1 37 29 53 53
0375_0035_0041_0042_0042.jpg 1 35 41 42 42
0376_0016_0015_0052_0052.jpg 1 16 15 52 52
0377_0027_0008_0062_0062.jpg 1 27 8 62 62
0378_0020_0023_0057_0057.jpg 1 20 23 57 57
0379_0020_0012_0067_0067.jpg 1 20 12 67 67
0380_0028_0021_0043_0043.jpg 1 28 21 43 43
0381_0027_0023_0047_0047.jpg 1 27 23 47 47
0382_0024_0017_0065_0065.jpg 1 24 17 65 65
0383_0027_0049_0042_0042.jpg 1 27 49 42 42
0384_0035_0004_0055_0055.jpg 1 35 4 55 55
0385_0020_0013_0048_0048.jpg 1 20 13 48 48
0386_0025_0026_0050_0050.jpg 1 25 26 50 50
0387_0029_0010_0024_0024.jpg 1 29 10 24 24
0388_0015_0037_0041_0041.jpg 1 15 37 41 41
0389_0016_0042_0036_0036.jpg 1 16 42 36 36
0390_0012_0027_0063_0063.jpg 1 12 27 63 63
0391_0040_0042_0042_0042.jpg 1 40 42 42 42
0392_0032_0016_0061_0061.jpg 1 32 16 61 61
0393_0043_0039_0045_0045.jpg 1 43 39 45 45
0394_0043_0007_0041_0041.jpg 1 43 7 41 41
0395_0066_0011_0025_0025.jpg 1 66 11 25 25
0396_0037_0016_0055_0055.jpg 1 37 16 55 55
0397_0033_0059_0033_0033.jpg 1 33 59 33 33
0398_0015_0025_0039_0039.jpg 1 15 25 39 39
0399_0028_0018_0057_0057.jpg 1 28 18 57 57
0400_0030_0028_0047_0047.jpg 1 30 28 47 47
0401_0055_0043_0037_0037.jpg 1 55 43 37 37
0402_0050_0030_0038_0038.jpg 1 50 30 38 38
0403_0013_0026_0062_0062.jpg 1 13 26 62 62
0404_0015_0019_0062_0062.jpg 1 15 19 62 62
0405_0039_0032_0038_0038.jpg 1 39 32 38 38
0406_0022_0025_0067_0067.jpg 1 22 25 67 67
0407_0008_0050_0033_0033.jpg 1 8 50 33 33
0408_0032_0019_0040_0040.jpg 1 32 19 40 40
0409_0030_0042_0042_0042.jpg 1 30 42 42 42
0410_0035_0016_0057_0057.jpg 1 35 16 57 57
0411_0046_0049_0042_0042.jpg 1 46 49 42 42
0412_0039_0028_0043_0043.jpg 1 39 28 43 43
0413_0006_0015_0062_0062.jpg 1 6 15 62 62
0414_0053_0032_0037_0037.jpg 1 53 32 37 37
0415_0046_0012_0036_0036.jpg 1 46 12 36 36
0416_0043_0041_0049_0049.jpg 1 43 41 49 49
0417_0030_0029_0046_0046.jpg 1 30 29 46 46
0418_0033_0034_0054_0054.jpg 1 33 34 54 54
0419_0009_0025_0066_0066.jpg 1 9 25 66 66
0420_0014_0029_0050_0050.jpg 1 14 29 50 50
0421_0016_0017_0066_0066.jpg 1 16 17 66 66
0422_0030_0058_0028_0028.jpg 1 30 58 28 28
0423_0022_0031_0045_0045.jpg 1 22 31 45 45
0424_0008_0016_0062_0062.jpg 1 8 16 62 62
0425_0035_0035_0060_0060.jpg 1 35 35 60 60
0426_0031_0023_0050_0050.jpg 1 31 23 50 50
0427_0004_0028_0066_0066.jpg 1 4 28 66 66
0428_0049_0036_0024_0024.jpg 1 49 36 24 24
0429_0049_0035_0033_0033.jpg 1 49 35 33 33
0430_0012_0039_0046_0046.jpg 1 12 39 46 46
0431_0057_0026_0024_0024.jpg 1 57 26 24 24
0432_0009_0010_0061_0061.jpg 1 9 10 61 61
0433_0027_0046_0045_0045.jpg 1 27 46 45 45
0434_0025_0027_0047_0047.jpg 1 25 27 47 47
0435_0018_0019_0028_0028.jpg 1 18 19 28 28
0436_0017_0005_0050_0050.jpg 1 17 5 50 50
0437_0020_0013_0041_0041.jpg 1 20 13 41 41
0438_0033_0014_0057_0057.jpg 1 33 14 57 57
0439_0012_0036_0043_0043.jpg 1 12 36 43 43
0440_0013_0008_0039_0039.jpg 1 13 8 39 39
0441_0008_0064_0027_0027.jpg 1 8 64 27 27
0442_0038_0036_0049_0049.jpg 1 38 36 49 49
0443_0010_0010_0060_0060.jpg 1 10 10 60 60
0444_0018_0052_0036_0036.jpg 1 18 52 36 36
0445_0008_0034_0060_0060.jpg 1 8 34 60 60
0446_0013_0020_0060_0060.jpg 1 13 20 60 60
0447_0006_0039_0051_0051.jpg 1 6 39 51 51
0448_0011_0021_0046_0046.jpg 1 11 21 46 46
0449_0039_0047_0033_0033.jpg 1 39 47 33 33
0450_0041_0048_0046_0046.jpg 1 41 48 46 46
0451_0057_0025_0035_0035.jpg 1 57 25 35 35
0452_0024_0018_0042_0042.jpg 1 24 18 42 42
0453_0010_0028_0051_0051.jpg 1 10 28 51 51
0454_0052_0019_0032_0032.jpg 1 52 19 32 32
0455_0011_0029_0053_0053.jpg 1 11 29 53 53
0456_0007_0020_0043_0043.jpg 1 7 20 43 43
0457_0006_0009_0063_0063.jpg 1 6 9 63 63
0458_0017_0017_0069_0069.jpg 1 17 17 69 69
0459_0031_0038_0030_0030.jpg 1 31 38 30 30
0460_0008_0043_0050_0050.jpg 1 8 43 50 50
0461_0035_0044_0027_0027.jpg 1 35 44 27 27
0462_0049_0019_0035_0035.jpg 1 49 19 35 35
0463_0014_0015_0069_0069.jpg 1 14 15 69 69
0464_0023_0020_0060_0060.jpg 1 23 20 60 60
0465_0025_0031_0061_0061.jpg 1 25 31 61 61
0466_0026_0022_0068_0068.jpg 1 26 22 68 68
0467_0039_0031_0034_0034.jpg 1 39 31 34 34
0468_0024_0010_0069_0069.jpg 1 24 10 69 69
0469_0046_0047_0030_0030.jpg 1 46 47 30 30
0470_0028_0016_0059_0059.jpg 1 28 16 59 59
0471_0008_0024_0057_0057.jpg 1 8 24 57 57
0472_0039_0013_0028_0028.jpg 1 39 13 28 28
0473_0015_0012_0066_0066.jpg 1 15 12 66 66
0474_0031_0031_0032_0032.jpg 1 31 31 32 32
0475_0025_0046_0039_0039.jpg 1 25 46 39 39
0476_0041_0046_0043_0043.jpg 1 41 46 43 43
0477_0039_0010_0054_0054.jpg 1 39 10 54 54
0478_0014_0018_0058_0058.jpg 1 14 18 58 58
0479_0016_0035_0045_0045.jpg 1 16 35 45 45
0480_0025_0064_0025_0025.jpg 1 25 64 25 25
0481_0010_0038_0047_0047.jpg 1 10 38 47 47
0482_0020_0044_0044_0044.jpg 1 20 44 44 44
0483_0029_0050_0041_0041.jpg 1 29 50 41 41
0484_0032_0028_0060_0060.jpg 1 32 28 60 60
0485_0066_0056_0024_0024.jpg 1 66 56 24 24
0486_0047_0045_0043_0043.jpg 1 47 45 43 43
0487_0059_0025_0033_0033.jpg 1 59 25 33 33
0488_0034_0014_0054_0054.jpg 1 34 14 54 54
0489_0056_0051_0030_0030.jpg 1 56 51 30 30
0490_0004_0028_0067_0067.jpg 1 4 28 67 67
0491_0009_0006_0052_0052.jpg 1 9 6 52 52
0492_0035_0010_0028_0028.jpg 1 35 10 28 28
0493_0059_0043_0031_0031.jpg 1 59 43 31 31
0494_0025_0022_0062_0062.jpg 1 25 22 62 62
0495_0049_0014_0042_0042.jpg 1 49 14 42 42
0496_0051_0052_0031_0031.jpg 1 51 52 31 31
0497_0046_0025_0026_0026.jpg 1 46 25 26 26
0498_0012_0009_0054_0054.jpg 1 12 9 54 54
0499_0010_0031_0058_0058.jpg 1 10 31 58 58
0500_0049_0029_0036_0036.jpg 1 49 29 36 36
0501_0017_0016_0028_0028.jpg 1 17 16 28 28
0502_0034_0024_0056_0056.jpg 1 34 24 56 56
0503_0018_0008_0027_0027.jpg 1 18 8 27 27
0504_0011_0024_0053_0053.jpg 1 11 24 53 53
0505_0017_0035_0032_0032.jpg 1 17 35 32 32
0506_0012_0014_0048_0048.jpg 1 12 14 48 48
0507_0038_0017_0028_0028.jpg 1 38 17 28 28
0508_0029_0013_0054_0054.jpg 1 29 13 54 54
0509_0012_0013_0069_0069.jpg 1 12 13 69 69
0510_0023_0012_0051_0051.jpg 1 23 12 51 51
0511_0048_0015_0040_0040.jpg 1 48 15 40 40
0512_0017_0036_0052_0052.jpg 1 17 36 52 52
0513_0016_0013_0069_0069.jpg 1 16 13 69 69
0514_0008_0020_0068_0068.jpg 1 8 20 68 68
0515_0020_0017_0029_0029.jpg 1 20 17 29 29
0516_0058_0023_0034_0034.jpg 1 58 23 34 34
0517_0011_0032_0064_0064.jpg 1 11 32 64 64
0518_0043_0048_0043_0043.jpg 1 43 48 43 43
0519_0031_0014_0063_0063.jpg 1 31 14 63 63
0520_0041_0017_0026_0026.jpg 1 41 17 26 26
0521_0036_0016_0051_0051.jpg 1 36 16 51 51
0522_0006_0033_0049_0049.jpg 1 6 33 49 49
0523_0010_0017_0066_0066.jpg 1 10 17 66 66
0524_0038_0044_0028_0028.jpg 1 38 44 28 28
0525_0036_0014_0058_0058.jpg 1 36 14 58 58
0526_0021_0021_0066_0066.jpg 1 21 21 66 66
0527_0018_0026_0055_0055.jpg 1 18 26 55 55
0528_0028_0011_0060_0060.jpg 1 28 11 60 60
0529_0014_0042_0033_0033.jpg 1 14 42 33 33
0530_0037_0032_0057_0057.jpg 1 37 32 57 57
0531_0026_0020_0047_0047.jpg 1 26 20 47 47
0532_0028_0031_0056_0056.jpg 1 28 31 56 56
0533_0028_0053_0024_0024.jpg 1 28 53 24 24
0534_0006_0011_0045_0045.jpg 1 6 11 45 45
0535_0035_0042_0048_0048.jpg 1 35 42 48 48
0536_0041_0033_0052_0052.jpg 1 41 33 52 52
0537_0020_0027_0037_0037.jpg 1 20 27 37 37
0538_0024_0012_0034_0034.jpg 1 24 12 34 34
0539_0008_0027_0050_0050.jpg 1 8 27 50 50
0540_0010_0018_0062_0062.jpg 1 10 18 62 62
0541_0032_0021_0055_0055.jpg 1 32 21 55 55
0542_0054_0043_0037_0037.jpg 1 54 43 37 37
0543_0008_0014_0051_0051.jpg 1 8 14 51 51
0544_0048_0059_0030_0030.jpg 1 48 59 30 30
0545_0040_0047_0041_0041.jpg 1 40 47 41 41
0546_0029_0013_0028_0028.jpg 1 29 13 28 28
0547_0015_0017_0028_0028.jpg 1 15 17 28 28
0548_0033_0021_0057_0057.jpg 1 33 21 57 57
0549_0032_0033_0047_0047.jpg 1 32 33 47 47
0550_0028_0017_0056_0056.jpg 1 28 17 56 56
0551_0012_0041_0040_0040.jpg 1 12 41 40 40
0552_0039_0044_0050_0050.jpg 1 39 44 50 50
0553_0013_0006_0046_0046.jpg 1 13 6 46 46
0554_0034_0020_0061_0061.jpg 1 34 20 61 61
0555_0008_0023_0053_0053.jpg 1 8 23 53 53
0556_0048_0010_0035_0035.jpg 1 48 10 35 35
0557_0033_0018_0045_0045.jpg 1 33 18 45 45
0558_0026_0011_0042_0042.jpg 1 26 11 42 42
0559_0020_0011_0035_0035.jpg 1 20 11 35 35
0560_0018_0059_0033_0033.jpg 1 18 59 33 33
0561_0010_0025_0029_0029.jpg 1 10 25 29 29
0562_0017_0030_0063_0063.jpg 1 17 30 63 63
0563_0028_0036_0055_0055.jpg 1 28 36 55 55
0564_0024_0037_0057_0057.jpg 1 24 37 57 57
0565_0013_0017_0057_0057.jpg 1 13 17 57 57
0566_0017_0027_0066_0066.jpg 1 17 27 66 66
0567_0020_0007_0041_0041.jpg 1 20 7 41 41
0568_0019_0017_0035_0035.jpg 1 19 17 35 35
0569_0034_0021_0051_0051.jpg 1 34 21 51 51
0570_0033_0029_0048_0048.jpg 1 33 29 48 48
0571_0006_0035_0052_0052.jpg 1 6 35 52 52
0572_0015_0057_0025_0025.jpg 1 15 57 25 25
0573_0014_0025_0067_0067.jpg 1 14 25 67 67
0574_0050_0024_0043_0043.jpg 1 50 24 43 43
0575_0029_0020_0031_0031.jpg 1 29 20 31 31
0576_0020_0031_0025_0025.jpg 1 20 31 25 25
0577_0028_0029_0031_0031.jpg 1 28 29 31 31
0578_0042_0014_0048_0048.jpg 1 42 14 48 48
0579_0042_0042_0047_0047.jpg 1 42 42 47 47
0580_0022_0020_0053_0053.jpg 1 22 20 53 53
0581_0032_0065_0025_0025.jpg 1 32 65 25 25
0582_0018_0015_0054_0054.jpg 1 18 15 54 54
0583_0038_0015_0049_0049.jpg 1 38 15 49 49
0584_0044_0013_0039_0039.jpg 1 44 13 39 39
0585_0020_0035_0033_0033.jpg 1 20 35 33 33
0586_0014_0023_0044_0044.jpg 1 14 23 44 44
0587_0011_0023_0058_0058.jpg 1 11 23 58 58
0588_0033_0009_0054_0054.jpg 1 33 9 54 54
0589_0004_0019_0064_0064.jpg 1 4 19 64 64
0590_0036_0030_0029_0029.jpg 1 36 30 29 29
0591_0010_0027_0068_0068.jpg 1 10 27 68 68
0592_0017_0019_0064_0064.jpg 1 17 19 64 64
0593_0007_0016_0043_0043.jpg 1 7 16 43 43
0594_0046_0006_0040_0040.jpg 1 46 6 40 40
0595_0039_0005_0055_0055.jpg 1 39 5 55 55
0596_0033_0012_0061_0061.jpg 1 33 12 61 61
0597_0032_0013_0063_0063.jpg 1 32 13 63 63
0598_0036_0043_0036_0036.jpg 1 36 43 36 36
0599_0031_0043_0038_0038.jpg 1 31 43 38 38
0600_0041_0026_0037_0037.jpg 1 41 26 37 37
0601_0014_0007_0046_0046.jpg 1 14 7 46 46
0602_0054_0015_0034_0034.jpg 1 54 15 34 34
0603_0037_0020_0049_0049.jpg 1 37 20 49 49
0604_0027_0023_0068_0068.jpg 1 27 23 68 68
0605_0041_0016_0044_0044.jpg 1 41 16 44 44
0606_0032_0025_0045_0045.jpg 1 32 25 45 45
0607_0029_0039_0044_0044.jpg 1 29 39 44 44
0608_0047_0034_0034_0034.jpg 1 47 34 34 34
0609_0015_0028_0049_0049.jpg 1 15 28 49 49
0610_0028_0050_0044_0044.jpg 1 28 50 44 44
0611_0024_0029_0040_0040.jpg 1 24 29 40 40
0612_0027_0028_0031_0031.jpg 1 27 28 31 31
0613_0046_0011_0034_0034.jpg 1 46 11 34 34
0614_0021_0024_0051_0051.jpg 1 21 24 51 51
0615_0014_0023_0028_0028.jpg 1 14 23 28 28
0616_0030_0034_0059_0059.jpg 1 30 34 59 59
0617_0019_0026_0068_0068.jpg 1 19 26 68 68
0618_0008_0021_0039_0039.jpg 1 8 21 39 39
0619_0041_0020_0038_0038.jpg 1 41 20 38 38
0620_0019_0035_0031_0031.jpg 1 19 35 31 31
0621_0008_0025_0030_0030.jpg 1 8 25 30 30
0622_0017_0007_0043_0043.jpg 1 17 7 43 43
0623_0048_0012_0037_0037.jpg 1 48 12 37 37
0624_0008_0022_0046_0046.jpg 1 8 22 46 46
0625_0046_0021_0038_0038.jpg 1 46 21 38 38
0626_0027_0016_0062_0062.jpg 1 27 16 62 62
0627_0018_0041_0036_0036.jpg 1 18 41 36 36
0628_0004_0005_0067_0067.jpg 1 4 5 67 67
0629_0049_0034_0026_0026.jpg 1 49 34 26 26
0630_0010_0006_0064_0064.jpg 1 10 6 64 64
0631_0004_0029_0066_0066.jpg 1 4 29 66 66
0632_0048_0006_0035_0035.jpg 1 48 6 35 35
0633_0012_0030_0064_0064.jpg 1 12 30 64 64
0634_0017_0012_0041_0041.jpg 1 17 12 41 41
0635_0014_0007_0069_0069.jpg 1 14 7 69 69
0636_0032_0019_0063_0063.jpg 1 32 19 63 63
0637_0005_0006_0058_0058.jpg 1 5 6 58 58
0638_0011_0008_0066_0066.jpg 1 11 8 66 66
0639_0006_0012_0065_0065.jpg 1 6 12 65 65
0640_0020_0023_0057_0057.jpg 1 20 23 57 57
0641_0023_0029_0049_0049.jpg 1 23 29 49 49
0642_0039_0016_0043_0043.jpg 1 39 16 43 43
0643_0028_0036_0039_0039.jpg 1 28 36 39 39
0644_0004_0010_0068_0068.jpg 1 4 10 68 68
0645_0024_0031_0036_0036.jpg 1 24 31 36 36
0646_0022_0015_0058_0058.jpg 1 22 15 58 58
0647_0007_0020_0062_0062.jpg 1 7 20 62 62
0648_0024_0026_0036_0036.jpg 1 24 26 36 36
0649_0044_0030_0044_0044.jpg 1 44 30 44 44
0650_0060_0031_0031_0031.jpg 1 60 31 31 31
0651_0063_0058_0024_0024.jpg 1 63 58 24 24
0652_0005_0020_0064_0064.jpg 1 5 20 64 64
0653_0024_0029_0051_0051.jpg 1 24 29 51 51
0654_0015_0008_0055_0055.jpg 1 15 8 55 55
0655_0022_0020_0043_0043.jpg 1 22 20 43 43
0656_0025_0030_0050_0050.jpg 1 25 30 50 50
0657_0028_0008_0051_0051.jpg 1 28 8 51 51
0658_0050_0023_0044_0044.jpg 1 50 23 44 44
0659_0028_0032_0056_0056.jpg 1 28 32 56 56
0660_0029_0008_0029_0029.jpg 1 29 8 29 29
0661_0024_0037_0055_0055.jpg 1 24 37 55 55
0662_0024_0016_0068_0068.jpg 1 24 16 68 68
0663_0025_0004_0069_0069.jpg 1 25 4 69 69
0664_0012_0018_0069_0069.jpg 1 12 18 69 69
0665_0032_0005_0064_0064.jpg 1 32 5 64 64
0666_0021_0023_0056_0056.jpg 1 21 23 56 56
0667_0033_0041_0028_0028.jpg 1 33 41 28 28
0668_0048_0037_0039_0039.jpg 1 48 37 39 39
0669_0023_0040_0052_0052.jpg 1 23 40 52 52
0670_0013_0004_0054_0054.jpg 1 13 4 54 54
0671_0021_0049_0026_0026.jpg 1 21 49 26 26
0672_0009_0055_0032_0032.jpg 1 9 55 32 32
0673_0055_0061_0026_0026.jpg 1 55 61 26 26
0674_0041_0046_0028_0028.jpg 1 41 46 28 28
0675_0015_0023_0024_0024.jpg 1 15 23 24 24
0676_0018_0035_0040_0040.jpg 1 18 35 40 40
0677_0026_0011_0057_0057.jpg 1 26 11 57 57
0678_0011_0011_0066_0066.jpg 1 11 11 66 66
0679_0034_0064_0024_0024.jpg 1 34 64 24 24
0680_0009_0066_0025_0025.jpg 1 9 66 25 25
0681_0054_0042_0036_0036.jpg 1 54 42 36 36
0682_0027_0021_0051_0051.jpg 1 27 21 51 51
0683_0012_0012_0066_0066.jpg 1 12 12 66 66
0684_0007_0023_0065_0065.jpg 1 7 23 65 65
0685_0022_0016_0064_0064.jpg 1 22 16 64 64
0686_0041_0019_0025_0025.jpg 1 41 19 25 25
0687_0006_0036_0058_0058.jpg 1 6 36 58 58
0688_0016_0014_0067_0067.jpg 1 16 14 67 67
0689_0025_0059_0025_0025.jpg 1 25 59 25 25
0690_0013_0011_0065_0065.jpg 1 13 11 65 65
0691_0036_0036_0048_0048.jpg 1 36 36 48 48
0692_0023_0044_0043_0043.jpg 1 23 44 43 43
0693_0022_0015_0065_0065.jpg 1 22 15 65 65
0694_0038_0011_0050_0050.jpg 1 38 11 50 50
0695_0045_0048_0038_0038.jpg 1 45 48 38 38
0696_0029_0046_0046_0046.jpg 1 29 46 46 46
0697_0011_0024_0045_0045.jpg 1 11 24 45 45
0698_0022_0027_0057_0057.jpg 1 22 27 57 57
0699_0025_0015_0069_0069.jpg 1 25 15 69 69
0700_0004_0017_0065_0065.jpg 1 4 17 65 65
