0001_0017_0026_0069_0069.jpg 1 17 26 69 69
0002_0028_0027_0058_0058.jpg 1 28 27 58 58
0003_0032_0013_0045_0045.jpg 1 32 13 45 45
0004_0013_0030_0030_0030.jpg 1 13 30 30 30
0005_0022_0016_0050_0050.jpg 1 22 16 50 50
0006_0025_0046_0037_0037.jpg 1 25 46 37 37
0007_0012_0028_0068_0068.jpg 1 12 28 68 68
0008_0049_0046_0027_0027.jpg 1 49 46 27 27
0009_0009_0020_0040_0040.jpg 1 9 20 40 40
0010_0049_0024_0040_0040.jpg 1 49 24 40 40
0011_0039_0035_0053_0053.jpg 1 39 35 53 53
0012_0022_0055_0025_0025.jpg 1 22 55 25 25
0013_0049_0022_0033_0033.jpg 1 49 22 33 33
0014_0031_0012_0056_0056.jpg 1 31 12 56 56
0015_0039_0033_0048_0048.jpg 1 39 33 48 48
0016_0008_0060_0027_0027.jpg 1 8 60 27 27
0017_0024_0017_0045_0045.jpg 1 24 17 45 45
0018_0045_0010_0033_0033.jpg 1 45 10 33 33
0019_0048_0023_0032_0032.jpg 1 48 23 32 32
0020_0033_0027_0032_0032.jpg 1 33 27 32 32
0021_0008_0023_0063_0063.jpg 1 8 23 63 63
0022_0032_0023_0059_0059.jpg 1 32 23 59 59
0023_0031_0009_0060_0060.jpg 1 31 9 60 60
0024_0015_0007_0062_0062.jpg 1 15 7 62 62
0025_0008_0021_0069_0069.jpg 1 8 21 69 69
0026_0046_0037_0046_0046.jpg 1 46 37 46 46
0027_0045_0047_0024_0024.jpg 1 45 47 24 24
0028_0024_0016_0034_0034.jpg 1 24 16 34 34
0029_0021_0044_0040_0040.jpg 1 21 44 40 40
0030_0033_0036_0050_0050.jpg 1 33 36 50 50
0031_0022_0009_0068_0068.jpg 1 22 9 68 68
0032_0012_0006_0067_0067.jpg 1 12 6 67 67
0033_0030_0013_0046_0046.jpg 1 30 13 46 46
0034_0035_0036_0029_0029.jpg 1 35 36 29 29
0035_0040_0048_0044_0044.jpg 1 40 48 44 44
0036_0020_0058_0032_0032.jpg 1 20 58 32 32
0037_0031_0019_0063_0063.jpg 1 31 19 63 63
0038_0029_0029_0044_0044.jpg 1 29 29 44 44
0039_0021_0038_0048_0048.jpg 1 21 38 48 48
0040_0027_0012_0053_0053.jpg 1 27 12 53 53
0041_0048_0030_0032_0032.jpg 1 48 30 32 32
0042_0024_0024_0053_0053.jpg 1 24 24 53 53
0043_0038_0030_0045_0045.jpg 1 38 30 45 45
0044_0022_0011_0066_0066.jpg 1 22 11 66 66
0045_0041_0052_0029_0029.jpg 1 41 52 29 29
0046_0036_0027_0050_0050.jpg 1 36 27 50 50
0047_0024_0025_0061_0061.jpg 1 24 25 61 61
0048_0020_0005_0060_0060.jpg 1 20 5 60 60
0049_0013_0011_0061_0061.jpg 1 13 11 61 61
0050_0023_0052_0027_0027.jpg 1 23 52 27 27
0051_0032_0024_0039_0039.jpg 1 32 24 39 39
0052_0056_0030_0024_0024.jpg 1 56 30 24 24
0053_0015_0030_0060_0060.jpg 1 15 30 60 60
0054_0044_0009_0037_0037.jpg 1 44 9 37 37
0055_0006_0035_0055_0055.jpg 1 6 35 55 55
0056_0020_0019_0055_0055.jpg 1 20 19 55 55
0057_0018_0031_0039_0039.jpg 1 18 31 39 39
0058_0012_0034_0045_0045.jpg 1 12 34 45 45
0059_0020_0006_0037_0037.jpg 1 20 6 37 37
0060_0016_0011_0026_0026.jpg 1 16 11 26 26
0061_0010_0029_0056_0056.jpg 1 10 29 56 56
0062_0020_0032_0055_0055.jpg 1 20 32 55 55
0063_0011_0037_0042_0042.jpg 1 11 37 42 42
0064_0026_0029_0061_0061.jpg 1 26 29 61 61
0065_0027_0010_0062_0062.jpg 1 27 10 62 62
0066_0046_0017_0033_0033.jpg 1 46 17 33 33
0067_0048_0057_0025_0025.jpg 1 48 57 25 25
0068_0013_0009_0064_0064.jpg 1 13 9 64 64
0069_0043_0060_0032_0032.jpg 1 43 60 32 32
0070_0004_0013_0063_0063.jpg 1 4 13 63 63
0071_0051_0017_0037_0037.jpg 1 51 17 37 37
0072_0012_0008_0065_0065.jpg 1 12 8 65 65
0073_0016_0014_0066_0066.jpg 1 16 14 66 66
0074_0026_0031_0050_0050.jpg 1 26 31 50 50
0075_0050_0043_0035_0035.jpg 1 50 43 35 35
0076_0004_0006_0059_0059.jpg 1 4 6 59 59
0077_0007_0027_0053_0053.jpg 1 7 27 53 53
0078_0007_0024_0047_0047.jpg 1 7 24 47 47
0079_0011_0016_0068_0068.jpg 1 11 16 68 68
0080_0043_0006_0048_0048.jpg 1 43 6 48 48
0081_0041_0052_0038_0038.jpg 1 41 52 38 38
0082_0018_0011_0064_0064.jpg 1 18 11 64 64
0083_0018_0012_0054_0054.jpg 1 18 12 54 54
0084_0044_0054_0035_0035.jpg 1 44 54 35 35
0085_0014_0009_0040_0040.jpg 1 14 9 40 40
0086_0025_0019_0033_0033.jpg 1 25 19 33 33
0087_0032_0028_0047_0047.jpg 1 32 28 47 47
0088_0029_0042_0037_0037.jpg 1 29 42 37 37
0089_0022_0026_0032_0032.jpg 1 22 26 32 32
0090_0018_0006_0067_0067.jpg 1 18 6 67 67
0091_0011_0018_0060_0060.jpg 1 11 18 60 60
0092_0031_0017_0064_0064.jpg 1 31 17 64 64
0093_0009_0018_0055_0055.jpg 1 9 18 55 55
0094_0037_0023_0038_0038.jpg 1 37 23 38 38
0095_0037_0033_0045_0045.jpg 1 37 33 45 45
0096_0034_0022_0057_0057.jpg 1 34 22 57 57
0097_0013_0018_0056_0056.jpg 1 13 18 56 56
0098_0021_0008_0046_0046.jpg 1 21 8 46 46
0099_0012_0016_0063_0063.jpg 1 12 16 63 63
0100_0037_0006_0040_0040.jpg 1 37 6 40 40
0101_0014_0010_0045_0045.jpg 1 14 10 45 45
0102_0004_0011_0059_0059.jpg 1 4 11 59 59
0103_0044_0045_0045_0045.jpg 1 44 45 45 45
0104_0044_0025_0050_0050.jpg 1 44 25 50 50
0105_0023_0014_0068_0068.jpg 1 23 14 68 68
0106_0015_0043_0031_0031.jpg 1 15 43 31 31
0107_0012_0004_0068_0068.jpg 1 12 4 68 68
0108_0005_0041_0052_0052.jpg 1 5 41 52 52
0109_0016_0046_0044_0044.jpg 1 16 46 44 44
0110_0005_0026_0068_0068.jpg 1 5 26 68 68
0111_0044_0006_0037_0037.jpg 1 44 6 37 37
0112_0020_0028_0047_0047.jpg 1 20 28 47 47
0113_0027_0011_0065_0065.jpg 1 27 11 65 65
0114_0025_0007_0038_0038.jpg 1 25 7 38 38
0115_0018_0029_0060_0060.jpg 1 18 29 60 60
0116_0049_0020_0035_0035.jpg 1 49 20 35 35
0117_0029_0034_0044_0044.jpg 1 29 34 44 44
0118_0035_0018_0053_0053.jpg 1 35 18 53 53
0119_0046_0042_0028_0028.jpg 1 46 42 28 28
0120_0019_0010_0050_0050.jpg 1 19 10 50 50
0121_0031_0009_0059_0059.jpg 1 31 9 59 59
0122_0035_0042_0035_0035.jpg 1 35 42 35 35
0123_0031_0025_0045_0045.jpg 1 31 25 45 45
0124_0022_0006_0069_0069.jpg 1 22 6 69 69
0125_0023_0020_0030_0030.jpg 1 23 20 30 30
0126_0049_0006_0036_0036.jpg 1 49 6 36 36
0127_0031_0023_0061_0061.jpg 1 31 23 61 61
0128_0033_0031_0057_0057.jpg 1 33 31 57 57
0129_0027_0039_0047_0047.jpg 1 27 39 47 47
0130_0007_0020_0043_0043.jpg 1 7 20 43 43
0131_0036_0011_0036_0036.jpg 1 36 11 36 36
0132_0063_0021_0027_0027.jpg 1 63 21 27 27
0133_0027_0007_0059_0059.jpg 1 27 7 59 59
0134_0016_0029_0055_0055.jpg 1 16 29 55 55
0135_0040_0016_0050_0050.jpg 1 40 16 50 50
0136_0012_0015_0026_0026.jpg 1 12 15 26 26
0137_0010_0008_0060_0060.jpg 1 10 8 60 60
0138_0041_0026_0054_0054.jpg 1 41 26 54 54
0139_0018_0054_0027_0027.jpg 1 18 54 27 27
0140_0007_0016_0052_0052.jpg 1 7 16 52 52
0141_0013_0028_0045_0045.jpg 1 13 28 45 45
0142_0035_0047_0045_0045.jpg 1 35 47 45 45
0143_0034_0008_0046_0046.jpg 1 34 8 46 46
0144_0013_0018_0068_0068.jpg 1 13 18 68 68
0145_0036_0009_0053_0053.jpg 1 36 9 53 53
0146_0025_0033_0049_0049.jpg 1 25 33 49 49
0147_0048_0030_0038_0038.jpg 1 48 30 38 38
0148_0018_0030_0062_0062.jpg 1 18 30 62 62
0149_0039_0009_0042_0042.jpg 1 39 9 42 42
0150_0027_0020_0037_0037.jpg 1 27 20 37 37
0151_0032_0039_0025_0025.jpg 1 32 39 25 25
0152_0019_0018_0042_0042.jpg 1 19 18 42 42
0153_0010_0018_0024_0024.jpg 1 10 18 24 24
0154_0012_0017_0061_0061.jpg 1 12 17 61 61
0155_0041_0016_0048_0048.jpg 1 41 16 48 48
0156_0050_0018_0031_0031.jpg 1 50 18 31 31
0157_0036_0028_0040_0040.jpg 1 36 28 40 40
0158_0041_0010_0049_0049.jpg 1 41 10 49 49
0159_0019_0039_0035_0035.jpg 1 19 39 35 35
0160_0023_0034_0059_0059.jpg 1 23 34 59 59
0161_0024_0016_0044_0044.jpg 1 24 16 44 44
0162_0067_0064_0025_0025.jpg 1 67 64 25 25
0163_0006_0017_0053_0053.jpg 1 6 17 53 53
0164_0007_0055_0033_0033.jpg 1 7 55 33 33
0165_0044_0012_0044_0044.jpg 1 44 12 44 44
0166_0029_0041_0049_0049.jpg 1 29 41 49 49
0167_0016_0005_0058_0058.jpg 1 16 5 58 58
0168_0057_0015_0027_0027.jpg 1 57 15 27 27
0169_0013_0006_0066_0066.jpg 1 13 6 66 66
0170_0013_0042_0045_0045.jpg 1 13 42 45 45
0171_0016_0009_0055_0055.jpg 1 16 9 55 55
0172_0024_0023_0065_0065.jpg 1 24 23 65 65
0173_0024_0012_0066_0066.jpg 1 24 12 66 66
0174_0021_0013_0065_0065.jpg 1 21 13 65 65
0175_0030_0027_0053_0053.jpg 1 30 27 53 53
0176_0004_0016_0057_0057.jpg 1 4 16 57 57
0177_0048_0024_0024_0024.jpg 1 48 24 24 24
0178_0025_0033_0035_0035.jpg 1 25 33 35 35
0179_0004_0018_0061_0061.jpg 1 4 18 61 61
0180_0028_0026_0062_0062.jpg 1 28 26 62 62
0181_0011_0023_0024_0024.jpg 1 11 23 24 24
0182_0033_0013_0051_0051.jpg 1 33 13 51 51
0183_0033_0049_0038_0038.jpg 1 33 49 38 38
0184_0007_0015_0062_0062.jpg 1 7 15 62 62
0185_0021_0011_0065_0065.jpg 1 21 11 65 65
0186_0031_0016_0024_0024.jpg 1 31 16 24 24
0187_0026_0034_0053_0053.jpg 1 26 34 53 53
0188_0007_0019_0035_0035.jpg 1 7 19 35 35
0189_0048_0035_0036_0036.jpg 1 48 35 36 36
0190_0020_0048_0039_0039.jpg 1 20 48 39 39
0191_0054_0035_0039_0039.jpg 1 54 35 39 39
0192_0008_0005_0054_0054.jpg 1 8 5 54 54
0193_0043_0053_0026_0026.jpg 1 43 53 26 26
0194_0042_0048_0029_0029.jpg 1 42 48 29 29
0195_0020_0011_0054_0054.jpg 1 20 11 54 54
0196_0016_0013_0061_0061.jpg 1 16 13 61 61
0197_0034_0014_0046_0046.jpg 1 34 14 46 46
0198_0042_0056_0034_0034.jpg 1 42 56 34 34
0199_0012_0029_0052_0052.jpg 1 12 29 52 52
0200_0028_0009_0065_0065.jpg 1 28 9 65 65
0201_0012_0043_0051_0051.jpg 1 12 43 51 51
0202_0057_0053_0030_0030.jpg 1 57 53 30 30
0203_0011_0016_0032_0032.jpg 1 11 16 32 32
0204_0034_0014_0034_0034.jpg 1 34 14 34 34
0205_0026_0021_0040_0040.jpg 1 26 21 40 40
0206_0049_0021_0031_0031.jpg 1 49 21 31 31
0207_0024_0008_0055_0055.jpg 1 24 8 55 55
0208_0016_0019_0025_0025.jpg 1 16 19 25 25
0209_0022_0024_0060_0060.jpg 1 22 24 60 60
0210_0054_0047_0035_0035.jpg 1 54 47 35 35
0211_0015_0037_0028_0028.jpg 1 15 37 28 28
0212_0027_0039_0033_0033.jpg 1 27 39 33 33
0213_0034_0024_0037_0037.jpg 1 34 24 37 37
0214_0062_0021_0027_0027.jpg 1 62 21 27 27
0215_0023_0040_0033_0033.jpg 1 23 40 33 33
0216_0021_0017_0060_0060.jpg 1 21 17 60 60
0217_0024_0026_0069_0069.jpg 1 24 26 69 69
0218_0010_0010_0068_0068.jpg 1 10 10 68 68
0219_0013_0029_0059_0059.jpg 1 13 29 59 59
0220_0033_0006_0054_0054.jpg 1 33 6 54 54
0221_0025_0031_0052_0052.jpg 1 25 31 52 52
0222_0030_0047_0032_0032.jpg 1 30 47 32 32
0223_0023_0018_0050_0050.jpg 1 23 18 50 50
0224_0007_0013_0060_0060.jpg 1 7 13 60 60
0225_0030_0016_0045_0045.jpg 1 30 16 45 45
0226_0015_0053_0038_0038.jpg 1 15 53 38 38
0227_0018_0026_0031_0031.jpg 1 18 26 31 31
0228_0040_0025_0043_0043.jpg 1 40 25 43 43
0229_0005_0045_0049_0049.jpg 1 5 45 49 49
0230_0006_0010_0057_0057.jpg 1 6 10 57 57
0231_0023_0023_0058_0058.jpg 1 23 23 58 58
0232_0045_0012_0046_0046.jpg 1 45 12 46 46
0233_0040_0025_0055_0055.jpg 1 40 25 55 55
0234_0010_0016_0032_0032.jpg 1 10 16 32 32
0235_0046_0054_0030_0030.jpg 1 46 54 30 30
0236_0012_0023_0065_0065.jpg 1 12 23 65 65
0237_0027_0007_0064_0064.jpg 1 27 7 64 64
0238_0023_0060_0026_0026.jpg 1 23 60 26 26
0239_0029_0015_0055_0055.jpg 1 29 15 55 55
0240_0032_0033_0062_0062.jpg 1 32 33 62 62
0241_0061_0009_0029_0029.jpg 1 61 9 29 29
0242_0036_0012_0057_0057.jpg 1 36 12 57 57
0243_0029_0014_0066_0066.jpg 1 29 14 66 66
0244_0043_0016_0046_0046.jpg 1 43 16 46 46
0245_0019_0028_0063_0063.jpg 1 19 28 63 63
0246_0032_0032_0033_0033.jpg 1 32 32 33 33
0247_0042_0034_0039_0039.jpg 1 42 34 39 39
0248_0026_0017_0050_0050.jpg 1 26 17 50 50
0249_0031_0025_0059_0059.jpg 1 31 25 59 59
0250_0031_0008_0038_0038.jpg 1 31 8 38 38
0251_0016_0021_0058_0058.jpg 1 16 21 58 58
0252_0027_0014_0065_0065.jpg 1 27 14 65 65
0253_0045_0028_0044_0044.jpg 1 45 28 44 44
0254_0029_0043_0048_0048.jpg 1 29 43 48 48
0255_0007_0007_0061_0061.jpg 1 7 7 61 61
0256_0020_0030_0047_0047.jpg 1 20 30 47 47
0257_0007_0014_0031_0031.jpg 1 7 14 31 31
0258_0018_0015_0033_0033.jpg 1 18 15 33 33
0259_0042_0026_0047_0047.jpg 1 42 26 47 47
0260_0034_0017_0057_0057.jpg 1 34 17 57 57
0261_0004_0007_0060_0060.jpg 1 4 7 60 60
0262_0022_0016_0058_0058.jpg 1 22 16 58 58
0263_0017_0039_0052_0052.jpg 1 17 39 52 52
0264_0010_0028_0027_0027.jpg 1 10 28 27 27
0265_0009_0034_0061_0061.jpg 1 9 34 61 61
0266_0045_0044_0048_0048.jpg 1 45 44 48 48
0267_0054_0050_0037_0037.jpg 1 54 50 37 37
0268_0037_0047_0041_0041.jpg 1 37 47 41 41
0269_0032_0034_0053_0053.jpg 1 32 34 53 53
0270_0041_0008_0038_0038.jpg 1 41 8 38 38
0271_0042_0026_0045_0045.jpg 1 42 26 45 45
0272_0014_0051_0032_0032.jpg 1 14 51 32 32
0273_0035_0031_0046_0046.jpg 1 35 31 46 46
0274_0023_0011_0059_0059.jpg 1 23 11 59 59
0275_0017_0014_0031_0031.jpg 1 17 14 31 31
0276_0048_0041_0034_0034.jpg 1 48 41 34 34
0277_0018_0019_0034_0034.jpg 1 18 19 34 34
0278_0017_0033_0047_0047.jpg 1 17 33 47 47
0279_0046_0008_0033_0033.jpg 1 46 8 33 33
0280_0033_0010_0039_0039.jpg 1 33 10 39 39
0281_0036_0033_0039_0039.jpg 1 36 33 39 39
0282_0027_0012_0047_0047.jpg 1 27 12 47 47
0283_0017_0011_0060_0060.jpg 1 17 11 60 60
0284_0051_0009_0031_0031.jpg 1 51 9 31 31
0285_0044_0044_0034_0034.jpg 1 44 44 34 34
0286_0021_0025_0065_0065.jpg 1 21 25 65 65
0287_0014_0014_0037_0037.jpg 1 14 14 37 37
0288_0039_0010_0056_0056.jpg 1 39 10 56 56
0289_0049_0025_0025_0025.jpg 1 49 25 25 25
0290_0019_0024_0068_0068.jpg 1 19 24 68 68
0291_0022_0036_0049_0049.jpg 1 22 36 49 49
0292_0013_0012_0068_0068.jpg 1 13 12 68 68
0293_0047_0037_0038_0038.jpg 1 47 37 38 38
0294_0035_0012_0044_0044.jpg 1 35 12 44 44
0295_0003_0007_0067_0067.jpg 1 3 7 67 67
0296_0029_0015_0045_0045.jpg 1 29 15 45 45
0297_0050_0065_0025_0025.jpg 1 50 65 25 25
0298_0010_0010_0061_0061.jpg 1 10 10 61 61
0299_0025_0051_0039_0039.jpg 1 25 51 39 39
0300_0019_0028_0052_0052.jpg 1 19 28 52 52
0301_0020_0011_0048_0048.jpg 1 20 11 48 48
0302_0007_0031_0036_0036.jpg 1 7 31 36 36
0303_0006_0036_0041_0041.jpg 1 6 36 41 41
0304_0005_0028_0049_0049.jpg 1 5 28 49 49
0305_0024_0013_0046_0046.jpg 1 24 13 46 46
0306_0008_0031_0025_0025.jpg 1 8 31 25 25
0307_0023_0015_0064_0064.jpg 1 23 15 64 64
0308_0031_0038_0045_0045.jpg 1 31 38 45 45
0309_0053_0063_0024_0024.jpg 1 53 63 24 24
0310_0037_0040_0037_0037.jpg 1 37 40 37 37
0311_0010_0029_0040_0040.jpg 1 10 29 40 40
0312_0007_0010_0059_0059.jpg 1 7 10 59 59
0313_0020_0026_0059_0059.jpg 1 20 26 59 59
0314_0018_0035_0057_0057.jpg 1 18 35 57 57
0315_0021_0024_0033_0033.jpg 1 21 24 33 33
0316_0058_0023_0028_0028.jpg 1 58 23 28 28
0317_0016_0027_0030_0030.jpg 1 16 27 30 30
0318_0005_0015_0067_0067.jpg 1 5 15 67 67
0319_0020_0014_0067_0067.jpg 1 20 14 67 67
0320_0005_0006_0058_0058.jpg 1 5 6 58 58
0321_0010_0023_0058_0058.jpg 1 10 23 58 58
0322_0008_0015_0051_0051.jpg 1 8 15 51 51
0323_0010_0036_0054_0054.jpg 1 10 36 54 54
0324_0012_0031_0061_0061.jpg 1 12 31 61 61
0325_0019_0017_0049_0049.jpg 1 19 17 49 49
0326_0024_0013_0061_0061.jpg 1 24 13 61 61
0327_0041_0048_0028_0028.jpg 1 41 48 28 28
0328_0060_0010_0032_0032.jpg 1 60 10 32 32
0329_0024_0043_0048_0048.jpg 1 24 43 48 48
0330_0037_0014_0050_0050.jpg 1 37 14 50 50
0331_0012_0027_0035_0035.jpg 1 12 27 35 35
0332_0037_0040_0055_0055.jpg 1 37 40 55 55
0333_0029_0005_0055_0055.jpg 1 29 5 55 55
0334_0011_0013_0052_0052.jpg 1 11 13 52 52
0335_0034_0040_0048_0048.jpg 1 34 40 48 48
0336_0046_0032_0047_0047.jpg 1 46 32 47 47
0337_0007_0048_0040_0040.jpg 1 7 48 40 40
0338_0012_0029_0062_0062.jpg 1 12 29 62 62
0339_0034_0018_0056_0056.jpg 1 34 18 56 56
0340_0007_0045_0033_0033.jpg 1 7 45 33 33
0341_0036_0024_0036_0036.jpg 1 36 24 36 36
0342_0038_0040_0026_0026.jpg 1 38 40 26 26
0343_0049_0025_0027_0027.jpg 1 49 25 27 27
0344_0020_0036_0058_0058.jpg 1 20 36 58 58
0345_0060_0047_0026_0026.jpg 1 60 47 26 26
0346_0020_0015_0062_0062.jpg 1 20 15 62 62
0347_0039_0010_0043_0043.jpg 1 39 10 43 43
0348_0046_0025_0042_0042.jpg 1 46 25 42 42
0349_0027_0011_0053_0053.jpg 1 27 11 53 53
0350_0041_0027_0028_0028.jpg 1 41 27 28 28
0351_0040_0017_0049_0049.jpg 1 40 17 49 49
0352_0027_0040_0040_0040.jpg 1 27 40 40 40
0353_0043_0005_0046_0046.jpg 1 43 5 46 46
0354_0025_0015_0046_0046.jpg 1 25 15 46 46
0355_0013_0032_0035_0035.jpg 1 13 32 35 35
0356_0019_0032_0055_0055.jpg 1 19 32 55 55
0357_0033_0025_0060_0060.jpg 1 33 25 60 60
0358_0014_0009_0069_0069.jpg 1 14 9 69 69
0359_0029_0054_0037_0037.jpg 1 29 54 37 37
0360_0029_0032_0051_0051.jpg 1 29 32 51 51
0361_0013_0029_0025_0025.jpg 1 13 29 25 25
0362_0023_0029_0043_0043.jpg 1 23 29 43 43
0363_0015_0014_0066_0066.jpg 1 15 14 66 66
0364_0044_0015_0049_0049.jpg 1 44 15 49 49
0365_0030_0056_0024_0024.jpg 1 30 56 24 24
0366_0006_0010_0053_0053.jpg 1 6 10 53 53
0367_0061_0030_0026_0026.jpg 1 61 30 26 26
0368_0056_0029_0034_0034.jpg 1 56 29 34 34
0369_0010_0022_0043_0043.jpg 1 10 22 43 43
0370_0045_0040_0046_0046.jpg 1 45 40 46 46
0371_0017_0029_0028_0028.jpg 1 17 29 28 28
0372_0063_0035_0028_0028.jpg 1 63 35 28 28
0373_0024_0021_0044_0044.jpg 1 24 21 44 44
0374_0040_0041_0052_0052.jpg 1 40 41 52 52
0375_0015_0028_0055_0055.jpg 1 15 28 55 55
0376_0021_0041_0052_0052.jpg 1 21 41 52 52
0377_0021_0033_0049_0049.jpg 1 21 33 49 49
0378_0021_0017_0036_0036.jpg 1 21 17 36 36
0379_0038_0017_0035_0035.jpg 1 38 17 35 35
0380_0021_0028_0048_0048.jpg 1 21 28 48 48
0381_0019_0063_0028_0028.jpg 1 19 63 28 28
0382_0063_0016_0025_0025.jpg 1 63 16 25 25
0383_0045_0026_0047_0047.jpg 1 45 26 47 47
0384_0027_0005_0065_0065.jpg 1 27 5 65 65
0385_0027_0047_0032_0032.jpg 1 27 47 32 32
0386_0032_0008_0055_0055.jpg 1 32 8 55 55
0387_0045_0021_0033_0033.jpg 1 45 21 33 33
0388_0049_0029_0025_0025.jpg 1 49 29 25 25
0389_0014_0052_0034_0034.jpg 1 14 52 34 34
0390_0018_0036_0056_0056.jpg 1 18 36 56 56
0391_0033_0020_0053_0053.jpg 1 33 20 53 53
0392_0009_0030_0045_0045.jpg 1 9 30 45 45
0393_0012_0013_0064_0064.jpg 1 12 13 64 64
0394_0029_0015_0047_0047.jpg 1 29 15 47 47
0395_0004_0024_0062_0062.jpg 1 4 24 62 62
0396_0010_0058_0029_0029.jpg 1 10 58 29 29
0397_0047_0008_0034_0034.jpg 1 47 8 34 34
0398_0032_0012_0052_0052.jpg 1 32 12 52 52
0399_0011_0019_0064_0064.jpg 1 11 19 64 64
0400_0034_0028_0049_0049.jpg 1 34 28 49 49
0401_0062_0021_0029_0029.jpg 1 62 21 29 29
0402_0006_0029_0043_0043.jpg 1 6 29 43 43
0403_0006_0006_0057_0057.jpg 1 6 6 57 57
0404_0009_0050_0029_0029.jpg 1 9 50 29 29
0405_0003_0011_0067_0067.jpg 1 3 11 67 67
0406_0030_0023_0051_0051.jpg 1 30 23 51 51
0407_0015_0049_0030_0030.jpg 1 15 49 30 30
0408_0021_0032_0040_0040.jpg 1 21 32 40 40
0409_0023_0023_0054_0054.jpg 1 23 23 54 54
0410_0047_0049_0044_0044.jpg 1 47 49 44 44
0411_0015_0024_0056_0056.jpg 1 15 24 56 56
0412_0008_0024_0065_0065.jpg 1 8 24 65 65
0413_0020_0035_0025_0025.jpg 1 20 35 25 25
0414_0032_0036_0037_0037.jpg 1 32 36 37 37
0415_0024_0006_0065_0065.jpg 1 24 6 65 65
0416_0013_0026_0043_0043.jpg 1 13 26 43 43
0417_0005_0005_0057_0057.jpg 1 5 5 57 57
0418_0008_0019_0047_0047.jpg 1 8 19 47 47
0419_0040_0023_0050_0050.jpg 1 40 23 50 50
0420_0005_0022_0047_0047.jpg 1 5 22 47 47
0421_0022_0022_0054_0054.jpg 1 22 22 54 54
0422_0048_0014_0033_0033.jpg 1 48 14 33 33
0423_0061_0049_0025_0025.jpg 1 61 49 25 25
0424_0023_0025_0066_0066.jpg 1 23 25 66 66
0425_0051_0034_0038_0038.jpg 1 51 34 38 38
0426_0023_0025_0033_0033.jpg 1 23 25 33 33
0427_0051_0009_0028_0028.jpg 1 51 9 28 28
0428_0029_0007_0058_0058.jpg 1 29 7 58 58
0429_0030_0025_0050_0050.jpg 1 30 25 50 50
0430_0027_0060_0028_0028.jpg 1 27 60 28 28
0431_0015_0023_0061_0061.jpg 1 15 23 61 61
0432_0019_0025_0061_0061.jpg 1 19 25 61 61
0433_0017_0027_0051_0051.jpg 1 17 27 51 51
0434_0059_0017_0026_0026.jpg 1 59 17 26 26
0435_0006_0006_0056_0056.jpg 1 6 6 56 56
0436_0028_0045_0046_0046.jpg 1 28 45 46 46
0437_0056_0008_0032_0032.jpg 1 56 8 32 32
0438_0014_0047_0036_0036.jpg 1 14 47 36 36
0439_0006_0014_0044_0044.jpg 1 6 14 44 44
0440_0025_0027_0047_0047.jpg 1 25 27 47 47
0441_0015_0045_0027_0027.jpg 1 15 45 27 27
0442_0024_0012_0063_0063.jpg 1 24 12 63 63
0443_0013_0008_0041_0041.jpg 1 13 8 41 41
0444_0007_0024_0042_0042.jpg 1 7 24 42 42
0445_0021_0012_0056_0056.jpg 1 21 12 56 56
0446_0058_0029_0029_0029.jpg 1 58 29 29 29
0447_0012_0044_0047_0047.jpg 1 12 44 47 47
0448_0011_0019_0041_0041.jpg 1 11 19 41 41
0449_0055_0040_0038_0038.jpg 1 55 40 38 38
0450_0030_0026_0060_0060.jpg 1 30 26 60 60
0451_0046_0053_0028_0028.jpg 1 46 53 28 28
0452_0009_0028_0037_0037.jpg 1 9 28 37 37
0453_0020_0008_0066_0066.jpg 1 20 8 66 66
0454_0020_0019_0064_0064.jpg 1 20 19 64 64
0455_0021_0039_0051_0051.jpg 1 21 39 51 51
0456_0038_0030_0056_0056.jpg 1 38 30 56 56
0457_0011_0041_0025_0025.jpg 1 11 41 25 25
0458_0039_0019_0055_0055.jpg 1 39 19 55 55
0459_0005_0022_0048_0048.jpg 1 5 22 48 48
0460_0009_0027_0056_0056.jpg 1 9 27 56 56
0461_0010_0058_0027_0027.jpg 1 10 58 27 27
0462_0012_0020_0042_0042.jpg 1 12 20 42 42
0463_0029_0019_0048_0048.jpg 1 29 19 48 48
0464_0049_0051_0031_0031.jpg 1 49 51 31 31
0465_0039_0014_0028_0028.jpg 1 39 14 28 28
0466_0024_0009_0067_0067.jpg 1 24 9 67 67
0467_0037_0032_0038_0038.jpg 1 37 32 38 38
0468_0031_0015_0034_0034.jpg 1 31 15 34 34
0469_0052_0062_0030_0030.jpg 1 52 62 30 30
0470_0008_0017_0069_0069.jpg 1 8 17 69 69
0471_0020_0024_0046_0046.jpg 1 20 24 46 46
0472_0026_0012_0045_0045.jpg 1 26 12 45 45
0473_0032_0027_0064_0064.jpg 1 32 27 64 64
0474_0023_0035_0048_0048.jpg 1 23 35 48 48
0475_0013_0039_0026_0026.jpg 1 13 39 26 26
0476_0026_0020_0046_0046.jpg 1 26 20 46 46
0477_0042_0040_0037_0037.jpg 1 42 40 37 37
0478_0018_0027_0061_0061.jpg 1 18 27 61 61
0479_0038_0030_0027_0027.jpg 1 38 30 27 27
0480_0026_0022_0053_0053.jpg 1 26 22 53 53
0481_0010_0053_0028_0028.jpg 1 10 53 28 28
0482_0020_0034_0061_0061.jpg 1 20 34 61 61
0483_0044_0042_0050_0050.jpg 1 44 42 50 50
0484_0056_0009_0034_0034.jpg 1 56 9 34 34
0485_0023_0032_0062_0062.jpg 1 23 32 62 62
0486_0014_0048_0046_0046.jpg 1 14 48 46 46
0487_0016_0021_0061_0061.jpg 1 16 21 61 61
0488_0007_0010_0063_0063.jpg 1 7 10 63 63
0489_0025_0012_0062_0062.jpg 1 25 12 62 62
0490_0010_0049_0026_0026.jpg 1 10 49 26 26
0491_0026_0013_0059_0059.jpg 1 26 13 59 59
0492_0036_0005_0058_0058.jpg 1 36 5 58 58
0493_0017_0025_0038_0038.jpg 1 17 25 38 38
0494_0040_0064_0026_0026.jpg 1 40 64 26 26
0495_0019_0024_0067_0067.jpg 1 19 24 67 67
0496_0033_0028_0034_0034.jpg 1 33 28 34 34
0497_0033_0042_0041_0041.jpg 1 33 42 41 41
0498_0022_0020_0037_0037.jpg 1 22 20 37 37
0499_0048_0036_0046_0046.jpg 1 48 36 46 46
0500_0047_0016_0046_0046.jpg 1 47 16 46 46
0501_0038_0018_0055_0055.jpg 1 38 18 55 55
0502_0045_0063_0027_0027.jpg 1 45 63 27 27
0503_0012_0040_0033_0033.jpg 1 12 40 33 33
0504_0053_0035_0040_0040.jpg 1 53 35 40 40
0505_0004_0034_0061_0061.jpg 1 4 34 61 61
0506_0027_0007_0065_0065.jpg 1 27 7 65 65
0507_0029_0034_0055_0055.jpg 1 29 34 55 55
0508_0048_0056_0024_0024.jpg 1 48 56 24 24
0509_0040_0017_0043_0043.jpg 1 40 17 43 43
0510_0040_0030_0045_0045.jpg 1 40 30 45 45
0511_0018_0037_0058_0058.jpg 1 18 37 58 58
0512_0032_0018_0051_0051.jpg 1 32 18 51 51
0513_0023_0061_0024_0024.jpg 1 23 61 24 24
0514_0019_0024_0063_0063.jpg 1 19 24 63 63
0515_0024_0020_0068_0068.jpg 1 24 20 68 68
0516_0015_0021_0025_0025.jpg 1 15 21 25 25
0517_0015_0027_0056_0056.jpg 1 15 27 56 56
0518_0012_0031_0064_0064.jpg 1 12 31 64 64
0519_0015_0027_0068_0068.jpg 1 15 27 68 68
0520_0034_0031_0051_0051.jpg 1 34 31 51 51
0521_0041_0007_0045_0045.jpg 1 41 7 45 45
0522_0016_0021_0067_0067.jpg 1 16 21 67 67
0523_0012_0027_0036_0036.jpg 1 12 27 36 36
0524_0012_0012_0057_0057.jpg 1 12 12 57 57
0525_0010_0015_0068_0068.jpg 1 10 15 68 68
0526_0010_0012_0064_0064.jpg 1 10 12 64 64
0527_0012_0028_0052_0052.jpg 1 12 28 52 52
0528_0020_0020_0035_0035.jpg 1 20 20 35 35
0529_0039_0054_0028_0028.jpg 1 39 54 28 28
0530_0005_0012_0062_0062.jpg 1 5 12 62 62
0531_0045_0029_0034_0034.jpg 1 45 29 34 34
0532_0020_0024_0058_0058.jpg 1 20 24 58 58
0533_0033_0014_0037_0037.jpg 1 33 14 37 37
0534_0024_0023_0060_0060.jpg 1 24 23 60 60
0535_0025_0025_0069_0069.jpg 1 25 25 69 69
0536_0021_0012_0028_0028.jpg 1 21 12 28 28
0537_0009_0021_0025_0025.jpg 1 9 21 25 25
0538_0054_0032_0034_0034.jpg 1 54 32 34 34
0539_0029_0023_0042_0042.jpg 1 29 23 42 42
0540_0008_0016_0069_0069.jpg 1 8 16 69 69
0541_0015_0027_0042_0042.jpg 1 15 27 42 42
0542_0020_0014_0061_0061.jpg 1 20 14 61 61
0543_0035_0015_0052_0052.jpg 1 35 15 52 52
0544_0009_0026_0042_0042.jpg 1 9 26 42 42
0545_0007_0019_0056_0056.jpg 1 7 19 56 56
0546_0030_0031_0030_0030.jpg 1 30 31 30 30
0547_0005_0009_0067_0067.jpg 1 5 9 67 67
0548_0027_0038_0047_0047.jpg 1 27 38 47 47
0549_0009_0017_0050_0050.jpg 1 9 17 50 50
0550_0035_0044_0045_0045.jpg 1 35 44 45 45
0551_0018_0030_0061_0061.jpg 1 18 30 61 61
0552_0048_0013_0031_0031.jpg 1 48 13 31 31
0553_0024_0022_0055_0055.jpg 1 24 22 55 55
0554_0056_0020_0027_0027.jpg 1 56 20 27 27
0555_0046_0029_0047_0047.jpg 1 46 29 47 47
0556_0043_0033_0042_0042.jpg 1 43 33 42 42
0557_0053_0015_0040_0040.jpg 1 53 15 40 40
0558_0028_0007_0056_0056.jpg 1 28 7 56 56
0559_0033_0015_0060_0060.jpg 1 33 15 60 60
0560_0005_0028_0067_0067.jpg 1 5 28 67 67
0561_0051_0028_0037_0037.jpg 1 51 28 37 37
0562_0024_0038_0028_0028.jpg 1 24 38 28 28
0563_0040_0008_0036_0036.jpg 1 40 8 36 36
0564_0020_0029_0061_0061.jpg 1 20 29 61 61
0565_0034_0020_0059_0059.jpg 1 34 20 59 59
0566_0008_0013_0038_0038.jpg 1 8 13 38 38
0567_0024_0020_0031_0031.jpg 1 24 20 31 31
0568_0013_0014_0044_0044.jpg 1 13 14 44 44
0569_0014_0020_0067_0067.jpg 1 14 20 67 67
0570_0033_0039_0039_0039.jpg 1 33 39 39 39
0571_0061_0022_0024_0024.jpg 1 61 22 24 24
0572_0025_0013_0028_0028.jpg 1 25 13 28 28
0573_0021_0009_0053_0053.jpg 1 21 9 53 53
0574_0028_0010_0065_0065.jpg 1 28 10 65 65
0575_0011_0024_0039_0039.jpg 1 11 24 39 39
0576_0034_0040_0040_0040.jpg 1 34 40 40 40
0577_0028_0006_0053_0053.jpg 1 28 6 53 53
0578_0025_0006_0063_0063.jpg 1 25 6 63 63
0579_0026_0014_0055_0055.jpg 1 26 14 55 55
0580_0040_0019_0043_0043.jpg 1 40 19 43 43
0581_0026_0020_0051_0051.jpg 1 26 20 51 51
0582_0011_0028_0065_0065.jpg 1 11 28 65 65
0583_0033_0020_0054_0054.jpg 1 33 20 54 54
0584_0054_0037_0026_0026.jpg 1 54 37 26 26
0585_0003_0027_0067_0067.jpg 1 3 27 67 67
0586_0017_0006_0052_0052.jpg 1 17 6 52 52
0587_0018_0017_0055_0055.jpg 1 18 17 55 55
0588_0033_0020_0061_0061.jpg 1 33 20 61 61
0589_0021_0011_0061_0061.jpg 1 21 11 61 61
0590_0017_0041_0043_0043.jpg 1 17 41 43 43
0591_0007_0006_0048_0048.jpg 1 7 6 48 48
0592_0033_0010_0056_0056.jpg 1 33 10 56 56
0593_0047_0019_0036_0036.jpg 1 47 19 36 36
0594_0041_0046_0044_0044.jpg 1 41 46 44 44
0595_0004_0026_0066_0066.jpg 1 4 26 66 66
0596_0048_0025_0034_0034.jpg 1 48 25 34 34
0597_0017_0038_0051_0051.jpg 1 17 38 51 51
0598_0038_0041_0028_0028.jpg 1 38 41 28 28
0599_0052_0022_0026_0026.jpg 1 52 22 26 26
0600_0021_0015_0067_0067.jpg 1 21 15 67 67
0601_0016_0020_0063_0063.jpg 1 16 20 63 63
0602_0027_0034_0034_0034.jpg 1 27 34 34 34
0603_0014_0030_0028_0028.jpg 1 14 30 28 28
0604_0037_0033_0033_0033.jpg 1 37 33 33 33
0605_0033_0048_0024_0024.jpg 1 33 48 24 24
0606_0005_0009_0055_0055.jpg 1 5 9 55 55
0607_0035_0011_0060_0060.jpg 1 35 11 60 60
0608_0045_0048_0035_0035.jpg 1 45 48 35 35
0609_0023_0007_0060_0060.jpg 1 23 7 60 60
0610_0008_0039_0035_0035.jpg 1 8 39 35 35
0611_0053_0015_0039_0039.jpg 1 53 15 39 39
0612_0008_0038_0050_0050.jpg 1 8 38 50 50
0613_0034_0014_0052_0052.jpg 1 34 14 52 52
0614_0035_0011_0051_0051.jpg 1 35 11 51 51
0615_0014_0030_0035_0035.jpg 1 14 30 35 35
0616_0034_0043_0050_0050.jpg 1 34 43 50 50
0617_0021_0049_0036_0036.jpg 1 21 49 36 36
0618_0015_0007_0040_0040.jpg 1 15 7 40 40
0619_0055_0056_0031_0031.jpg 1 55 56 31 31
0620_0052_0014_0039_0039.jpg 1 52 14 39 39
0621_0012_0012_0050_0050.jpg 1 12 12 50 50
0622_0032_0020_0043_0043.jpg 1 32 20 43 43
0623_0021_0023_0058_0058.jpg 1 21 23 58 58
0624_0027_0038_0046_0046.jpg 1 27 38 46 46
0625_0015_0011_0064_0064.jpg 1 15 11 64 64
0626_0007_0034_0047_0047.jpg 1 7 34 47 47
0627_0055_0031_0029_0029.jpg 1 55 31 29 29
0628_0047_0024_0046_0046.jpg 1 47 24 46 46
0629_0053_0044_0032_0032.jpg 1 53 44 32 32
0630_0009_0008_0041_0041.jpg 1 9 8 41 41
0631_0032_0011_0060_0060.jpg 1 32 11 60 60
0632_0019_0022_0055_0055.jpg 1 19 22 55 55
0633_0039_0006_0056_0056.jpg 1 39 6 56 56
0634_0011_0028_0066_0066.jpg 1 11 28 66 66
0635_0026_0025_0029_0029.jpg 1 26 25 29 29
0636_0013_0005_0053_0053.jpg 1 13 5 53 53
0637_0009_0008_0062_0062.jpg 1 9 8 62 62
0638_0009_0032_0038_0038.jpg 1 9 32 38 38
0639_0035_0025_0058_0058.jpg 1 35 25 58 58
0640_0029_0036_0049_0049.jpg 1 29 36 49 49
0641_0025_0010_0069_0069.jpg 1 25 10 69 69
0642_0017_0025_0062_0062.jpg 1 17 25 62 62
0643_0049_0043_0041_0041.jpg 1 49 43 41 41
0644_0044_0027_0041_0041.jpg 1 44 27 41 41
0645_0026_0010_0062_0062.jpg 1 26 10 62 62
0646_0024_0014_0069_0069.jpg 1 24 14 69 69
0647_0036_0036_0026_0026.jpg 1 36 36 26 26
0648_0026_0037_0037_0037.jpg 1 26 37 37 37
0649_0048_0048_0046_0046.jpg 1 48 48 46 46
0650_0004_0025_0064_0064.jpg 1 4 25 64 64
0651_0019_0046_0036_0036.jpg 1 19 46 36 36
0652_0054_0030_0034_0034.jpg 1 54 30 34 34
0653_0011_0020_0067_0067.jpg 1 11 20 67 67
0654_0022_0032_0036_0036.jpg 1 22 32 36 36
0655_0026_0027_0028_0028.jpg 1 26 27 28 28
0656_0009_0021_0026_0026.jpg 1 9 21 26 26
0657_0028_0058_0032_0032.jpg 1 28 58 32 32
0658_0024_0024_0059_0059.jpg 1 24 24 59 59
0659_0047_0009_0030_0030.jpg 1 47 9 30 30
0660_0007_0017_0034_0034.jpg 1 7 17 34 34
0661_0017_0005_0048_0048.jpg 1 17 5 48 48
0662_0053_0046_0034_0034.jpg 1 53 46 34 34
0663_0035_0010_0038_0038.jpg 1 35 10 38 38
0664_0026_0023_0052_0052.jpg 1 26 23 52 52
0665_0030_0034_0061_0061.jpg 1 30 34 61 61
0666_0004_0031_0058_0058.jpg 1 4 31 58 58
0667_0021_0020_0067_0067.jpg 1 21 20 67 67
0668_0009_0057_0036_0036.jpg 1 9 57 36 36
0669_0017_0008_0069_0069.jpg 1 17 8 69 69
0670_0049_0030_0025_0025.jpg 1 49 30 25 25
0671_0009_0015_0069_0069.jpg 1 9 15 69 69
0672_0046_0037_0042_0042.jpg 1 46 37 42 42
0673_0015_0007_0063_0063.jpg 1 15 7 63 63
0674_0029_0033_0057_0057.jpg 1 29 33 57 57
0675_0022_0027_0061_0061.jpg 1 22 27 61 61
0676_0017_0041_0052_0052.jpg 1 17 41 52 52
0677_0021_0011_0034_0034.jpg 1 21 11 34 34
0678_0040_0011_0032_0032.jpg 1 40 11 32 32
0679_0030_0016_0043_0043.jpg 1 30 16 43 43
0680_0039_0029_0054_0054.jpg 1 39 29 54 54
0681_0008_0015_0055_0055.jpg 1 8 15 55 55
0682_0044_0012_0047_0047.jpg 1 44 12 47 47
0683_0035_0022_0053_0053.jpg 1 35 22 53 53
0684_0011_0023_0040_0040.jpg 1 11 23 40 40
0685_0052_0051_0029_0029.jpg 1 52 51 29 29
0686_0029_0021_0024_0024.jpg 1 29 21 24 24
0687_0045_0040_0027_0027.jpg 1 45 40 27 27
0688_0006_0022_0062_0062.jpg 1 6 22 62 62
0689_0015_0004_0068_0068.jpg 1 15 4 68 68
0690_0023_0043_0040_0040.jpg 1 23 43 40 40
0691_0004_0013_0060_0060.jpg 1 4 13 60 60
0692_0027_0017_0032_0032.jpg 1 27 17 32 32
0693_0023_0036_0050_0050.jpg 1 23 36 50 50
0694_0012_0019_0065_0065.jpg 1 12 19 65 65
0695_0016_0026_0069_0069.jpg 1 16 26 69 69
0696_0023_0007_0046_0046.jpg 1 23 7 46 46
0697_0035_0046_0034_0034.jpg 1 35 46 34 34
0698_0009_0008_0053_0053.jpg 1 9 8 53 53
0699_0030_0020_0049_0049.jpg 1 30 20 49 49
0700_0019_0054_0036_0036.jpg 1 19 54 36 36
