0001_0005_0007_0053_0053.jpg 1 5 7 53 53
0002_0022_0056_0030_0030.jpg 1 22 56 30 30
0003_0012_0043_0032_0032.jpg 1 12 43 32 32
0004_0006_0024_0051_0051.jpg 1 6 24 51 51
0005_0033_0027_0041_0041.jpg 1 33 27 41 41
0006_0038_0016_0048_0048.jpg 1 38 16 48 48
0007_0034_0034_0034_0034.jpg 1 34 34 34 34
0008_0011_0030_0046_0046.jpg 1 11 30 46 46
0009_0027_0013_0058_0058.jpg 1 27 13 58 58
0010_0020_0006_0068_0068.jpg 1 20 6 68 68
0011_0043_0055_0034_0034.jpg 1 43 55 34 34
0012_0032_0058_0032_0032.jpg 1 32 58 32 32
0013_0004_0006_0059_0059.jpg 1 4 6 59 59
0014_0012_0025_0058_0058.jpg 1 12 25 58 58
0015_0059_0008_0034_0034.jpg 1 59 8 34 34
0016_0038_0030_0037_0037.jpg 1 38 30 37 37
0017_0010_0028_0067_0067.jpg 1 10 28 67 67
0018_0025_0027_0054_0054.jpg 1 25 27 54 54
0019_0030_0032_0061_0061.jpg 1 30 32 61 61
0020_0028_0029_0060_0060.jpg 1 28 29 60 60
0021_0005_0016_0062_0062.jpg 1 5 16 62 62
0022_0021_0039_0043_0043.jpg 1 21 39 43 43
0023_0057_0017_0029_0029.jpg 1 57 17 29 29
0024_0006_0024_0055_0055.jpg 1 6 24 55 55
0025_0028_0014_0040_0040.jpg 1 28 14 40 40
0026_0009_0056_0036_0036.jpg 1 9 56 36 36
0027_0046_0032_0025_0025.jpg 1 46 32 25 25
0028_0038_0048_0039_0039.jpg 1 38 48 39 39
0029_0028_0016_0054_0054.jpg 1 28 16 54 54
0030_0022_0029_0034_0034.jpg 1 22 29 34 34
0031_0044_0045_0043_0043.jpg 1 44 45 43 43
0032_0028_0029_0058_0058.jpg 1 28 29 58 58
0033_0006_0026_0069_0069.jpg 1 6 26 69 69
0034_0034_0034_0043_0043.jpg 1 34 34 43 43
0035_0012_0022_0043_0043.jpg 1 12 22 43 43
0036_0044_0023_0047_0047.jpg 1 44 23 47 47
0037_0044_0035_0034_0034.jpg 1 44 35 34 34
0038_0043_0036_0036_0036.jpg 1 43 36 36 36
0039_0011_0027_0054_0054.jpg 1 11 27 54 54
0040_0016_0016_0044_0044.jpg 1 16 16 44 44
0041_0017_0028_0068_0068.jpg 1 17 28 68 68
0042_0006_0016_0049_0049.jpg 1 6 16 49 49
0043_0042_0065_0026_0026.jpg 1 42 65 26 26
0044_0030_0006_0062_0062.jpg 1 30 6 62 62
0045_0027_0033_0044_0044.jpg 1 27 33 44 44
0046_0012_0015_0029_0029.jpg 1 12 15 29 29
0047_0012_0050_0041_0041.jpg 1 12 50 41 41
0048_0042_0046_0032_0032.jpg 1 42 46 32 32
0049_0025_0030_0052_0052.jpg 1 25 30 52 52
0050_0008_0022_0056_0056.jpg 1 8 22 56 56
0051_0007_0006_0067_0067.jpg 1 7 6 67 67
0052_0030_0048_0037_0037.jpg 1 30 48 37 37
0053_0007_0008_0065_0065.jpg 1 7 8 65 65
0054_0022_0048_0024_0024.jpg 1 22 48 24 24
0055_0025_0039_0041_0041.jpg 1 25 39 41 41
0056_0005_0038_0047_0047.jpg 1 5 38 47 47
0057_0037_0035_0036_0036.jpg 1 37 35 36 36
0058_0026_0014_0062_0062.jpg 1 26 14 62 62
0059_0029_0050_0036_0036.jpg 1 29 50 36 36
0060_0006_0013_0067_0067.jpg 1 6 13 67 67
0061_0014_0006_0068_0068.jpg 1 14 6 68 68
0062_0005_0018_0064_0064.jpg 1 5 18 64 64
0063_0049_0039_0031_0031.jpg 1 49 39 31 31
0064_0014_0031_0057_0057.jpg 1 14 31 57 57
0065_0005_0029_0052_0052.jpg 1 5 29 52 52
0066_0016_0041_0048_0048.jpg 1 16 41 48 48
0067_0052_0020_0029_0029.jpg 1 52 20 29 29
0068_0018_0032_0050_0050.jpg 1 18 32 50 50
0069_0031_0057_0024_0024.jpg 1 31 57 24 24
0070_0040_0028_0045_0045.jpg 1 40 28 45 45
0071_0041_0009_0047_0047.jpg 1 41 9 47 47
0072_0021_0014_0065_0065.jpg 1 21 14 65 65
0073_0065_0036_0024_0024.jpg 1 65 36 24 24
0074_0010_0019_0037_0037.jpg 1 10 19 37 37
0075_0028_0009_0061_0061.jpg 1 28 9 61 61
0076_0042_0037_0048_0048.jpg 1 42 37 48 48
0077_0015_0035_0061_0061.jpg 1 15 35 61 61
0078_0035_0016_0058_0058.jpg 1 35 16 58 58
0079_0015_0007_0069_0069.jpg 1 15 7 69 69
0080_0064_0038_0025_0025.jpg 1 64 38 25 25
0081_0050_0010_0032_0032.jpg 1 50 10 32 32
0082_0019_0035_0037_0037.jpg 1 19 35 37 37
0083_0027_0043_0044_0044.jpg 1 27 43 44 44
0084_0023_0011_0064_0064.jpg 1 23 11 64 64
0085_0034_0038_0048_0048.jpg 1 34 38 48 48
0086_0023_0060_0031_0031.jpg 1 23 60 31 31
0087_0014_0010_0043_0043.jpg 1 14 10 43 43
0088_0008_0009_0052_0052.jpg 1 8 9 52 52
0089_0020_0031_0049_0049.jpg 1 20 31 49 49
0090_0037_0044_0045_0045.jpg 1 37 44 45 45
0091_0050_0031_0026_0026.jpg 1 50 31 26 26
0092_0028_0057_0032_0032.jpg 1 28 57 32 32
0093_0013_0029_0064_0064.jpg 1 13 29 64 64
0094_0012_0004_0059_0059.jpg 1 12 4 59 59
0095_0021_0029_0046_0046.jpg 1 21 29 46 46
0096_0024_0005_0062_0062.jpg 1 24 5 62 62
0097_0009_0006_0056_0056.jpg 1 9 6 56 56
0098_0010_0015_0069_0069.jpg 1 10 15 69 69
0099_0008_0013_0067_0067.jpg 1 8 13 67 67
0100_0008_0004_0057_0057.jpg 1 8 4 57 57
0101_0024_0045_0040_0040.jpg 1 24 45 40 40
0102_0005_0041_0053_0053.jpg 1 5 41 53 53
0103_0037_0042_0050_0050.jpg 1 37 42 50 50
0104_0010_0036_0034_0034.jpg 1 10 36 34 34
0105_0013_0005_0064_0064.jpg 1 13 5 64 64
0106_0015_0036_0059_0059.jpg 1 15 36 59 59
0107_0030_0014_0036_0036.jpg 1 30 14 36 36
0108_0030_0014_0057_0057.jpg 1 30 14 57 57
0109_0008_0024_0057_0057.jpg 1 8 24 57 57
0110_0054_0032_0039_0039.jpg 1 54 32 39 39
0111_0017_0054_0024_0024.jpg 1 17 54 24 24
0112_0018_0019_0050_0050.jpg 1 18 19 50 50
0113_0050_0017_0029_0029.jpg 1 50 17 29 29
0114_0018_0040_0044_0044.jpg 1 18 40 44 44
0115_0023_0041_0033_0033.jpg 1 23 41 33 33
0116_0052_0023_0035_0035.jpg 1 52 23 35 35
0117_0051_0026_0035_0035.jpg 1 51 26 35 35
0118_0019_0028_0053_0053.jpg 1 19 28 53 53
0119_0025_0025_0054_0054.jpg 1 25 25 54 54
0120_0021_0029_0043_0043.jpg 1 21 29 43 43
0121_0057_0040_0031_0031.jpg 1 57 40 31 31
0122_0018_0038_0055_0055.jpg 1 18 38 55 55
0123_0022_0043_0048_0048.jpg 1 22 43 48 48
0124_0051_0044_0040_0040.jpg 1 51 44 40 40
0125_0043_0038_0045_0045.jpg 1 43 38 45 45
0126_0025_0011_0062_0062.jpg 1 25 11 62 62
0127_0017_0009_0046_0046.jpg 1 17 9 46 46
0128_0037_0010_0058_0058.jpg 1 37 10 58 58
0129_0007_0018_0059_0059.jpg 1 7 18 59 59
0130_0016_0043_0045_0045.jpg 1 16 43 45 45
0131_0019_0019_0059_0059.jpg 1 19 19 59 59
0132_0009_0026_0057_0057.jpg 1 9 26 57 57
0133_0035_0011_0060_0060.jpg 1 35 11 60 60
0134_0022_0035_0057_0057.jpg 1 22 35 57 57
0135_0008_0027_0049_0049.jpg 1 8 27 49 49
0136_0056_0016_0026_0026.jpg 1 56 16 26 26
0137_0027_0027_0032_0032.jpg 1 27 27 32 32
0138_0027_0010_0068_0068.jpg 1 27 10 68 68
0139_0007_0019_0068_0068.jpg 1 7 19 68 68
0140_0016_0014_0053_0053.jpg 1 16 14 53 53
0141_0034_0010_0053_0053.jpg 1 34 10 53 53
0142_0007_0020_0062_0062.jpg 1 7 20 62 62
0143_0048_0020_0032_0032.jpg 1 48 20 32 32
0144_0032_0014_0062_0062.jpg 1 32 14 62 62
0145_0016_0014_0038_0038.jpg 1 16 14 38 38
0146_0027_0007_0057_0057.jpg 1 27 7 57 57
0147_0029_0021_0056_0056.jpg 1 29 21 56 56
0148_0066_0030_0026_0026.jpg 1 66 30 26 26
0149_0033_0012_0051_0051.jpg 1 33 12 51 51
0150_0029_0037_0047_0047.jpg 1 29 37 47 47
0151_0015_0004_0064_0064.jpg 1 15 4 64 64
0152_0025_0007_0068_0068.jpg 1 25 7 68 68
0153_0044_0021_0050_0050.jpg 1 44 21 50 50
0154_0031_0042_0040_0040.jpg 1 31 42 40 40
0155_0021_0028_0028_0028.jpg 1 21 28 28 28
0156_0021_0026_0034_0034.jpg 1 21 26 34 34
0157_0023_0004_0069_0069.jpg 1 23 4 69 69
0158_0019_0010_0066_0066.jpg 1 19 10 66 66
0159_0005_0008_0053_0053.jpg 1 5 8 53 53
0160_0031_0037_0033_0033.jpg 1 31 37 33 33
0161_0032_0033_0057_0057.jpg 1 32 33 57 57
0162_0013_0035_0053_0053.jpg 1 13 35 53 53
0163_0024_0057_0034_0034.jpg 1 24 57 34 34
0164_0013_0019_0031_0031.jpg 1 13 19 31 31
0165_0010_0012_0069_0069.jpg 1 10 12 69 69
0166_0013_0008_0066_0066.jpg 1 13 8 66 66
0167_0022_0043_0045_0045.jpg 1 22 43 45 45
0168_0018_0025_0069_0069.jpg 1 18 25 69 69
0169_0042_0007_0050_0050.jpg 1 42 7 50 50
0170_0022_0022_0065_0065.jpg 1 22 22 65 65
0171_0018_0032_0058_0058.jpg 1 18 32 58 58
0172_0029_0016_0049_0049.jpg 1 29 16 49 49
0173_0056_0052_0033_0033.jpg 1 56 52 33 33
0174_0006_0035_0060_0060.jpg 1 6 35 60 60
0175_0007_0013_0061_0061.jpg 1 7 13 61 61
0176_0013_0039_0054_0054.jpg 1 13 39 54 54
0177_0015_0022_0050_0050.jpg 1 15 22 50 50
0178_0024_0025_0041_0041.jpg 1 24 25 41 41
0179_0009_0031_0055_0055.jpg 1 9 31 55 55
0180_0033_0047_0044_0044.jpg 1 33 47 44 44
0181_0037_0033_0056_0056.jpg 1 37 33 56 56
0182_0022_0011_0056_0056.jpg 1 22 11 56 56
0183_0032_0044_0042_0042.jpg 1 32 44 42 42
0184_0030_0022_0048_0048.jpg 1 30 22 48 48
0185_0014_0019_0042_0042.jpg 1 14 19 42 42
0186_0040_0034_0044_0044.jpg 1 40 34 44 44
0187_0051_0049_0043_0043.jpg 1 51 49 43 43
0188_0047_0009_0043_0043.jpg 1 47 9 43 43
0189_0022_0012_0067_0067.jpg 1 22 12 67 67
0190_0022_0038_0040_0040.jpg 1 22 38 40 40
0191_0030_0021_0062_0062.jpg 1 30 21 62 62
0192_0025_0009_0062_0062.jpg 1 25 9 62 62
0193_0045_0023_0043_0043.jpg 1 45 23 43 43
0194_0039_0040_0045_0045.jpg 1 39 40 45 45
0195_0018_0012_0065_0065.jpg 1 18 12 65 65
0196_0047_0043_0038_0038.jpg 1 47 43 38 38
0197_0006_0009_0037_0037.jpg 1 6 9 37 37
0198_0021_0013_0050_0050.jpg 1 21 13 50 50
0199_0035_0018_0040_0040.jpg 1 35 18 40 40
0200_0010_0020_0065_0065.jpg 1 10 20 65 65
0201_0035_0040_0035_0035.jpg 1 35 40 35 35
0202_0035_0016_0057_0057.jpg 1 35 16 57 57
0203_0015_0024_0054_0054.jpg 1 15 24 54 54
0204_0013_0022_0042_0042.jpg 1 13 22 42 42
0205_0052_0040_0026_0026.jpg 1 52 40 26 26
0206_0009_0037_0031_0031.jpg 1 9 37 31 31
0207_0057_0046_0033_0033.jpg 1 57 46 33 33
0208_0034_0009_0042_0042.jpg 1 34 9 42 42
0209_0049_0056_0027_0027.jpg 1 49 56 27 27
0210_0014_0019_0063_0063.jpg 1 14 19 63 63
0211_0038_0021_0055_0055.jpg 1 38 21 55 55
0212_0023_0023_0039_0039.jpg 1 23 23 39 39
0213_0009_0024_0046_0046.jpg 1 9 24 46 46
0214_0005_0028_0046_0046.jpg 1 5 28 46 46
0215_0009_0020_0038_0038.jpg 1 9 20 38 38
0216_0008_0063_0027_0027.jpg 1 8 63 27 27
0217_0025_0038_0051_0051.jpg 1 25 38 51 51
0218_0011_0039_0045_0045.jpg 1 11 39 45 45
0219_0029_0012_0041_0041.jpg 1 29 12 41 41
0220_0055_0042_0029_0029.jpg 1 55 42 29 29
0221_0037_0028_0039_0039.jpg 1 37 28 39 39
0222_0022_0027_0026_0026.jpg 1 22 27 26 26
0223_0028_0064_0027_0027.jpg 1 28 64 27 27
0224_0053_0012_0041_0041.jpg 1 53 12 41 41
0225_0036_0022_0047_0047.jpg 1 36 22 47 47
0226_0009_0014_0065_0065.jpg 1 9 14 65 65
0227_0003_0012_0065_0065.jpg 1 3 12 65 65
0228_0049_0032_0040_0040.jpg 1 49 32 40 40
0229_0008_0045_0038_0038.jpg 1 8 45 38 38
0230_0058_0015_0025_0025.jpg 1 58 15 25 25
0231_0029_0018_0027_0027.jpg 1 29 18 27 27
0232_0030_0013_0066_0066.jpg 1 30 13 66 66
0233_0043_0045_0038_0038.jpg 1 43 45 38 38
0234_0044_0034_0034_0034.jpg 1 44 34 34 34
0235_0008_0025_0066_0066.jpg 1 8 25 66 66
0236_0036_0050_0039_0039.jpg 1 36 50 39 39
0237_0028_0037_0049_0049.jpg 1 28 37 49 49
0238_0030_0033_0052_0052.jpg 1 30 33 52 52
0239_0012_0021_0053_0053.jpg 1 12 21 53 53
0240_0006_0033_0041_0041.jpg 1 6 33 41 41
0241_0011_0023_0059_0059.jpg 1 11 23 59 59
0242_0015_0020_0034_0034.jpg 1 15 20 34 34
0243_0039_0037_0044_0044.jpg 1 39 37 44 44
0244_0035_0034_0047_0047.jpg 1 35 34 47 47
0245_0007_0033_0048_0048.jpg 1 7 33 48 48
0246_0014_0010_0061_0061.jpg 1 14 10 61 61
0247_0009_0008_0066_0066.jpg 1 9 8 66 66
0248_0030_0010_0047_0047.jpg 1 30 10 47 47
0249_0056_0025_0036_0036.jpg 1 56 25 36 36
0250_0042_0038_0027_0027.jpg 1 42 38 27 27
0251_0006_0043_0050_0050.jpg 1 6 43 50 50
0252_0017_0036_0053_0053.jpg 1 17 36 53 53
0253_0040_0038_0049_0049.jpg 1 40 38 49 49
0254_0028_0029_0061_0061.jpg 1 28 29 61 61
0255_0037_0022_0034_0034.jpg 1 37 22 34 34
0256_0024_0041_0046_0046.jpg 1 24 41 46 46
0257_0021_0010_0053_0053.jpg 1 21 10 53 53
0258_0033_0034_0050_0050.jpg 1 33 34 50 50
0259_0020_0025_0067_0067.jpg 1 20 25 67 67
0260_0018_0012_0036_0036.jpg 1 18 12 36 36
0261_0009_0005_0055_0055.jpg 1 9 5 55 55
0262_0047_0027_0033_0033.jpg 1 47 27 33 33
0263_0031_0047_0039_0039.jpg 1 31 47 39 39
0264_0041_0025_0037_0037.jpg 1 41 25 37 37
0265_0008_0036_0059_0059.jpg 1 8 36 59 59
0266_0052_0038_0032_0032.jpg 1 52 38 32 32
0267_0024_0041_0052_0052.jpg 1 24 41 52 52
0268_0041_0024_0043_0043.jpg 1 41 24 43 43
0269_0031_0009_0046_0046.jpg 1 31 9 46 46
0270_0016_0024_0067_0067.jpg 1 16 24 67 67
0271_0020_0017_0067_0067.jpg 1 20 17 67 67
0272_0006_0022_0050_0050.jpg 1 6 22 50 50
0273_0022_0019_0034_0034.jpg 1 22 19 34 34
0274_0049_0042_0044_0044.jpg 1 49 42 44 44
0275_0023_0006_0067_0067.jpg 1 23 6 67 67
0276_0007_0012_0065_0065.jpg 1 7 12 65 65
0277_0054_0055_0037_0037.jpg 1 54 55 37 37
0278_0032_0033_0028_0028.jpg 1 32 33 28 28
0279_0032_0024_0048_0048.jpg 1 32 24 48 48
0280_0028_0006_0038_0038.jpg 1 28 6 38 38
0281_0043_0014_0048_0048.jpg 1 43 14 48 48
0282_0021_0021_0066_0066.jpg 1 21 21 66 66
0283_0033_0029_0052_0052.jpg 1 33 29 52 52
0284_0025_0026_0033_0033.jpg 1 25 26 33 33
0285_0014_0017_0060_0060.jpg 1 14 17 60 60
0286_0020_0007_0066_0066.jpg 1 20 7 66 66
0287_0042_0018_0042_0042.jpg 1 42 18 42 42
0288_0015_0031_0044_0044.jpg 1 15 31 44 44
0289_0004_0022_0065_0065.jpg 1 4 22 65 65
0290_0013_0049_0034_0034.jpg 1 13 49 34 34
0291_0026_0036_0025_0025.jpg 1 26 36 25 25
0292_0037_0037_0058_0058.jpg 1 37 37 58 58
0293_0023_0009_0024_0024.jpg 1 23 9 24 24
0294_0023_0028_0051_0051.jpg 1 23 28 51 51
0295_0013_0031_0065_0065.jpg 1 13 31 65 65
0296_0029_0033_0025_0025.jpg 1 29 33 25 25
0297_0017_0054_0039_0039.jpg 1 17 54 39 39
0298_0048_0047_0035_0035.jpg 1 48 47 35 35
0299_0036_0025_0057_0057.jpg 1 36 25 57 57
0300_0011_0021_0056_0056.jpg 1 11 21 56 56
0301_0008_0026_0052_0052.jpg 1 8 26 52 52
0302_0052_0035_0037_0037.jpg 1 52 35 37 37
0303_0029_0031_0058_0058.jpg 1 29 31 58 58
0304_0043_0038_0042_0042.jpg 1 43 38 42 42
0305_0039_0016_0033_0033.jpg 1 39 16 33 33
0306_0023_0026_0066_0066.jpg 1 23 26 66 66
0307_0036_0017_0058_0058.jpg 1 36 17 58 58
0308_0051_0019_0034_0034.jpg 1 51 19 34 34
0309_0022_0044_0043_0043.jpg 1 22 44 43 43
0310_0006_0010_0053_0053.jpg 1 6 10 53 53
0311_0016_0016_0042_0042.jpg 1 16 16 42 42
0312_0013_0020_0055_0055.jpg 1 13 20 55 55
0313_0004_0026_0060_0060.jpg 1 4 26 60 60
0314_0011_0031_0039_0039.jpg 1 11 31 39 39
0315_0055_0058_0031_0031.jpg 1 55 58 31 31
0316_0010_0009_0061_0061.jpg 1 10 9 61 61
0317_0013_0007_0064_0064.jpg 1 13 7 64 64
0318_0045_0031_0037_0037.jpg 1 45 31 37 37
0319_0043_0017_0051_0051.jpg 1 43 17 51 51
0320_0024_0023_0054_0054.jpg 1 24 23 54 54
0321_0024_0025_0065_0065.jpg 1 24 25 65 65
0322_0050_0015_0040_0040.jpg 1 50 15 40 40
0323_0036_0018_0037_0037.jpg 1 36 18 37 37
0324_0043_0030_0029_0029.jpg 1 43 30 29 29
0325_0017_0010_0066_0066.jpg 1 17 10 66 66
0326_0017_0024_0037_0037.jpg 1 17 24 37 37
0327_0009_0004_0065_0065.jpg 1 9 4 65 65
0328_0041_0035_0050_0050.jpg 1 41 35 50 50
0329_0061_0029_0027_0027.jpg 1 61 29 27 27
0330_0045_0019_0036_0036.jpg 1 45 19 36 36
0331_0040_0004_0053_0053.jpg 1 40 4 53 53
0332_0050_0047_0039_0039.jpg 1 50 47 39 39
0333_0007_0010_0061_0061.jpg 1 7 10 61 61
0334_0019_0036_0038_0038.jpg 1 19 36 38 38
0335_0018_0043_0036_0036.jpg 1 18 43 36 36
0336_0024_0018_0039_0039.jpg 1 24 18 39 39
0337_0009_0015_0068_0068.jpg 1 9 15 68 68
0338_0037_0029_0038_0038.jpg 1 37 29 38 38
0339_0018_0004_0067_0067.jpg 1 18 4 67 67
0340_0006_0007_0050_0050.jpg 1 6 7 50 50
0341_0015_0010_0057_0057.jpg 1 15 10 57 57
0342_0042_0043_0026_0026.jpg 1 42 43 26 26
0343_0048_0016_0034_0034.jpg 1 48 16 34 34
0344_0006_0010_0063_0063.jpg 1 6 10 63 63
0345_0045_0019_0038_0038.jpg 1 45 19 38 38
0346_0054_0022_0039_0039.jpg 1 54 22 39 39
0347_0046_0030_0040_0040.jpg 1 46 30 40 40
0348_0041_0023_0034_0034.jpg 1 41 23 34 34
0349_0013_0013_0069_0069.jpg 1 13 13 69 69
0350_0009_0004_0066_0066.jpg 1 9 4 66 66
0351_0034_0013_0044_0044.jpg 1 34 13 44 44
0352_0010_0013_0039_0039.jpg 1 10 13 39 39
0353_0025_0058_0032_0032.jpg 1 25 58 32 32
0354_0058_0014_0034_0034.jpg 1 58 14 34 34
0355_0005_0027_0065_0065.jpg 1 5 27 65 65
0356_0016_0063_0028_0028.jpg 1 16 63 28 28
0357_0035_0022_0051_0051.jpg 1 35 22 51 51
0358_0009_0013_0062_0062.jpg 1 9 13 62 62
0359_0038_0024_0045_0045.jpg 1 38 24 45 45
0360_0012_0020_0030_0030.jpg 1 12 20 30 30
0361_0054_0037_0030_0030.jpg 1 54 37 30 30
0362_0045_0068_0024_0024.jpg 1 45 68 24 24
0363_0019_0022_0051_0051.jpg 1 19 22 51 51
0364_0030_0007_0058_0058.jpg 1 30 7 58 58
0365_0006_0006_0055_0055.jpg 1 6 6 55 55
0366_0032_0028_0045_0045.jpg 1 32 28 45 45
0367_0043_0032_0030_0030.jpg 1 43 32 30 30
0368_0017_0010_0059_0059.jpg 1 17 10 59 59
0369_0016_0004_0059_0059.jpg 1 16 4 59 59
0370_0029_0013_0066_0066.jpg 1 29 13 66 66
0371_0025_0050_0043_0043.jpg 1 25 50 43 43
0372_0041_0030_0049_0049.jpg 1 41 30 49 49
0373_0038_0049_0038_0038.jpg 1 38 49 38 38
0374_0022_0012_0051_0051.jpg 1 22 12 51 51
0375_0024_0004_0052_0052.jpg 1 24 4 52 52
0376_0039_0021_0049_0049.jpg 1 39 21 49 49
0377_0064_0045_0027_0027.jpg 1 64 45 27 27
0378_0036_0021_0058_0058.jpg 1 36 21 58 58
0379_0011_0019_0052_0052.jpg 1 11 19 52 52
0380_0015_0007_0059_0059.jpg 1 15 7 59 59
0381_0040_0026_0031_0031.jpg 1 40 26 31 31
0382_0042_0044_0034_0034.jpg 1 42 44 34 34
0383_0036_0044_0048_0048.jpg 1 36 44 48 48
0384_0016_0005_0065_0065.jpg 1 16 5 65 65
0385_0039_0035_0039_0039.jpg 1 39 35 39 39
0386_0018_0004_0054_0054.jpg 1 18 4 54 54
0387_0034_0013_0055_0055.jpg 1 34 13 55 55
0388_0025_0011_0061_0061.jpg 1 25 11 61 61
0389_0060_0036_0028_0028.jpg 1 60 36 28 28
0390_0022_0008_0068_0068.jpg 1 22 8 68 68
0391_0008_0008_0026_0026.jpg 1 8 8 26 26
0392_0007_0008_0062_0062.jpg 1 7 8 62 62
0393_0007_0015_0059_0059.jpg 1 7 15 59 59
0394_0014_0032_0041_0041.jpg 1 14 32 41 41
0395_0038_0046_0044_0044.jpg 1 38 46 44 44
0396_0031_0010_0057_0057.jpg 1 31 10 57 57
0397_0023_0023_0038_0038.jpg 1 23 23 38 38
0398_0028_0031_0047_0047.jpg 1 28 31 47 47
0399_0012_0014_0052_0052.jpg 1 12 14 52 52
0400_0024_0058_0027_0027.jpg 1 24 58 27 27
0401_0034_0033_0041_0041.jpg 1 34 33 41 41
0402_0017_0010_0066_0066.jpg 1 17 10 66 66
0403_0060_0052_0027_0027.jpg 1 60 52 27 27
0404_0015_0029_0061_0061.jpg 1 15 29 61 61
0405_0011_0016_0068_0068.jpg 1 11 16 68 68
0406_0053_0015_0040_0040.jpg 1 53 15 40 40
0407_0030_0025_0057_0057.jpg 1 30 25 57 57
0408_0024_0017_0067_0067.jpg 1 24 17 67 67
0409_0027_0012_0068_0068.jpg 1 27 12 68 68
0410_0008_0005_0051_0051.jpg 1 8 5 51 51
0411_0026_0008_0051_0051.jpg 1 26 8 51 51
0412_0028_0027_0058_0058.jpg 1 28 27 58 58
0413_0017_0025_0042_0042.jpg 1 17 25 42 42
0414_0030_0045_0029_0029.jpg 1 30 45 29 29
0415_0042_0021_0045_0045.jpg 1 42 21 45 45
0416_0010_0013_0069_0069.jpg 1 10 13 69 69
0417_0011_0056_0032_0032.jpg 1 11 56 32 32
0418_0045_0014_0044_0044.jpg 1 45 14 44 44
0419_0025_0008_0044_0044.jpg 1 25 8 44 44
0420_0028_0032_0051_0051.jpg 1 28 32 51 51
0421_0037_0023_0047_0047.jpg 1 37 23 47 47
0422_0033_0030_0058_0058.jpg 1 33 30 58 58
0423_0038_0015_0045_0045.jpg 1 38 15 45 45
0424_0024_0008_0055_0055.jpg 1 24 8 55 55
0425_0018_0015_0057_0057.jpg 1 18 15 57 57
0426_0013_0027_0043_0043.jpg 1 13 27 43 43
0427_0011_0036_0037_0037.jpg 1 11 36 37 37
0428_0029_0030_0050_0050.jpg 1 29 30 50 50
0429_0014_0016_0045_0045.jpg 1 14 16 45 45
0430_0023_0021_0041_0041.jpg 1 23 21 41 41
0431_0028_0017_0062_0062.jpg 1 28 17 62 62
0432_0011_0027_0027_0027.jpg 1 11 27 27 27
0433_0016_0017_0064_0064.jpg 1 16 17 64 64
0434_0004_0008_0052_0052.jpg 1 4 8 52 52
0435_0027_0013_0058_0058.jpg 1 27 13 58 58
0436_0010_0062_0027_0027.jpg 1 10 62 27 27
0437_0014_0021_0051_0051.jpg 1 14 21 51 51
0438_0009_0010_0052_0052.jpg 1 9 10 52 52
0439_0049_0058_0030_0030.jpg 1 49 58 30 30
0440_0009_0027_0045_0045.jpg 1 9 27 45 45
0441_0017_0009_0069_0069.jpg 1 17 9 69 69
0442_0012_0023_0064_0064.jpg 1 12 23 64 64
0443_0016_0046_0030_0030.jpg 1 16 46 30 30
0444_0006_0009_0055_0055.jpg 1 6 9 55 55
0445_0012_0046_0047_0047.jpg 1 12 46 47 47
0446_0054_0044_0025_0025.jpg 1 54 44 25 25
0447_0010_0031_0037_0037.jpg 1 10 31 37 37
0448_0045_0030_0047_0047.jpg 1 45 30 47 47
0449_0045_0061_0028_0028.jpg 1 45 61 28 28
0450_0004_0030_0055_0055.jpg 1 4 30 55 55
0451_0017_0011_0058_0058.jpg 1 17 11 58 58
0452_0025_0025_0048_0048.jpg 1 25 25 48 48
0453_0034_0013_0038_0038.jpg 1 34 13 38 38
0454_0043_0051_0027_0027.jpg 1 43 51 27 27
0455_0019_0008_0058_0058.jpg 1 19 8 58 58
0456_0018_0011_0054_0054.jpg 1 18 11 54 54
0457_0015_0015_0031_0031.jpg 1 15 15 31 31
0458_0004_0030_0061_0061.jpg 1 4 30 61 61
0459_0014_0039_0054_0054.jpg 1 14 39 54 54
0460_0007_0011_0058_0058.jpg 1 7 11 58 58
0461_0056_0060_0024_0024.jpg 1 56 60 24 24
0462_0039_0040_0024_0024.jpg 1 39 40 24 24
0463_0015_0054_0031_0031.jpg 1 15 54 31 31
0464_0026_0045_0038_0038.jpg 1 26 45 38 38
0465_0040_0006_0052_0052.jpg 1 40 6 52 52
0466_0037_0021_0038_0038.jpg 1 37 21 38 38
0467_0011_0033_0050_0050.jpg 1 11 33 50 50
0468_0038_0028_0029_0029.jpg 1 38 28 29 29
0469_0059_0018_0028_0028.jpg 1 59 18 28 28
0470_0030_0027_0065_0065.jpg 1 30 27 65 65
0471_0030_0041_0028_0028.jpg 1 30 41 28 28
0472_0026_0027_0069_0069.jpg 1 26 27 69 69
0473_0032_0053_0036_0036.jpg 1 32 53 36 36
0474_0010_0010_0054_0054.jpg 1 10 10 54 54
0475_0031_0007_0058_0058.jpg 1 31 7 58 58
0476_0023_0058_0031_0031.jpg 1 23 58 31 31
0477_0027_0026_0062_0062.jpg 1 27 26 62 62
0478_0039_0020_0047_0047.jpg 1 39 20 47 47
0479_0017_0036_0027_0027.jpg 1 17 36 27 27
0480_0027_0059_0028_0028.jpg 1 27 59 28 28
0481_0008_0004_0059_0059.jpg 1 8 4 59 59
0482_0041_0016_0048_0048.jpg 1 41 16 48 48
0483_0041_0011_0049_0049.jpg 1 41 11 49 49
0484_0050_0030_0035_0035.jpg 1 50 30 35 35
0485_0066_0056_0025_0025.jpg 1 66 56 25 25
0486_0045_0036_0047_0047.jpg 1 45 36 47 47
0487_0044_0057_0035_0035.jpg 1 44 57 35 35
0488_0046_0006_0048_0048.jpg 1 46 6 48 48
0489_0015_0020_0067_0067.jpg 1 15 20 67 67
0490_0004_0030_0066_0066.jpg 1 4 30 66 66
0491_0030_0029_0045_0045.jpg 1 30 29 45 45
0492_0066_0032_0025_0025.jpg 1 66 32 25 25
0493_0031_0033_0052_0052.jpg 1 31 33 52 52
0494_0035_0019_0056_0056.jpg 1 35 19 56 56
0495_0007_0004_0061_0061.jpg 1 7 4 61 61
0496_0028_0013_0062_0062.jpg 1 28 13 62 62
0497_0009_0028_0068_0068.jpg 1 9 28 68 68
0498_0020_0016_0063_0063.jpg 1 20 16 63 63
0499_0031_0028_0035_0035.jpg 1 31 28 35 35
0500_0017_0033_0061_0061.jpg 1 17 33 61 61
0501_0012_0016_0056_0056.jpg 1 12 16 56 56
0502_0044_0043_0050_0050.jpg 1 44 43 50 50
0503_0015_0021_0066_0066.jpg 1 15 21 66 66
0504_0023_0030_0065_0065.jpg 1 23 30 65 65
0505_0030_0029_0064_0064.jpg 1 30 29 64 64
0506_0025_0008_0068_0068.jpg 1 25 8 68 68
0507_0044_0062_0024_0024.jpg 1 44 62 24 24
0508_0043_0046_0030_0030.jpg 1 43 46 30 30
0509_0043_0018_0051_0051.jpg 1 43 18 51 51
0510_0046_0012_0036_0036.jpg 1 46 12 36 36
0511_0032_0063_0029_0029.jpg 1 32 63 29 29
0512_0043_0012_0038_0038.jpg 1 43 12 38 38
0513_0051_0054_0038_0038.jpg 1 51 54 38 38
0514_0042_0034_0036_0036.jpg 1 42 34 36 36
0515_0041_0027_0035_0035.jpg 1 41 27 35 35
0516_0052_0009_0029_0029.jpg 1 52 9 29 29
0517_0025_0020_0058_0058.jpg 1 25 20 58 58
0518_0050_0016_0024_0024.jpg 1 50 16 24 24
0519_0008_0006_0065_0065.jpg 1 8 6 65 65
0520_0042_0013_0048_0048.jpg 1 42 13 48 48
0521_0037_0039_0030_0030.jpg 1 37 39 30 30
0522_0013_0027_0061_0061.jpg 1 13 27 61 61
0523_0006_0026_0068_0068.jpg 1 6 26 68 68
0524_0010_0022_0069_0069.jpg 1 10 22 69 69
0525_0038_0039_0045_0045.jpg 1 38 39 45 45
0526_0025_0011_0062_0062.jpg 1 25 11 62 62
0527_0036_0026_0038_0038.jpg 1 36 26 38 38
0528_0007_0011_0053_0053.jpg 1 7 11 53 53
0529_0053_0034_0034_0034.jpg 1 53 34 34 34
0530_0030_0035_0050_0050.jpg 1 30 35 50 50
0531_0006_0034_0057_0057.jpg 1 6 34 57 57
0532_0017_0006_0058_0058.jpg 1 17 6 58 58
0533_0051_0024_0035_0035.jpg 1 51 24 35 35
0534_0025_0028_0058_0058.jpg 1 25 28 58 58
0535_0021_0009_0034_0034.jpg 1 21 9 34 34
0536_0061_0037_0032_0032.jpg 1 61 37 32 32
0537_0010_0034_0048_0048.jpg 1 10 34 48 48
0538_0009_0013_0067_0067.jpg 1 9 13 67 67
0539_0049_0041_0040_0040.jpg 1 49 41 40 40
0540_0060_0038_0027_0027.jpg 1 60 38 27 27
0541_0007_0008_0053_0053.jpg 1 7 8 53 53
0542_0028_0023_0068_0068.jpg 1 28 23 68 68
0543_0015_0020_0052_0052.jpg 1 15 20 52 52
0544_0029_0040_0042_0042.jpg 1 29 40 42 42
0545_0041_0026_0037_0037.jpg 1 41 26 37 37
0546_0007_0023_0063_0063.jpg 1 7 23 63 63
0547_0008_0028_0044_0044.jpg 1 8 28 44 44
0548_0014_0010_0054_0054.jpg 1 14 10 54 54
0549_0007_0021_0066_0066.jpg 1 7 21 66 66
0550_0029_0021_0061_0061.jpg 1 29 21 61 61
0551_0016_0026_0065_0065.jpg 1 16 26 65 65
0552_0055_0030_0036_0036.jpg 1 55 30 36 36
0553_0030_0018_0063_0063.jpg 1 30 18 63 63
0554_0013_0004_0069_0069.jpg 1 13 4 69 69
0555_0012_0007_0034_0034.jpg 1 12 7 34 34
0556_0025_0036_0037_0037.jpg 1 25 36 37 37
0557_0014_0019_0061_0061.jpg 1 14 19 61 61
0558_0010_0051_0034_0034.jpg 1 10 51 34 34
0559_0030_0031_0025_0025.jpg 1 30 31 25 25
0560_0041_0041_0046_0046.jpg 1 41 41 46 46
0561_0029_0036_0046_0046.jpg 1 29 36 46 46
0562_0014_0006_0060_0060.jpg 1 14 6 60 60
0563_0035_0040_0046_0046.jpg 1 35 40 46 46
0564_0004_0016_0058_0058.jpg 1 4 16 58 58
0565_0047_0030_0030_0030.jpg 1 47 30 30 30
0566_0011_0013_0047_0047.jpg 1 11 13 47 47
0567_0058_0027_0030_0030.jpg 1 58 27 30 30
0568_0033_0020_0047_0047.jpg 1 33 20 47 47
0569_0007_0034_0060_0060.jpg 1 7 34 60 60
0570_0028_0010_0054_0054.jpg 1 28 10 54 54
0571_0026_0015_0064_0064.jpg 1 26 15 64 64
0572_0015_0006_0061_0061.jpg 1 15 6 61 61
0573_0034_0029_0060_0060.jpg 1 34 29 60 60
0574_0050_0011_0038_0038.jpg 1 50 11 38 38
0575_0021_0008_0060_0060.jpg 1 21 8 60 60
0576_0019_0025_0041_0041.jpg 1 19 25 41 41
0577_0007_0035_0056_0056.jpg 1 7 35 56 56
0578_0008_0028_0036_0036.jpg 1 8 28 36 36
0579_0020_0026_0039_0039.jpg 1 20 26 39 39
0580_0035_0028_0045_0045.jpg 1 35 28 45 45
0581_0019_0036_0034_0034.jpg 1 19 36 34 34
0582_0034_0051_0040_0040.jpg 1 34 51 40 40
0583_0027_0016_0033_0033.jpg 1 27 16 33 33
0584_0025_0008_0047_0047.jpg 1 25 8 47 47
0585_0032_0009_0051_0051.jpg 1 32 9 51 51
0586_0023_0017_0067_0067.jpg 1 23 17 67 67
0587_0030_0042_0045_0045.jpg 1 30 42 45 45
0588_0009_0033_0060_0060.jpg 1 9 33 60 60
0589_0014_0004_0066_0066.jpg 1 14 4 66 66
0590_0030_0053_0026_0026.jpg 1 30 53 26 26
0591_0020_0024_0069_0069.jpg 1 20 24 69 69
0592_0031_0014_0051_0051.jpg 1 31 14 51 51
0593_0022_0054_0031_0031.jpg 1 22 54 31 31
0594_0041_0013_0050_0050.jpg 1 41 13 50 50
0595_0058_0030_0028_0028.jpg 1 58 30 28 28
0596_0009_0010_0051_0051.jpg 1 9 10 51 51
0597_0031_0028_0035_0035.jpg 1 31 28 35 35
0598_0037_0015_0052_0052.jpg 1 37 15 52 52
0599_0013_0037_0043_0043.jpg 1 13 37 43 43
0600_0035_0019_0055_0055.jpg 1 35 19 55 55
0601_0012_0047_0038_0038.jpg 1 12 47 38 38
0602_0044_0052_0042_0042.jpg 1 44 52 42 42
0603_0059_0012_0031_0031.jpg 1 59 12 31 31
0604_0041_0025_0044_0044.jpg 1 41 25 44 44
0605_0022_0026_0064_0064.jpg 1 22 26 64 64
0606_0024_0033_0048_0048.jpg 1 24 33 48 48
0607_0014_0022_0053_0053.jpg 1 14 22 53 53
0608_0005_0010_0068_0068.jpg 1 5 10 68 68
0609_0011_0026_0060_0060.jpg 1 11 26 60 60
0610_0031_0042_0046_0046.jpg 1 31 42 46 46
0611_0038_0013_0052_0052.jpg 1 38 13 52 52
0612_0013_0012_0033_0033.jpg 1 13 12 33 33
0613_0027_0049_0025_0025.jpg 1 27 49 25 25
0614_0034_0051_0033_0033.jpg 1 34 51 33 33
0615_0060_0059_0025_0025.jpg 1 60 59 25 25
0616_0007_0027_0039_0039.jpg 1 7 27 39 39
0617_0047_0059_0031_0031.jpg 1 47 59 31 31
0618_0027_0023_0067_0067.jpg 1 27 23 67 67
0619_0018_0034_0030_0030.jpg 1 18 34 30 30
0620_0029_0023_0056_0056.jpg 1 29 23 56 56
0621_0015_0013_0068_0068.jpg 1 15 13 68 68
0622_0031_0018_0061_0061.jpg 1 31 18 61 61
0623_0017_0053_0036_0036.jpg 1 17 53 36 36
0624_0006_0018_0060_0060.jpg 1 6 18 60 60
0625_0033_0005_0061_0061.jpg 1 33 5 61 61
0626_0025_0022_0069_0069.jpg 1 25 22 69 69
0627_0033_0044_0040_0040.jpg 1 33 44 40 40
0628_0008_0046_0032_0032.jpg 1 8 46 32 32
0629_0026_0012_0047_0047.jpg 1 26 12 47 47
0630_0024_0011_0063_0063.jpg 1 24 11 63 63
0631_0021_0035_0035_0035.jpg 1 21 35 35 35
0632_0051_0049_0038_0038.jpg 1 51 49 38 38
0633_0032_0019_0034_0034.jpg 1 32 19 34 34
0634_0040_0018_0032_0032.jpg 1 40 18 32 32
0635_0009_0018_0047_0047.jpg 1 9 18 47 47
0636_0019_0008_0052_0052.jpg 1 19 8 52 52
0637_0025_0025_0061_0061.jpg 1 25 25 61 61
0638_0027_0033_0052_0052.jpg 1 27 33 52 52
0639_0011_0008_0060_0060.jpg 1 11 8 60 60
0640_0014_0026_0037_0037.jpg 1 14 26 37 37
0641_0035_0021_0058_0058.jpg 1 35 21 58 58
0642_0024_0011_0064_0064.jpg 1 24 11 64 64
0643_0006_0023_0065_0065.jpg 1 6 23 65 65
0644_0059_0063_0025_0025.jpg 1 59 63 25 25
0645_0025_0018_0031_0031.jpg 1 25 18 31 31
0646_0051_0020_0033_0033.jpg 1 51 20 33 33
0647_0009_0004_0063_0063.jpg 1 9 4 63 63
0648_0007_0019_0037_0037.jpg 1 7 19 37 37
0649_0026_0034_0058_0058.jpg 1 26 34 58 58
0650_0009_0013_0061_0061.jpg 1 9 13 61 61
0651_0020_0011_0068_0068.jpg 1 20 11 68 68
0652_0013_0025_0066_0066.jpg 1 13 25 66 66
0653_0056_0030_0036_0036.jpg 1 56 30 36 36
0654_0027_0032_0061_0061.jpg 1 27 32 61 61
0655_0032_0048_0038_0038.jpg 1 32 48 38 38
0656_0025_0005_0069_0069.jpg 1 25 5 69 69
0657_0031_0034_0052_0052.jpg 1 31 34 52 52
0658_0036_0029_0049_0049.jpg 1 36 29 49 49
0659_0022_0018_0047_0047.jpg 1 22 18 47 47
0660_0020_0038_0047_0047.jpg 1 20 38 47 47
0661_0024_0025_0058_0058.jpg 1 24 25 58 58
0662_0006_0023_0068_0068.jpg 1 6 23 68 68
0663_0018_0011_0054_0054.jpg 1 18 11 54 54
0664_0050_0053_0036_0036.jpg 1 50 53 36 36
0665_0028_0030_0059_0059.jpg 1 28 30 59 59
0666_0007_0019_0056_0056.jpg 1 7 19 56 56
0667_0048_0045_0040_0040.jpg 1 48 45 40 40
0668_0053_0020_0034_0034.jpg 1 53 20 34 34
0669_0017_0036_0047_0047.jpg 1 17 36 47 47
0670_0033_0009_0060_0060.jpg 1 33 9 60 60
0671_0008_0008_0057_0057.jpg 1 8 8 57 57
0672_0011_0010_0046_0046.jpg 1 11 10 46 46
0673_0043_0007_0050_0050.jpg 1 43 7 50 50
0674_0057_0060_0031_0031.jpg 1 57 60 31 31
0675_0031_0023_0062_0062.jpg 1 31 23 62 62
0676_0051_0031_0032_0032.jpg 1 51 31 32 32
0677_0030_0035_0051_0051.jpg 1 30 35 51 51
0678_0008_0028_0068_0068.jpg 1 8 28 68 68
0679_0005_0035_0059_0059.jpg 1 5 35 59 59
0680_0027_0048_0031_0031.jpg 1 27 48 31 31
0681_0048_0006_0040_0040.jpg 1 48 6 40 40
0682_0017_0035_0057_0057.jpg 1 17 35 57 57
0683_0027_0007_0051_0051.jpg 1 27 7 51 51
0684_0048_0060_0027_0027.jpg 1 48 60 27 27
0685_0017_0014_0066_0066.jpg 1 17 14 66 66
0686_0042_0055_0032_0032.jpg 1 42 55 32 32
0687_0008_0034_0043_0043.jpg 1 8 34 43 43
0688_0007_0053_0029_0029.jpg 1 7 53 29 29
0689_0057_0043_0034_0034.jpg 1 57 43 34 34
0690_0017_0056_0027_0027.jpg 1 17 56 27 27
0691_0006_0003_0066_0066.jpg 1 6 3 66 66
0692_0050_0045_0026_0026.jpg 1 50 45 26 26
0693_0017_0045_0042_0042.jpg 1 17 45 42 42
0694_0016_0010_0063_0063.jpg 1 16 10 63 63
0695_0022_0052_0024_0024.jpg 1 22 52 24 24
0696_0028_0006_0063_0063.jpg 1 28 6 63 63
0697_0017_0005_0066_0066.jpg 1 17 5 66 66
0698_0041_0035_0043_0043.jpg 1 41 35 43 43
0699_0030_0024_0028_0028.jpg 1 30 24 28 28
0700_0025_0045_0039_0039.jpg 1 25 45 39 39
