0001_0030_0013_0061_0061.jpg 1 30 13 61 61
0002_0037_0008_0034_0034.jpg 1 37 8 34 34
0003_0038_0031_0057_0057.jpg 1 38 31 57 57
0004_0021_0013_0062_0062.jpg 1 21 13 62 62
0005_0043_0040_0024_0024.jpg 1 43 40 24 24
0006_0031_0013_0064_0064.jpg 1 31 13 64 64
0007_0020_0004_0061_0061.jpg 1 20 4 61 61
0008_0047_0046_0031_0031.jpg 1 47 46 31 31
0009_0054_0018_0024_0024.jpg 1 54 18 24 24
0010_0030_0047_0046_0046.jpg 1 30 47 46 46
0011_0021_0008_0032_0032.jpg 1 21 8 32 32
0012_0012_0008_0063_0063.jpg 1 12 8 63 63
0013_0021_0023_0047_0047.jpg 1 21 23 47 47
0014_0020_0023_0053_0053.jpg 1 20 23 53 53
0015_0005_0032_0048_0048.jpg 1 5 32 48 48
0016_0034_0041_0041_0041.jpg 1 34 41 41 41
0017_0030_0010_0054_0054.jpg 1 30 10 54 54
0018_0019_0009_0045_0045.jpg 1 19 9 45 45
0019_0021_0021_0060_0060.jpg 1 21 21 60 60
0020_0018_0017_0067_0067.jpg 1 18 17 67 67
0021_0043_0036_0036_0036.jpg 1 43 36 36 36
0022_0026_0011_0051_0051.jpg 1 26 11 51 51
0023_0011_0005_0063_0063.jpg 1 11 5 63 63
0024_0044_0034_0044_0044.jpg 1 44 34 44 44
0025_0022_0020_0032_0032.jpg 1 22 20 32 32
0026_0023_0019_0062_0062.jpg 1 23 19 62 62
0027_0022_0031_0061_0061.jpg 1 22 31 61 61
0028_0004_0025_0068_0068.jpg 1 4 25 68 68
0029_0013_0027_0056_0056.jpg 1 13 27 56 56
0030_0019_0028_0048_0048.jpg 1 19 28 48 48
0031_0029_0007_0033_0033.jpg 1 29 7 33 33
0032_0052_0019_0032_0032.jpg 1 52 19 32 32
0033_0053_0010_0041_0041.jpg 1 53 10 41 41
0034_0026_0022_0057_0057.jpg 1 26 22 57 57
0035_0019_0030_0047_0047.jpg 1 19 30 47 47
0036_0043_0038_0050_0050.jpg 1 43 38 50 50
0037_0007_0008_0067_0067.jpg 1 7 8 67 67
0038_0046_0031_0046_0046.jpg 1 46 31 46 46
0039_0038_0042_0032_0032.jpg 1 38 42 32 32
0040_0042_0008_0047_0047.jpg 1 42 8 47 47
0041_0037_0033_0038_0038.jpg 1 37 33 38 38
0042_0010_0018_0053_0053.jpg 1 10 18 53 53
0043_0030_0013_0047_0047.jpg 1 30 13 47 47
0044_0016_0029_0060_0060.jpg 1 16 29 60 60
0045_0029_0025_0060_0060.jpg 1 29 25 60 60
0046_0036_0008_0055_0055.jpg 1 36 8 55 55
0047_0037_0036_0036_0036.jpg 1 37 36 36 36
0048_0026_0025_0065_0065.jpg 1 26 25 65 65
0049_0012_0024_0066_0066.jpg 1 12 24 66 66
0050_0037_0025_0052_0052.jpg 1 37 25 52 52
0051_0021_0041_0046_0046.jpg 1 21 41 46 46
0052_0018_0029_0060_0060.jpg 1 18 29 60 60
0053_0022_0004_0068_0068.jpg 1 22 4 68 68
0054_0026_0041_0051_0051.jpg 1 26 41 51 51
0055_0021_0021_0058_0058.jpg 1 21 21 58 58
0056_0046_0027_0026_0026.jpg 1 46 27 26 26
0057_0035_0022_0042_0042.jpg 1 35 22 42 42
0058_0027_0026_0045_0045.jpg 1 27 26 45 45
0059_0006_0044_0039_0039.jpg 1 6 44 39 39
0060_0050_0030_0043_0043.jpg 1 50 30 43 43
0061_0035_0024_0046_0046.jpg 1 35 24 46 46
0062_0024_0039_0045_0045.jpg 1 24 39 45 45
0063_0042_0040_0024_0024.jpg 1 42 40 24 24
0064_0028_0029_0062_0062.jpg 1 28 29 62 62
0065_0066_0060_0024_0024.jpg 1 66 60 24 24
0066_0032_0060_0024_0024.jpg 1 32 60 24 24
0067_0040_0017_0036_0036.jpg 1 40 17 36 36
0068_0028_0025_0036_0036.jpg 1 28 25 36 36
0069_0028_0033_0044_0044.jpg 1 28 33 44 44
0070_0008_0041_0028_0028.jpg 1 8 41 28 28
0071_0033_0019_0026_0026.jpg 1 33 19 26 26
0072_0024_0027_0047_0047.jpg 1 24 27 47 47
0073_0016_0026_0068_0068.jpg 1 16 26 68 68
0074_0018_0036_0056_0056.jpg 1 18 36 56 56
0075_0021_0006_0066_0066.jpg 1 21 6 66 66
0076_0006_0023_0068_0068.jpg 1 6 23 68 68
0077_0051_0032_0039_0039.jpg 1 51 32 39 39
0078_0018_0018_0058_0058.jpg 1 18 18 58 58
0079_0024_0010_0062_0062.jpg 1 24 10 62 62
0080_0045_0008_0044_0044.jpg 1 45 8 44 44
0081_0050_0020_0034_0034.jpg 1 50 20 34 34
0082_0040_0008_0026_0026.jpg 1 40 8 26 26
0083_0049_0019_0043_0043.jpg 1 49 19 43 43
0084_0036_0019_0034_0034.jpg 1 36 19 34 34
0085_0019_0046_0036_0036.jpg 1 19 46 36 36
0086_0051_0009_0036_0036.jpg 1 51 9 36 36
0087_0014_0023_0063_0063.jpg 1 14 23 63 63
0088_0004_0022_0069_0069.jpg 1 4 22 69 69
0089_0022_0055_0036_0036.jpg 1 22 55 36 36
0090_0015_0035_0053_0053.jpg 1 15 35 53 53
0091_0039_0059_0034_0034.jpg 1 39 59 34 34
0092_0028_0010_0055_0055.jpg 1 28 10 55 55
0093_0019_0023_0066_0066.jpg 1 19 23 66 66
0094_0024_0004_0063_0063.jpg 1 24 4 63 63
0095_0018_0013_0058_0058.jpg 1 18 13 58 58
0096_0031_0012_0029_0029.jpg 1 31 12 29 29
0097_0019_0011_0043_0043.jpg 1 19 11 43 43
0098_0021_0039_0032_0032.jpg 1 21 39 32 32
0099_0042_0027_0027_0027.jpg 1 42 27 27 27
0100_0016_0029_0053_0053.jpg 1 16 29 53 53
0101_0007_0021_0068_0068.jpg 1 7 21 68 68
0102_0025_0061_0030_0030.jpg 1 25 61 30 30
0103_0009_0030_0055_0055.jpg 1 9 30 55 55
0104_0039_0022_0037_0037.jpg 1 39 22 37 37
0105_0032_0027_0062_0062.jpg 1 32 27 62 62
0106_0034_0004_0058_0058.jpg 1 34 4 58 58
0107_0050_0044_0028_0028.jpg 1 50 44 28 28
0108_0025_0047_0044_0044.jpg 1 25 47 44 44
0109_0018_0048_0040_0040.jpg 1 18 48 40 40
0110_0010_0005_0049_0049.jpg 1 10 5 49 49
0111_0018_0029_0061_0061.jpg 1 18 29 61 61
0112_0006_0051_0040_0040.jpg 1 6 51 40 40
0113_0024_0049_0026_0026.jpg 1 24 49 26 26
0114_0037_0033_0054_0054.jpg 1 37 33 54 54
0115_0014_0031_0037_0037.jpg 1 14 31 37 37
0116_0049_0007_0043_0043.jpg 1 49 7 43 43
0117_0049_0061_0029_0029.jpg 1 49 61 29 29
0118_0014_0017_0029_0029.jpg 1 14 17 29 29
0119_0014_0026_0049_0049.jpg 1 14 26 49 49
0120_0011_0017_0040_0040.jpg 1 11 17 40 40
0121_0022_0033_0063_0063.jpg 1 22 33 63 63
0122_0024_0027_0069_0069.jpg 1 24 27 69 69
0123_0040_0010_0047_0047.jpg 1 40 10 47 47
0124_0007_0006_0063_0063.jpg 1 7 6 63 63
0125_0005_0017_0068_0068.jpg 1 5 17 68 68
0126_0033_0040_0049_0049.jpg 1 33 40 49 49
0127_0045_0007_0046_0046.jpg 1 45 7 46 46
0128_0024_0030_0046_0046.jpg 1 24 30 46 46
0129_0047_0016_0041_0041.jpg 1 47 16 41 41
0130_0026_0017_0043_0043.jpg 1 26 17 43 43
0131_0004_0014_0058_0058.jpg 1 4 14 58 58
0132_0043_0037_0040_0040.jpg 1 43 37 40 40
0133_0048_0019_0045_0045.jpg 1 48 19 45 45
0134_0026_0047_0031_0031.jpg 1 26 47 31 31
0135_0018_0034_0054_0054.jpg 1 18 34 54 54
0136_0004_0017_0067_0067.jpg 1 4 17 67 67
0137_0017_0008_0069_0069.jpg 1 17 8 69 69
0138_0026_0030_0053_0053.jpg 1 26 30 53 53
0139_0021_0016_0067_0067.jpg 1 21 16 67 67
0140_0021_0052_0041_0041.jpg 1 21 52 41 41
0141_0009_0023_0049_0049.jpg 1 9 23 49 49
0142_0057_0057_0029_0029.jpg 1 57 57 29 29
0143_0018_0019_0051_0051.jpg 1 18 19 51 51
0144_0031_0033_0052_0052.jpg 1 31 33 52 52
0145_0015_0029_0053_0053.jpg 1 15 29 53 53
0146_0029_0027_0066_0066.jpg 1 29 27 66 66
0147_0038_0023_0053_0053.jpg 1 38 23 53 53
0148_0007_0028_0063_0063.jpg 1 7 28 63 63
0149_0046_0027_0042_0042.jpg 1 46 27 42 42
0150_0051_0059_0031_0031.jpg 1 51 59 31 31
0151_0021_0011_0041_0041.jpg 1 21 11 41 41
0152_0037_0032_0045_0045.jpg 1 37 32 45 45
0153_0027_0011_0044_0044.jpg 1 27 11 44 44
0154_0029_0014_0053_0053.jpg 1 29 14 53 53
0155_0011_0022_0069_0069.jpg 1 11 22 69 69
0156_0012_0031_0058_0058.jpg 1 12 31 58 58
0157_0009_0032_0058_0058.jpg 1 9 32 58 58
0158_0021_0028_0067_0067.jpg 1 21 28 67 67
0159_0023_0021_0024_0024.jpg 1 23 21 24 24
0160_0007_0007_0065_0065.jpg 1 7 7 65 65
0161_0016_0030_0050_0050.jpg 1 16 30 50 50
0162_0009_0003_0066_0066.jpg 1 9 3 66 66
0163_0005_0030_0065_0065.jpg 1 5 30 65 65
0164_0023_0027_0049_0049.jpg 1 23 27 49 49
0165_0007_0015_0057_0057.jpg 1 7 15 57 57
0166_0019_0034_0058_0058.jpg 1 19 34 58 58
0167_0053_0035_0034_0034.jpg 1 53 35 34 34
0168_0018_0023_0067_0067.jpg 1 18 23 67 67
0169_0012_0015_0063_0063.jpg 1 12 15 63 63
0170_0020_0015_0036_0036.jpg 1 20 15 36 36
0171_0016_0031_0036_0036.jpg 1 16 31 36 36
0172_0003_0007_0067_0067.jpg 1 3 7 67 67
0173_0014_0050_0040_0040.jpg 1 14 50 40 40
0174_0015_0026_0036_0036.jpg 1 15 26 36 36
0175_0029_0025_0053_0053.jpg 1 29 25 53 53
0176_0022_0018_0052_0052.jpg 1 22 18 52 52
0177_0040_0032_0039_0039.jpg 1 40 32 39 39
0178_0016_0021_0067_0067.jpg 1 16 21 67 67
0179_0037_0042_0051_0051.jpg 1 37 42 51 51
0180_0027_0027_0064_0064.jpg 1 27 27 64 64
0181_0017_0047_0044_0044.jpg 1 17 47 44 44
0182_0006_0022_0068_0068.jpg 1 6 22 68 68
0183_0022_0010_0024_0024.jpg 1 22 10 24 24
0184_0015_0029_0065_0065.jpg 1 15 29 65 65
0185_0028_0020_0043_0043.jpg 1 28 20 43 43
0186_0026_0038_0052_0052.jpg 1 26 38 52 52
0187_0016_0007_0029_0029.jpg 1 16 7 29 29
0188_0048_0013_0043_0043.jpg 1 48 13 43 43
0189_0005_0019_0069_0069.jpg 1 5 19 69 69
0190_0041_0017_0050_0050.jpg 1 41 17 50 50
0191_0021_0015_0063_0063.jpg 1 21 15 63 63
0192_0019_0024_0063_0063.jpg 1 19 24 63 63
0193_0013_0030_0053_0053.jpg 1 13 30 53 53
0194_0051_0010_0032_0032.jpg 1 51 10 32 32
0195_0022_0019_0037_0037.jpg 1 22 19 37 37
0196_0035_0059_0024_0024.jpg 1 35 59 24 24
0197_0024_0043_0036_0036.jpg 1 24 43 36 36
0198_0016_0004_0059_0059.jpg 1 16 4 59 59
0199_0012_0016_0034_0034.jpg 1 12 16 34 34
0200_0053_0038_0037_0037.jpg 1 53 38 37 37
0201_0042_0049_0030_0030.jpg 1 42 49 30 30
0202_0027_0049_0028_0028.jpg 1 27 49 28 28
0203_0034_0025_0029_0029.jpg 1 34 25 29 29
0204_0008_0052_0035_0035.jpg 1 8 52 35 35
0205_0027_0024_0033_0033.jpg 1 27 24 33 33
0206_0052_0027_0036_0036.jpg 1 52 27 36 36
0207_0006_0028_0055_0055.jpg 1 6 28 55 55
0208_0022_0012_0067_0067.jpg 1 22 12 67 67
0209_0049_0024_0041_0041.jpg 1 49 24 41 41
0210_0006_0019_0066_0066.jpg 1 6 19 66 66
0211_0018_0015_0068_0068.jpg 1 18 15 68 68
0212_0029_0020_0055_0055.jpg 1 29 20 55 55
0213_0008_0020_0024_0024.jpg 1 8 20 24 24
0214_0062_0065_0025_0025.jpg 1 62 65 25 25
0215_0009_0029_0066_0066.jpg 1 9 29 66 66
0216_0034_0028_0059_0059.jpg 1 34 28 59 59
0217_0041_0009_0031_0031.jpg 1 41 9 31 31
0218_0027_0027_0028_0028.jpg 1 27 27 28 28
0219_0034_0042_0050_0050.jpg 1 34 42 50 50
0220_0022_0060_0028_0028.jpg 1 22 60 28 28
0221_0045_0025_0041_0041.jpg 1 45 25 41 41
0222_0014_0025_0069_0069.jpg 1 14 25 69 69
0223_0047_0024_0026_0026.jpg 1 47 24 26 26
0224_0058_0062_0029_0029.jpg 1 58 62 29 29
0225_0010_0033_0062_0062.jpg 1 10 33 62 62
0226_0028_0020_0059_0059.jpg 1 28 20 59 59
0227_0046_0012_0045_0045.jpg 1 46 12 45 45
0228_0015_0029_0056_0056.jpg 1 15 29 56 56
0229_0026_0034_0045_0045.jpg 1 26 34 45 45
0230_0009_0010_0049_0049.jpg 1 9 10 49 49
0231_0036_0019_0042_0042.jpg 1 36 19 42 42
0232_0045_0045_0030_0030.jpg 1 45 45 30 30
0233_0027_0020_0065_0065.jpg 1 27 20 65 65
0234_0041_0025_0044_0044.jpg 1 41 25 44 44
0235_0012_0054_0028_0028.jpg 1 12 54 28 28
0236_0030_0021_0042_0042.jpg 1 30 21 42 42
0237_0037_0006_0046_0046.jpg 1 37 6 46 46
0238_0023_0027_0047_0047.jpg 1 23 27 47 47
0239_0049_0012_0042_0042.jpg 1 49 12 42 42
0240_0029_0063_0025_0025.jpg 1 29 63 25 25
0241_0020_0016_0069_0069.jpg 1 20 16 69 69
0242_0035_0023_0034_0034.jpg 1 35 23 34 34
0243_0030_0014_0046_0046.jpg 1 30 14 46 46
0244_0042_0007_0032_0032.jpg 1 42 7 32 32
0245_0031_0010_0045_0045.jpg 1 31 10 45 45
0246_0015_0013_0058_0058.jpg 1 15 13 58 58
0247_0018_0004_0064_0064.jpg 1 18 4 64 64
0248_0028_0009_0064_0064.jpg 1 28 9 64 64
0249_0051_0040_0037_0037.jpg 1 51 40 37 37
0250_0031_0022_0063_0063.jpg 1 31 22 63 63
0251_0051_0049_0033_0033.jpg 1 51 49 33 33
0252_0011_0026_0033_0033.jpg 1 11 26 33 33
0253_0028_0008_0045_0045.jpg 1 28 8 45 45
0254_0036_0062_0030_0030.jpg 1 36 62 30 30
0255_0018_0029_0066_0066.jpg 1 18 29 66 66
0256_0019_0032_0062_0062.jpg 1 19 32 62 62
0257_0060_0041_0030_0030.jpg 1 60 41 30 30
0258_0021_0028_0027_0027.jpg 1 21 28 27 27
0259_0015_0032_0062_0062.jpg 1 15 32 62 62
0260_0028_0020_0063_0063.jpg 1 28 20 63 63
0261_0010_0012_0028_0028.jpg 1 10 12 28 28
0262_0057_0031_0036_0036.jpg 1 57 31 36 36
0263_0049_0052_0024_0024.jpg 1 49 52 24 24
0264_0007_0009_0053_0053.jpg 1 7 9 53 53
0265_0006_0007_0062_0062.jpg 1 6 7 62 62
0266_0020_0027_0026_0026.jpg 1 20 27 26 26
0267_0024_0019_0049_0049.jpg 1 24 19 49 49
0268_0028_0005_0062_0062.jpg 1 28 5 62 62
0269_0015_0029_0049_0049.jpg 1 15 29 49 49
0270_0019_0013_0052_0052.jpg 1 19 13 52 52
0271_0042_0007_0051_0051.jpg 1 42 7 51 51
0272_0028_0009_0060_0060.jpg 1 28 9 60 60
0273_0050_0022_0031_0031.jpg 1 50 22 31 31
0274_0037_0032_0054_0054.jpg 1 37 32 54 54
0275_0037_0013_0038_0038.jpg 1 37 13 38 38
0276_0023_0013_0043_0043.jpg 1 23 13 43 43
0277_0047_0057_0026_0026.jpg 1 47 57 26 26
0278_0013_0035_0056_0056.jpg 1 13 35 56 56
0279_0028_0046_0027_0027.jpg 1 28 46 27 27
0280_0004_0005_0066_0066.jpg 1 4 5 66 66
0281_0031_0017_0061_0061.jpg 1 31 17 61 61
0282_0037_0023_0025_0025.jpg 1 37 23 25 25
0283_0010_0015_0027_0027.jpg 1 10 15 27 27
0284_0062_0065_0026_0026.jpg 1 62 65 26 26
0285_0030_0009_0047_0047.jpg 1 30 9 47 47
0286_0024_0004_0064_0064.jpg 1 24 4 64 64
0287_0033_0011_0058_0058.jpg 1 33 11 58 58
0288_0009_0029_0057_0057.jpg 1 9 29 57 57
0289_0016_0008_0064_0064.jpg 1 16 8 64 64
0290_0044_0025_0041_0041.jpg 1 44 25 41 41
0291_0005_0036_0050_0050.jpg 1 5 36 50 50
0292_0055_0008_0024_0024.jpg 1 55 8 24 24
0293_0025_0036_0053_0053.jpg 1 25 36 53 53
0294_0017_0026_0064_0064.jpg 1 17 26 64 64
0295_0048_0062_0028_0028.jpg 1 48 62 28 28
0296_0024_0018_0045_0045.jpg 1 24 18 45 45
0297_0020_0049_0045_0045.jpg 1 20 49 45 45
0298_0011_0038_0042_0042.jpg 1 11 38 42 42
0299_0043_0027_0043_0043.jpg 1 43 27 43 43
0300_0046_0039_0046_0046.jpg 1 46 39 46 46
0301_0028_0013_0041_0041.jpg 1 28 13 41 41
0302_0020_0039_0049_0049.jpg 1 20 39 49 49
0303_0042_0049_0038_0038.jpg 1 42 49 38 38
0304_0021_0032_0046_0046.jpg 1 21 32 46 46
0305_0047_0047_0030_0030.jpg 1 47 47 30 30
0306_0014_0017_0069_0069.jpg 1 14 17 69 69
0307_0020_0047_0031_0031.jpg 1 20 47 31 31
0308_0016_0053_0031_0031.jpg 1 16 53 31 31
0309_0021_0016_0036_0036.jpg 1 21 16 36 36
0310_0016_0024_0051_0051.jpg 1 16 24 51 51
0311_0018_0023_0050_0050.jpg 1 18 23 50 50
0312_0021_0043_0037_0037.jpg 1 21 43 37 37
0313_0027_0022_0066_0066.jpg 1 27 22 66 66
0314_0012_0018_0052_0052.jpg 1 12 18 52 52
0315_0029_0018_0052_0052.jpg 1 29 18 52 52
0316_0045_0019_0028_0028.jpg 1 45 19 28 28
0317_0049_0049_0036_0036.jpg 1 49 49 36 36
0318_0009_0022_0066_0066.jpg 1 9 22 66 66
0319_0051_0006_0036_0036.jpg 1 51 6 36 36
0320_0016_0017_0061_0061.jpg 1 16 17 61 61
0321_0025_0029_0066_0066.jpg 1 25 29 66 66
0322_0019_0015_0067_0067.jpg 1 19 15 67 67
0323_0025_0008_0058_0058.jpg 1 25 8 58 58
0324_0007_0022_0068_0068.jpg 1 7 22 68 68
0325_0033_0023_0049_0049.jpg 1 33 23 49 49
0326_0016_0013_0055_0055.jpg 1 16 13 55 55
0327_0029_0005_0056_0056.jpg 1 29 5 56 56
0328_0009_0011_0063_0063.jpg 1 9 11 63 63
0329_0028_0036_0037_0037.jpg 1 28 36 37 37
0330_0022_0030_0050_0050.jpg 1 22 30 50 50
0331_0020_0040_0039_0039.jpg 1 20 40 39 39
0332_0006_0007_0050_0050.jpg 1 6 7 50 50
0333_0009_0048_0037_0037.jpg 1 9 48 37 37
0334_0028_0021_0054_0054.jpg 1 28 21 54 54
0335_0013_0030_0064_0064.jpg 1 13 30 64 64
0336_0027_0029_0054_0054.jpg 1 27 29 54 54
0337_0027_0018_0054_0054.jpg 1 27 18 54 54
0338_0007_0030_0043_0043.jpg 1 7 30 43 43
0339_0020_0010_0069_0069.jpg 1 20 10 69 69
0340_0028_0014_0062_0062.jpg 1 28 14 62 62
0341_0027_0018_0031_0031.jpg 1 27 18 31 31
0342_0044_0043_0048_0048.jpg 1 44 43 48 48
0343_0032_0045_0027_0027.jpg 1 32 45 27 27
0344_0028_0046_0031_0031.jpg 1 28 46 31 31
0345_0015_0007_0055_0055.jpg 1 15 7 55 55
0346_0030_0021_0066_0066.jpg 1 30 21 66 66
0347_0012_0011_0067_0067.jpg 1 12 11 67 67
0348_0035_0007_0044_0044.jpg 1 35 7 44 44
0349_0020_0007_0044_0044.jpg 1 20 7 44 44
0350_0037_0008_0042_0042.jpg 1 37 8 42 42
0351_0005_0016_0065_0065.jpg 1 5 16 65 65
0352_0066_0050_0026_0026.jpg 1 66 50 26 26
0353_0024_0019_0066_0066.jpg 1 24 19 66 66
0354_0017_0016_0037_0037.jpg 1 17 16 37 37
0355_0015_0018_0054_0054.jpg 1 15 18 54 54
0356_0017_0029_0058_0058.jpg 1 17 29 58 58
0357_0033_0026_0047_0047.jpg 1 33 26 47 47
0358_0027_0025_0036_0036.jpg 1 27 25 36 36
0359_0004_0028_0057_0057.jpg 1 4 28 57 57
0360_0031_0034_0037_0037.jpg 1 31 34 37 37
0361_0030_0010_0060_0060.jpg 1 30 10 60 60
0362_0045_0031_0039_0039.jpg 1 45 31 39 39
0363_0020_0033_0034_0034.jpg 1 20 33 34 34
0364_0029_0056_0025_0025.jpg 1 29 56 25 25
0365_0059_0064_0024_0024.jpg 1 59 64 24 24
0366_0055_0053_0026_0026.jpg 1 55 53 26 26
0367_0027_0025_0028_0028.jpg 1 27 25 28 28
0368_0040_0038_0048_0048.jpg 1 40 38 48 48
0369_0010_0024_0042_0042.jpg 1 10 24 42 42
0370_0028_0012_0064_0064.jpg 1 28 12 64 64
0371_0037_0051_0025_0025.jpg 1 37 51 25 25
0372_0012_0007_0058_0058.jpg 1 12 7 58 58
0373_0009_0021_0064_0064.jpg 1 9 21 64 64
0374_0009_0020_0049_0049.jpg 1 9 20 49 49
0375_0009_0008_0046_0046.jpg 1 9 8 46 46
0376_0049_0008_0033_0033.jpg 1 49 8 33 33
0377_0027_0006_0058_0058.jpg 1 27 6 58 58
0378_0013_0014_0057_0057.jpg 1 13 14 57 57
0379_0020_0043_0041_0041.jpg 1 20 43 41 41
0380_0043_0024_0035_0035.jpg 1 43 24 35 35
0381_0012_0006_0064_0064.jpg 1 12 6 64 64
0382_0060_0048_0032_0032.jpg 1 60 48 32 32
0383_0020_0012_0065_0065.jpg 1 20 12 65 65
0384_0005_0009_0063_0063.jpg 1 5 9 63 63
0385_0029_0050_0042_0042.jpg 1 29 50 42 42
0386_0043_0034_0039_0039.jpg 1 43 34 39 39
0387_0044_0037_0035_0035.jpg 1 44 37 35 35
0388_0009_0013_0069_0069.jpg 1 9 13 69 69
0389_0038_0034_0054_0054.jpg 1 38 34 54 54
0390_0042_0039_0044_0044.jpg 1 42 39 44 44
0391_0037_0021_0051_0051.jpg 1 37 21 51 51
0392_0048_0006_0039_0039.jpg 1 48 6 39 39
0393_0005_0025_0046_0046.jpg 1 5 25 46 46
0394_0034_0008_0045_0045.jpg 1 34 8 45 45
0395_0040_0013_0043_0043.jpg 1 40 13 43 43
0396_0023_0038_0054_0054.jpg 1 23 38 54 54
0397_0019_0018_0067_0067.jpg 1 19 18 67 67
0398_0011_0057_0031_0031.jpg 1 11 57 31 31
0399_0054_0023_0029_0029.jpg 1 54 23 29 29
0400_0029_0041_0050_0050.jpg 1 29 41 50 50
0401_0044_0017_0035_0035.jpg 1 44 17 35 35
0402_0038_0027_0043_0043.jpg 1 38 27 43 43
0403_0008_0019_0060_0060.jpg 1 8 19 60 60
0404_0024_0008_0046_0046.jpg 1 24 8 46 46
0405_0024_0028_0056_0056.jpg 1 24 28 56 56
0406_0008_0011_0062_0062.jpg 1 8 11 62 62
0407_0030_0004_0053_0053.jpg 1 30 4 53 53
0408_0013_0009_0052_0052.jpg 1 13 9 52 52
0409_0015_0037_0050_0050.jpg 1 15 37 50 50
0410_0033_0019_0061_0061.jpg 1 33 19 61 61
0411_0027_0007_0050_0050.jpg 1 27 7 50 50
0412_0012_0026_0061_0061.jpg 1 12 26 61 61
0413_0026_0025_0053_0053.jpg 1 26 25 53 53
0414_0015_0038_0033_0033.jpg 1 15 38 33 33
0415_0028_0051_0041_0041.jpg 1 28 51 41 41
0416_0016_0026_0037_0037.jpg 1 16 26 37 37
0417_0006_0010_0060_0060.jpg 1 6 10 60 60
0418_0034_0065_0024_0024.jpg 1 34 65 24 24
0419_0022_0020_0068_0068.jpg 1 22 20 68 68
0420_0013_0046_0041_0041.jpg 1 13 46 41 41
0421_0036_0026_0025_0025.jpg 1 36 26 25 25
0422_0009_0006_0069_0069.jpg 1 9 6 69 69
0423_0020_0028_0043_0043.jpg 1 20 28 43 43
0424_0016_0057_0031_0031.jpg 1 16 57 31 31
0425_0026_0014_0063_0063.jpg 1 26 14 63 63
0426_0007_0004_0066_0066.jpg 1 7 4 66 66
0427_0032_0036_0043_0043.jpg 1 32 36 43 43
0428_0023_0022_0050_0050.jpg 1 23 22 50 50
0429_0048_0030_0028_0028.jpg 1 48 30 28 28
0430_0011_0006_0063_0063.jpg 1 11 6 63 63
0431_0024_0004_0059_0059.jpg 1 24 4 59 59
0432_0025_0018_0031_0031.jpg 1 25 18 31 31
0433_0011_0032_0039_0039.jpg 1 11 32 39 39
0434_0016_0017_0068_0068.jpg 1 16 17 68 68
0435_0028_0028_0030_0030.jpg 1 28 28 30 30
0436_0008_0038_0051_0051.jpg 1 8 38 51 51
0437_0009_0034_0057_0057.jpg 1 9 34 57 57
0438_0008_0038_0043_0043.jpg 1 8 38 43 43
0439_0028_0011_0068_0068.jpg 1 28 11 68 68
0440_0036_0007_0026_0026.jpg 1 36 7 26 26
0441_0035_0012_0038_0038.jpg 1 35 12 38 38
0442_0039_0026_0041_0041.jpg 1 39 26 41 41
0443_0019_0032_0043_0043.jpg 1 19 32 43 43
0444_0016_0016_0057_0057.jpg 1 16 16 57 57
0445_0018_0045_0037_0037.jpg 1 18 45 37 37
0446_0041_0050_0028_0028.jpg 1 41 50 28 28
0447_0045_0022_0025_0025.jpg 1 45 22 25 25
0448_0010_0016_0039_0039.jpg 1 10 16 39 39
0449_0011_0017_0067_0067.jpg 1 11 17 67 67
0450_0027_0010_0057_0057.jpg 1 27 10 57 57
0451_0006_0029_0061_0061.jpg 1 6 29 61 61
0452_0057_0012_0029_0029.jpg 1 57 12 29 29
0453_0014_0014_0037_0037.jpg 1 14 14 37 37
0454_0035_0011_0031_0031.jpg 1 35 11 31 31
0455_0022_0022_0053_0053.jpg 1 22 22 53 53
0456_0005_0010_0058_0058.jpg 1 5 10 58 58
0457_0009_0032_0055_0055.jpg 1 9 32 55 55
0458_0015_0019_0037_0037.jpg 1 15 19 37 37
0459_0052_0053_0024_0024.jpg 1 52 53 24 24
0460_0040_0027_0037_0037.jpg 1 40 27 37 37
0461_0010_0035_0044_0044.jpg 1 10 35 44 44
0462_0034_0027_0056_0056.jpg 1 34 27 56 56
0463_0039_0036_0036_0036.jpg 1 39 36 36 36
0464_0021_0036_0051_0051.jpg 1 21 36 51 51
0465_0020_0015_0044_0044.jpg 1 20 15 44 44
0466_0008_0017_0046_0046.jpg 1 8 17 46 46
0467_0012_0034_0033_0033.jpg 1 12 34 33 33
0468_0046_0042_0034_0034.jpg 1 46 42 34 34
0469_0020_0038_0038_0038.jpg 1 20 38 38 38
0470_0029_0024_0025_0025.jpg 1 29 24 25 25
0471_0029_0040_0033_0033.jpg 1 29 40 33 33
0472_0005_0022_0060_0060.jpg 1 5 22 60 60
0473_0007_0018_0046_0046.jpg 1 7 18 46 46
0474_0033_0030_0044_0044.jpg 1 33 30 44 44
0475_0025_0008_0067_0067.jpg 1 25 8 67 67
0476_0032_0019_0063_0063.jpg 1 32 19 63 63
0477_0018_0028_0068_0068.jpg 1 18 28 68 68
0478_0019_0018_0045_0045.jpg 1 19 18 45 45
0479_0033_0050_0027_0027.jpg 1 33 50 27 27
0480_0008_0021_0032_0032.jpg 1 8 21 32 32
0481_0030_0026_0055_0055.jpg 1 30 26 55 55
0482_0020_0019_0068_0068.jpg 1 20 19 68 68
0483_0008_0014_0042_0042.jpg 1 8 14 42 42
0484_0029_0013_0066_0066.jpg 1 29 13 66 66
0485_0026_0016_0050_0050.jpg 1 26 16 50 50
0486_0025_0039_0043_0043.jpg 1 25 39 43 43
0487_0016_0026_0068_0068.jpg 1 16 26 68 68
0488_0038_0009_0050_0050.jpg 1 38 9 50 50
0489_0030_0023_0034_0034.jpg 1 30 23 34 34
0490_0039_0007_0053_0053.jpg 1 39 7 53 53
0491_0019_0032_0055_0055.jpg 1 19 32 55 55
0492_0021_0041_0051_0051.jpg 1 21 41 51 51
0493_0023_0051_0024_0024.jpg 1 23 51 24 24
0494_0008_0045_0036_0036.jpg 1 8 45 36 36
0495_0041_0012_0052_0052.jpg 1 41 12 52 52
0496_0031_0025_0052_0052.jpg 1 31 25 52 52
0497_0029_0014_0055_0055.jpg 1 29 14 55 55
0498_0063_0056_0028_0028.jpg 1 63 56 28 28
0499_0021_0024_0039_0039.jpg 1 21 24 39 39
0500_0030_0022_0050_0050.jpg 1 30 22 50 50
0501_0023_0028_0064_0064.jpg 1 23 28 64 64
0502_0022_0022_0052_0052.jpg 1 22 22 52 52
0503_0028_0022_0044_0044.jpg 1 28 22 44 44
0504_0041_0010_0044_0044.jpg 1 41 10 44 44
0505_0031_0045_0032_0032.jpg 1 31 45 32 32
0506_0013_0029_0055_0055.jpg 1 13 29 55 55
0507_0011_0009_0069_0069.jpg 1 11 9 69 69
0508_0015_0022_0052_0052.jpg 1 15 22 52 52
0509_0008_0014_0037_0037.jpg 1 8 14 37 37
0510_0037_0009_0026_0026.jpg 1 37 9 26 26
0511_0029_0013_0065_0065.jpg 1 29 13 65 65
0512_0031_0028_0058_0058.jpg 1 31 28 58 58
0513_0037_0048_0040_0040.jpg 1 37 48 40 40
0514_0013_0027_0038_0038.jpg 1 13 27 38 38
0515_0029_0027_0035_0035.jpg 1 29 27 35 35
0516_0019_0006_0048_0048.jpg 1 19 6 48 48
0517_0044_0018_0032_0032.jpg 1 44 18 32 32
0518_0044_0012_0043_0043.jpg 1 44 12 43 43
0519_0008_0008_0043_0043.jpg 1 8 8 43 43
0520_0019_0026_0068_0068.jpg 1 19 26 68 68
0521_0026_0034_0025_0025.jpg 1 26 34 25 25
0522_0035_0028_0038_0038.jpg 1 35 28 38 38
0523_0058_0032_0024_0024.jpg 1 58 32 24 24
0524_0014_0049_0040_0040.jpg 1 14 49 40 40
0525_0006_0021_0056_0056.jpg 1 6 21 56 56
0526_0050_0010_0042_0042.jpg 1 50 10 42 42
0527_0022_0008_0054_0054.jpg 1 22 8 54 54
0528_0012_0018_0054_0054.jpg 1 12 18 54 54
0529_0036_0026_0052_0052.jpg 1 36 26 52 52
0530_0006_0015_0066_0066.jpg 1 6 15 66 66
0531_0006_0019_0060_0060.jpg 1 6 19 60 60
0532_0008_0030_0027_0027.jpg 1 8 30 27 27
0533_0034_0011_0060_0060.jpg 1 34 11 60 60
0534_0007_0018_0064_0064.jpg 1 7 18 64 64
0535_0016_0018_0068_0068.jpg 1 16 18 68 68
0536_0017_0007_0045_0045.jpg 1 17 7 45 45
0537_0031_0035_0044_0044.jpg 1 31 35 44 44
0538_0022_0005_0063_0063.jpg 1 22 5 63 63
0539_0020_0016_0047_0047.jpg 1 20 16 47 47
0540_0034_0012_0034_0034.jpg 1 34 12 34 34
0541_0017_0040_0030_0030.jpg 1 17 40 30 30
0542_0051_0048_0036_0036.jpg 1 51 48 36 36
0543_0065_0057_0026_0026.jpg 1 65 57 26 26
0544_0023_0011_0063_0063.jpg 1 23 11 63 63
0545_0017_0022_0048_0048.jpg 1 17 22 48 48
0546_0035_0029_0043_0043.jpg 1 35 29 43 43
0547_0041_0049_0039_0039.jpg 1 41 49 39 39
0548_0019_0021_0061_0061.jpg 1 19 21 61 61
0549_0045_0043_0043_0043.jpg 1 45 43 43 43
0550_0024_0005_0062_0062.jpg 1 24 5 62 62
0551_0053_0050_0030_0030.jpg 1 53 50 30 30
0552_0027_0006_0062_0062.jpg 1 27 6 62 62
0553_0020_0013_0062_0062.jpg 1 20 13 62 62
0554_0017_0056_0028_0028.jpg 1 17 56 28 28
0555_0022_0039_0034_0034.jpg 1 22 39 34 34
0556_0064_0067_0024_0024.jpg 1 64 67 24 24
0557_0028_0052_0028_0028.jpg 1 28 52 28 28
0558_0049_0043_0044_0044.jpg 1 49 43 44 44
0559_0022_0037_0051_0051.jpg 1 22 37 51 51
0560_0009_0005_0060_0060.jpg 1 9 5 60 60
0561_0009_0056_0027_0027.jpg 1 9 56 27 27
0562_0044_0011_0040_0040.jpg 1 44 11 40 40
0563_0026_0007_0049_0049.jpg 1 26 7 49 49
0564_0025_0050_0029_0029.jpg 1 25 50 29 29
0565_0037_0014_0028_0028.jpg 1 37 14 28 28
0566_0044_0010_0037_0037.jpg 1 44 10 37 37
0567_0060_0009_0027_0027.jpg 1 60 9 27 27
0568_0031_0030_0039_0039.jpg 1 31 30 39 39
0569_0031_0031_0064_0064.jpg 1 31 31 64 64
0570_0025_0012_0058_0058.jpg 1 25 12 58 58
0571_0008_0027_0066_0066.jpg 1 8 27 66 66
0572_0006_0045_0047_0047.jpg 1 6 45 47 47
0573_0028_0031_0052_0052.jpg 1 28 31 52 52
0574_0007_0016_0064_0064.jpg 1 7 16 64 64
0575_0016_0016_0054_0054.jpg 1 16 16 54 54
0576_0015_0017_0061_0061.jpg 1 15 17 61 61
0577_0046_0030_0031_0031.jpg 1 46 30 31 31
0578_0022_0020_0062_0062.jpg 1 22 20 62 62
0579_0022_0024_0034_0034.jpg 1 22 24 34 34
0580_0018_0034_0032_0032.jpg 1 18 34 32 32
0581_0019_0013_0065_0065.jpg 1 19 13 65 65
0582_0011_0029_0058_0058.jpg 1 11 29 58 58
0583_0013_0024_0049_0049.jpg 1 13 24 49 49
0584_0014_0006_0066_0066.jpg 1 14 6 66 66
0585_0022_0029_0061_0061.jpg 1 22 29 61 61
0586_0038_0033_0052_0052.jpg 1 38 33 52 52
0587_0026_0052_0038_0038.jpg 1 26 52 38 38
0588_0030_0013_0024_0024.jpg 1 30 13 24 24
0589_0015_0008_0068_0068.jpg 1 15 8 68 68
0590_0025_0018_0069_0069.jpg 1 25 18 69 69
0591_0021_0060_0033_0033.jpg 1 21 60 33 33
0592_0019_0009_0042_0042.jpg 1 19 9 42 42
0593_0006_0032_0043_0043.jpg 1 6 32 43 43
0594_0028_0017_0047_0047.jpg 1 28 17 47 47
0595_0020_0012_0028_0028.jpg 1 20 12 28 28
0596_0025_0029_0053_0053.jpg 1 25 29 53 53
0597_0024_0022_0068_0068.jpg 1 24 22 68 68
0598_0022_0027_0037_0037.jpg 1 22 27 37 37
0599_0022_0048_0038_0038.jpg 1 22 48 38 38
0600_0048_0044_0030_0030.jpg 1 48 44 30 30
0601_0006_0005_0069_0069.jpg 1 6 5 69 69
0602_0014_0053_0029_0029.jpg 1 14 53 29 29
0603_0014_0036_0027_0027.jpg 1 14 36 27 27
0604_0038_0020_0024_0024.jpg 1 38 20 24 24
0605_0022_0042_0047_0047.jpg 1 22 42 47 47
0606_0015_0029_0040_0040.jpg 1 15 29 40 40
0607_0055_0019_0035_0035.jpg 1 55 19 35 35
0608_0059_0064_0028_0028.jpg 1 59 64 28 28
0609_0025_0024_0031_0031.jpg 1 25 24 31 31
0610_0026_0020_0063_0063.jpg 1 26 20 63 63
0611_0043_0021_0034_0034.jpg 1 43 21 34 34
0612_0025_0035_0036_0036.jpg 1 25 35 36 36
0613_0037_0009_0040_0040.jpg 1 37 9 40 40
0614_0032_0029_0047_0047.jpg 1 32 29 47 47
0615_0030_0012_0030_0030.jpg 1 30 12 30 30
0616_0011_0013_0060_0060.jpg 1 11 13 60 60
0617_0052_0050_0034_0034.jpg 1 52 50 34 34
0618_0033_0007_0038_0038.jpg 1 33 7 38 38
0619_0007_0039_0052_0052.jpg 1 7 39 52 52
0620_0036_0019_0055_0055.jpg 1 36 19 55 55
0621_0050_0008_0043_0043.jpg 1 50 8 43 43
0622_0015_0013_0026_0026.jpg 1 15 13 26 26
0623_0019_0028_0067_0067.jpg 1 19 28 67 67
0624_0011_0021_0063_0063.jpg 1 11 21 63 63
0625_0015_0008_0060_0060.jpg 1 15 8 60 60
0626_0049_0006_0034_0034.jpg 1 49 6 34 34
0627_0043_0008_0048_0048.jpg 1 43 8 48 48
0628_0046_0021_0047_0047.jpg 1 46 21 47 47
0629_0036_0050_0025_0025.jpg 1 36 50 25 25
0630_0036_0037_0053_0053.jpg 1 36 37 53 53
0631_0043_0034_0047_0047.jpg 1 43 34 47 47
0632_0026_0017_0034_0034.jpg 1 26 17 34 34
0633_0024_0004_0062_0062.jpg 1 24 4 62 62
0634_0021_0027_0049_0049.jpg 1 21 27 49 49
0635_0037_0005_0057_0057.jpg 1 37 5 57 57
0636_0008_0015_0024_0024.jpg 1 8 15 24 24
0637_0022_0050_0025_0025.jpg 1 22 50 25 25
0638_0012_0004_0058_0058.jpg 1 12 4 58 58
0639_0025_0017_0068_0068.jpg 1 25 17 68 68
0640_0029_0055_0025_0025.jpg 1 29 55 25 25
0641_0005_0036_0052_0052.jpg 1 5 36 52 52
0642_0058_0011_0030_0030.jpg 1 58 11 30 30
0643_0009_0021_0051_0051.jpg 1 9 21 51 51
0644_0045_0023_0041_0041.jpg 1 45 23 41 41
0645_0011_0007_0056_0056.jpg 1 11 7 56 56
0646_0024_0013_0069_0069.jpg 1 24 13 69 69
0647_0007_0047_0043_0043.jpg 1 7 47 43 43
0648_0028_0048_0024_0024.jpg 1 28 48 24 24
0649_0030_0032_0050_0050.jpg 1 30 32 50 50
0650_0025_0034_0060_0060.jpg 1 25 34 60 60
0651_0028_0047_0044_0044.jpg 1 28 47 44 44
0652_0023_0006_0050_0050.jpg 1 23 6 50 50
0653_0039_0037_0049_0049.jpg 1 39 37 49 49
0654_0012_0026_0068_0068.jpg 1 12 26 68 68
0655_0008_0024_0068_0068.jpg 1 8 24 68 68
0656_0066_0057_0025_0025.jpg 1 66 57 25 25
0657_0023_0020_0060_0060.jpg 1 23 20 60 60
0658_0050_0050_0033_0033.jpg 1 50 50 33 33
0659_0014_0017_0056_0056.jpg 1 14 17 56 56
0660_0028_0041_0052_0052.jpg 1 28 41 52 52
0661_0012_0031_0035_0035.jpg 1 12 31 35 35
0662_0009_0015_0034_0034.jpg 1 9 15 34 34
0663_0038_0010_0030_0030.jpg 1 38 10 30 30
0664_0013_0036_0054_0054.jpg 1 13 36 54 54
0665_0026_0012_0052_0052.jpg 1 26 12 52 52
0666_0007_0032_0054_0054.jpg 1 7 32 54 54
0667_0026_0033_0046_0046.jpg 1 26 33 46 46
0668_0013_0028_0067_0067.jpg 1 13 28 67 67
0669_0042_0013_0035_0035.jpg 1 42 13 35 35
0670_0040_0013_0036_0036.jpg 1 40 13 36 36
0671_0016_0026_0067_0067.jpg 1 16 26 67 67
0672_0027_0004_0068_0068.jpg 1 27 4 68 68
0673_0020_0017_0065_0065.jpg 1 20 17 65 65
0674_0024_0021_0068_0068.jpg 1 24 21 68 68
0675_0058_0038_0029_0029.jpg 1 58 38 29 29
0676_0040_0009_0036_0036.jpg 1 40 9 36 36
0677_0005_0027_0069_0069.jpg 1 5 27 69 69
0678_0013_0018_0062_0062.jpg 1 13 18 62 62
0679_0043_0037_0034_0034.jpg 1 43 37 34 34
0680_0007_0045_0047_0047.jpg 1 7 45 47 47
0681_0040_0035_0045_0045.jpg 1 40 35 45 45
0682_0035_0049_0043_0043.jpg 1 35 49 43 43
0683_0039_0036_0033_0033.jpg 1 39 36 33 33
0684_0021_0023_0066_0066.jpg 1 21 23 66 66
0685_0008_0007_0069_0069.jpg 1 8 7 69 69
0686_0007_0025_0053_0053.jpg 1 7 25 53 53
0687_0008_0058_0025_0025.jpg 1 8 58 25 25
0688_0014_0004_0066_0066.jpg 1 14 4 66 66
0689_0025_0044_0026_0026.jpg 1 25 44 26 26
0690_0021_0004_0061_0061.jpg 1 21 4 61 61
0691_0015_0032_0050_0050.jpg 1 15 32 50 50
0692_0011_0029_0054_0054.jpg 1 11 29 54 54
0693_0013_0031_0049_0049.jpg 1 13 31 49 49
0694_0050_0012_0036_0036.jpg 1 50 12 36 36
0695_0025_0034_0034_0034.jpg 1 25 34 34 34
0696_0015_0025_0038_0038.jpg 1 15 25 38 38
0697_0009_0030_0047_0047.jpg 1 9 30 47 47
0698_0023_0011_0042_0042.jpg 1 23 11 42 42
0699_0054_0026_0024_0024.jpg 1 54 26 24 24
0700_0003_0005_0069_0069.jpg 1 3 5 69 69
