0001_0005_0020_0064_0064.jpg 1 5 20 64 64
0002_0026_0025_0048_0048.jpg 1 26 25 48 48
0003_0064_0054_0024_0024.jpg 1 64 54 24 24
0004_0028_0025_0039_0039.jpg 1 28 25 39 39
0005_0031_0043_0036_0036.jpg 1 31 43 36 36
0006_0027_0032_0053_0053.jpg 1 27 32 53 53
0007_0011_0011_0048_0048.jpg 1 11 11 48 48
0008_0029_0057_0035_0035.jpg 1 29 57 35 35
0009_0013_0019_0063_0063.jpg 1 13 19 63 63
0010_0039_0030_0040_0040.jpg 1 39 30 40 40
0011_0046_0011_0042_0042.jpg 1 46 11 42 42
0012_0014_0034_0047_0047.jpg 1 14 34 47 47
0013_0014_0023_0050_0050.jpg 1 14 23 50 50
0014_0021_0036_0050_0050.jpg 1 21 36 50 50
0015_0029_0022_0062_0062.jpg 1 29 22 62 62
0016_0044_0021_0046_0046.jpg 1 44 21 46 46
0017_0006_0005_0048_0048.jpg 1 6 5 48 48
0018_0012_0023_0069_0069.jpg 1 12 23 69 69
0019_0032_0009_0058_0058.jpg 1 32 9 58 58
0020_0021_0018_0063_0063.jpg 1 21 18 63 63
0021_0037_0033_0048_0048.jpg 1 37 33 48 48
0022_0016_0013_0035_0035.jpg 1 16 13 35 35
0023_0024_0033_0053_0053.jpg 1 24 33 53 53
0024_0065_0024_0025_0025.jpg 1 65 24 25 25
0025_0012_0044_0031_0031.jpg 1 12 44 31 31
0026_0020_0044_0045_0045.jpg 1 20 44 45 45
0027_0034_0017_0036_0036.jpg 1 34 17 36 36
0028_0053_0050_0024_0024.jpg 1 53 50 24 24
0029_0010_0015_0060_0060.jpg 1 10 15 60 60
0030_0010_0011_0061_0061.jpg 1 10 11 61 61
0031_0030_0016_0058_0058.jpg 1 30 16 58 58
0032_0036_0014_0048_0048.jpg 1 36 14 48 48
0033_0009_0016_0067_0067.jpg 1 9 16 67 67
0034_0020_0011_0045_0045.jpg 1 20 11 45 45
0035_0014_0007_0061_0061.jpg 1 14 7 61 61
0036_0028_0008_0061_0061.jpg 1 28 8 61 61
0037_0039_0026_0026_0026.jpg 1 39 26 26 26
0038_0016_0056_0036_0036.jpg 1 16 56 36 36
0039_0007_0009_0050_0050.jpg 1 7 9 50 50
0040_0035_0035_0049_0049.jpg 1 35 35 49 49
0041_0020_0024_0033_0033.jpg 1 20 24 33 33
0042_0048_0039_0032_0032.jpg 1 48 39 32 32
0043_0005_0026_0064_0064.jpg 1 5 26 64 64
0044_0004_0009_0066_0066.jpg 1 4 9 66 66
0045_0017_0037_0054_0054.jpg 1 17 37 54 54
0046_0052_0036_0040_0040.jpg 1 52 36 40 40
0047_0012_0029_0061_0061.jpg 1 12 29 61 61
0048_0044_0035_0048_0048.jpg 1 44 35 48 48
0049_0024_0066_0026_0026.jpg 1 24 66 26 26
0050_0017_0015_0062_0062.jpg 1 17 15 62 62
0051_0027_0010_0038_0038.jpg 1 27 10 38 38
0052_0023_0017_0065_0065.jpg 1 23 17 65 65
0053_0022_0041_0032_0032.jpg 1 22 41 32 32
0054_0024_0068_0024_0024.jpg 1 24 68 24 24
0055_0037_0024_0039_0039.jpg 1 37 24 39 39
0056_0022_0030_0066_0066.jpg 1 22 30 66 66
0057_0051_0011_0037_0037.jpg 1 51 11 37 37
0058_0030_0005_0064_0064.jpg 1 30 5 64 64
0059_0047_0037_0034_0034.jpg 1 47 37 34 34
0060_0063_0032_0024_0024.jpg 1 63 32 24 24
0061_0032_0030_0060_0060.jpg 1 32 30 60 60
0062_0030_0059_0029_0029.jpg 1 30 59 29 29
0063_0025_0033_0053_0053.jpg 1 25 33 53 53
0064_0017_0020_0067_0067.jpg 1 17 20 67 67
0065_0023_0009_0025_0025.jpg 1 23 9 25 25
0066_0014_0030_0055_0055.jpg 1 14 30 55 55
0067_0026_0008_0061_0061.jpg 1 26 8 61 61
0068_0005_0007_0063_0063.jpg 1 5 7 63 63
0069_0036_0007_0040_0040.jpg 1 36 7 40 40
0070_0016_0039_0037_0037.jpg 1 16 39 37 37
0071_0040_0030_0036_0036.jpg 1 40 30 36 36
0072_0025_0035_0048_0048.jpg 1 25 35 48 48
0073_0030_0015_0042_0042.jpg 1 30 15 42 42
0074_0014_0047_0046_0046.jpg 1 14 47 46 46
0075_0038_0034_0048_0048.jpg 1 38 34 48 48
0076_0044_0020_0030_0030.jpg 1 44 20 30 30
0077_0020_0013_0049_0049.jpg 1 20 13 49 49
0078_0018_0015_0067_0067.jpg 1 18 15 67 67
0079_0052_0012_0038_0038.jpg 1 52 12 38 38
0080_0008_0021_0030_0030.jpg 1 8 21 30 30
0081_0018_0014_0069_0069.jpg 1 18 14 69 69
0082_0007_0007_0034_0034.jpg 1 7 7 34 34
0083_0016_0027_0035_0035.jpg 1 16 27 35 35
0084_0008_0067_0024_0024.jpg 1 8 67 24 24
0085_0031_0043_0044_0044.jpg 1 31 43 44 44
0086_0018_0023_0053_0053.jpg 1 18 23 53 53
0087_0036_0015_0043_0043.jpg 1 36 15 43 43
0088_0027_0046_0041_0041.jpg 1 27 46 41 41
0089_0036_0037_0044_0044.jpg 1 36 37 44 44
0090_0014_0007_0069_0069.jpg 1 14 7 69 69
0091_0018_0035_0056_0056.jpg 1 18 35 56 56
0092_0021_0049_0025_0025.jpg 1 21 49 25 25
0093_0030_0005_0064_0064.jpg 1 30 5 64 64
0094_0040_0043_0036_0036.jpg 1 40 43 36 36
0095_0058_0039_0032_0032.jpg 1 58 39 32 32
0096_0036_0049_0035_0035.jpg 1 36 49 35 35
0097_0038_0012_0049_0049.jpg 1 38 12 49 49
0098_0005_0023_0066_0066.jpg 1 5 23 66 66
0099_0027_0025_0050_0050.jpg 1 27 25 50 50
0100_0013_0009_0063_0063.jpg 1 13 9 63 63
0101_0038_0017_0032_0032.jpg 1 38 17 32 32
0102_0004_0024_0067_0067.jpg 1 4 24 67 67
0103_0015_0019_0035_0035.jpg 1 15 19 35 35
0104_0011_0018_0045_0045.jpg 1 11 18 45 45
0105_0055_0046_0029_0029.jpg 1 55 46 29 29
0106_0023_0028_0056_0056.jpg 1 23 28 56 56
0107_0016_0005_0068_0068.jpg 1 16 5 68 68
0108_0015_0008_0060_0060.jpg 1 15 8 60 60
0109_0018_0033_0062_0062.jpg 1 18 33 62 62
0110_0015_0041_0047_0047.jpg 1 15 41 47 47
0111_0003_0020_0069_0069.jpg 1 3 20 69 69
0112_0012_0021_0055_0055.jpg 1 12 21 55 55
0113_0020_0016_0067_0067.jpg 1 20 16 67 67
0114_0033_0067_0025_0025.jpg 1 33 67 25 25
0115_0003_0005_0069_0069.jpg 1 3 5 69 69
0116_0026_0004_0063_0063.jpg 1 26 4 63 63
0117_0061_0043_0031_0031.jpg 1 61 43 31 31
0118_0011_0021_0050_0050.jpg 1 11 21 50 50
0119_0016_0030_0041_0041.jpg 1 16 30 41 41
0120_0029_0006_0055_0055.jpg 1 29 6 55 55
0121_0008_0019_0068_0068.jpg 1 8 19 68 68
0122_0016_0016_0031_0031.jpg 1 16 16 31 31
0123_0016_0029_0038_0038.jpg 1 16 29 38 38
0124_0024_0032_0061_0061.jpg 1 24 32 61 61
0125_0007_0003_0067_0067.jpg 1 7 3 67 67
0126_0011_0038_0026_0026.jpg 1 11 38 26 26
0127_0020_0011_0053_0053.jpg 1 20 11 53 53
0128_0003_0007_0068_0068.jpg 1 3 7 68 68
0129_0025_0020_0041_0041.jpg 1 25 20 41 41
0130_0008_0003_0069_0069.jpg 1 8 3 69 69
0131_0031_0010_0058_0058.jpg 1 31 10 58 58
0132_0010_0017_0050_0050.jpg 1 10 17 50 50
0133_0015_0032_0062_0062.jpg 1 15 32 62 62
0134_0053_0011_0037_0037.jpg 1 53 11 37 37
0135_0030_0017_0063_0063.jpg 1 30 17 63 63
0136_0058_0021_0032_0032.jpg 1 58 21 32 32
0137_0061_0034_0027_0027.jpg 1 61 34 27 27
0138_0024_0028_0064_0064.jpg 1 24 28 64 64
0139_0025_0053_0026_0026.jpg 1 25 53 26 26
0140_0023_0036_0042_0042.jpg 1 23 36 42 42
0141_0016_0032_0040_0040.jpg 1 16 32 40 40
0142_0040_0021_0038_0038.jpg 1 40 21 38 38
0143_0008_0025_0032_0032.jpg 1 8 25 32 32
0144_0035_0037_0037_0037.jpg 1 35 37 37 37
0145_0037_0013_0031_0031.jpg 1 37 13 31 31
0146_0043_0024_0049_0049.jpg 1 43 24 49 49
0147_0050_0014_0041_0041.jpg 1 50 14 41 41
0148_0021_0010_0038_0038.jpg 1 21 10 38 38
0149_0052_0019_0041_0041.jpg 1 52 19 41 41
0150_0006_0041_0038_0038.jpg 1 6 41 38 38
0151_0027_0046_0027_0027.jpg 1 27 46 27 27
0152_0039_0009_0026_0026.jpg 1 39 9 26 26
0153_0012_0054_0028_0028.jpg 1 12 54 28 28
0154_0031_0045_0047_0047.jpg 1 31 45 47 47
0155_0026_0018_0047_0047.jpg 1 26 18 47 47
0156_0010_0060_0030_0030.jpg 1 10 60 30 30
0157_0013_0020_0051_0051.jpg 1 13 20 51 51
0158_0014_0034_0052_0052.jpg 1 14 34 52 52
0159_0021_0026_0065_0065.jpg 1 21 26 65 65
0160_0056_0053_0035_0035.jpg 1 56 53 35 35
0161_0043_0018_0030_0030.jpg 1 43 18 30 30
0162_0021_0026_0068_0068.jpg 1 21 26 68 68
0163_0021_0041_0052_0052.jpg 1 21 41 52 52
0164_0037_0011_0041_0041.jpg 1 37 11 41 41
0165_0054_0050_0031_0031.jpg 1 54 50 31 31
0166_0027_0022_0067_0067.jpg 1 27 22 67 67
0167_0007_0035_0049_0049.jpg 1 7 35 49 49
0168_0032_0034_0048_0048.jpg 1 32 34 48 48
0169_0039_0018_0024_0024.jpg 1 39 18 24 24
0170_0054_0048_0032_0032.jpg 1 54 48 32 32
0171_0033_0029_0032_0032.jpg 1 33 29 32 32
0172_0007_0034_0047_0047.jpg 1 7 34 47 47
0173_0013_0011_0062_0062.jpg 1 13 11 62 62
0174_0015_0016_0047_0047.jpg 1 15 16 47 47
0175_0045_0013_0025_0025.jpg 1 45 13 25 25
0176_0010_0025_0066_0066.jpg 1 10 25 66 66
0177_0008_0008_0054_0054.jpg 1 8 8 54 54
0178_0044_0051_0026_0026.jpg 1 44 51 26 26
0179_0053_0043_0033_0033.jpg 1 53 43 33 33
0180_0010_0013_0062_0062.jpg 1 10 13 62 62
0181_0026_0040_0044_0044.jpg 1 26 40 44 44
0182_0005_0013_0067_0067.jpg 1 5 13 67 67
0183_0022_0046_0045_0045.jpg 1 22 46 45 45
0184_0015_0022_0041_0041.jpg 1 15 22 41 41
0185_0056_0031_0033_0033.jpg 1 56 31 33 33
0186_0045_0008_0044_0044.jpg 1 45 8 44 44
0187_0020_0019_0054_0054.jpg 1 20 19 54 54
0188_0018_0006_0033_0033.jpg 1 18 6 33 33
0189_0029_0019_0054_0054.jpg 1 29 19 54 54
0190_0051_0043_0032_0032.jpg 1 51 43 32 32
0191_0027_0048_0030_0030.jpg 1 27 48 30 30
0192_0054_0036_0029_0029.jpg 1 54 36 29 29
0193_0024_0044_0050_0050.jpg 1 24 44 50 50
0194_0016_0041_0047_0047.jpg 1 16 41 47 47
0195_0029_0014_0065_0065.jpg 1 29 14 65 65
0196_0054_0043_0033_0033.jpg 1 54 43 33 33
0197_0011_0005_0062_0062.jpg 1 11 5 62 62
0198_0009_0019_0068_0068.jpg 1 9 19 68 68
0199_0048_0018_0035_0035.jpg 1 48 18 35 35
0200_0067_0028_0024_0024.jpg 1 67 28 24 24
0201_0020_0039_0055_0055.jpg 1 20 39 55 55
0202_0016_0013_0057_0057.jpg 1 16 13 57 57
0203_0048_0043_0041_0041.jpg 1 48 43 41 41
0204_0064_0025_0028_0028.jpg 1 64 25 28 28
0205_0025_0050_0024_0024.jpg 1 25 50 24 24
0206_0017_0022_0069_0069.jpg 1 17 22 69 69
0207_0006_0007_0052_0052.jpg 1 6 7 52 52
0208_0005_0010_0064_0064.jpg 1 5 10 64 64
0209_0007_0032_0036_0036.jpg 1 7 32 36 36
0210_0022_0030_0046_0046.jpg 1 22 30 46 46
0211_0030_0020_0058_0058.jpg 1 30 20 58 58
0212_0016_0013_0066_0066.jpg 1 16 13 66 66
0213_0050_0027_0036_0036.jpg 1 50 27 36 36
0214_0064_0019_0025_0025.jpg 1 64 19 25 25
0215_0026_0024_0065_0065.jpg 1 26 24 65 65
0216_0010_0030_0065_0065.jpg 1 10 30 65 65
0217_0020_0043_0049_0049.jpg 1 20 43 49 49
0218_0035_0041_0038_0038.jpg 1 35 41 38 38
0219_0040_0022_0039_0039.jpg 1 40 22 39 39
0220_0015_0013_0067_0067.jpg 1 15 13 67 67
0221_0039_0027_0053_0053.jpg 1 39 27 53 53
0222_0012_0052_0041_0041.jpg 1 12 52 41 41
0223_0018_0010_0049_0049.jpg 1 18 10 49 49
0224_0027_0027_0063_0063.jpg 1 27 27 63 63
0225_0047_0036_0025_0025.jpg 1 47 36 25 25
0226_0015_0014_0065_0065.jpg 1 15 14 65 65
0227_0040_0041_0050_0050.jpg 1 40 41 50 50
0228_0046_0015_0038_0038.jpg 1 46 15 38 38
0229_0028_0026_0044_0044.jpg 1 28 26 44 44
0230_0047_0014_0043_0043.jpg 1 47 14 43 43
0231_0014_0032_0063_0063.jpg 1 14 32 63 63
0232_0053_0027_0025_0025.jpg 1 53 27 25 25
0233_0025_0058_0024_0024.jpg 1 25 58 24 24
0234_0033_0033_0050_0050.jpg 1 33 33 50 50
0235_0028_0012_0065_0065.jpg 1 28 12 65 65
0236_0064_0027_0024_0024.jpg 1 64 27 24 24
0237_0006_0022_0059_0059.jpg 1 6 22 59 59
0238_0052_0050_0029_0029.jpg 1 52 50 29 29
0239_0004_0011_0060_0060.jpg 1 4 11 60 60
0240_0027_0030_0065_0065.jpg 1 27 30 65 65
0241_0014_0035_0060_0060.jpg 1 14 35 60 60
0242_0025_0011_0045_0045.jpg 1 25 11 45 45
0243_0033_0013_0040_0040.jpg 1 33 13 40 40
0244_0044_0043_0033_0033.jpg 1 44 43 33 33
0245_0039_0026_0052_0052.jpg 1 39 26 52 52
0246_0036_0033_0051_0051.jpg 1 36 33 51 51
0247_0025_0011_0059_0059.jpg 1 25 11 59 59
0248_0017_0059_0026_0026.jpg 1 17 59 26 26
0249_0016_0015_0053_0053.jpg 1 16 15 53 53
0250_0043_0006_0052_0052.jpg 1 43 6 52 52
0251_0007_0026_0042_0042.jpg 1 7 26 42 42
0252_0042_0056_0031_0031.jpg 1 42 56 31 31
0253_0018_0052_0041_0041.jpg 1 18 52 41 41
0254_0015_0017_0064_0064.jpg 1 15 17 64 64
0255_0016_0006_0068_0068.jpg 1 16 6 68 68
0256_0035_0016_0030_0030.jpg 1 35 16 30 30
0257_0032_0041_0036_0036.jpg 1 32 41 36 36
0258_0046_0012_0037_0037.jpg 1 46 12 37 37
0259_0048_0030_0046_0046.jpg 1 48 30 46 46
0260_0005_0014_0066_0066.jpg 1 5 14 66 66
0261_0012_0017_0025_0025.jpg 1 12 17 25 25
0262_0057_0009_0032_0032.jpg 1 57 9 32 32
0263_0007_0018_0064_0064.jpg 1 7 18 64 64
0264_0011_0020_0065_0065.jpg 1 11 20 65 65
0265_0006_0033_0045_0045.jpg 1 6 33 45 45
0266_0031_0017_0057_0057.jpg 1 31 17 57 57
0267_0017_0023_0054_0054.jpg 1 17 23 54 54
0268_0015_0040_0055_0055.jpg 1 15 40 55 55
0269_0011_0036_0039_0039.jpg 1 11 36 39 39
0270_0009_0015_0069_0069.jpg 1 9 15 69 69
0271_0022_0055_0037_0037.jpg 1 22 55 37 37
0272_0013_0031_0059_0059.jpg 1 13 31 59 59
0273_0007_0006_0061_0061.jpg 1 7 6 61 61
0274_0025_0011_0068_0068.jpg 1 25 11 68 68
0275_0031_0012_0038_0038.jpg 1 31 12 38 38
0276_0035_0036_0042_0042.jpg 1 35 36 42 42
0277_0021_0019_0025_0025.jpg 1 21 19 25 25
0278_0011_0005_0049_0049.jpg 1 11 5 49 49
0279_0020_0039_0050_0050.jpg 1 20 39 50 50
0280_0033_0018_0054_0054.jpg 1 33 18 54 54
0281_0006_0021_0041_0041.jpg 1 6 21 41 41
0282_0019_0016_0046_0046.jpg 1 19 16 46 46
0283_0035_0010_0060_0060.jpg 1 35 10 60 60
0284_0061_0042_0025_0025.jpg 1 61 42 25 25
0285_0015_0036_0044_0044.jpg 1 15 36 44 44
0286_0017_0006_0063_0063.jpg 1 17 6 63 63
0287_0012_0008_0035_0035.jpg 1 12 8 35 35
0288_0010_0006_0057_0057.jpg 1 10 6 57 57
0289_0012_0011_0061_0061.jpg 1 12 11 61 61
0290_0029_0027_0065_0065.jpg 1 29 27 65 65
0291_0038_0033_0055_0055.jpg 1 38 33 55 55
0292_0034_0058_0028_0028.jpg 1 34 58 28 28
0293_0019_0017_0031_0031.jpg 1 19 17 31 31
0294_0023_0041_0045_0045.jpg 1 23 41 45 45
0295_0004_0033_0060_0060.jpg 1 4 33 60 60
0296_0029_0020_0059_0059.jpg 1 29 20 59 59
0297_0013_0028_0026_0026.jpg 1 13 28 26 26
0298_0045_0037_0031_0031.jpg 1 45 37 31 31
0299_0014_0052_0028_0028.jpg 1 14 52 28 28
0300_0043_0026_0032_0032.jpg 1 43 26 32 32
0301_0038_0031_0046_0046.jpg 1 38 31 46 46
0302_0013_0056_0034_0034.jpg 1 13 56 34 34
0303_0016_0025_0052_0052.jpg 1 16 25 52 52
0304_0024_0004_0065_0065.jpg 1 24 4 65 65
0305_0011_0012_0026_0026.jpg 1 11 12 26 26
0306_0015_0022_0059_0059.jpg 1 15 22 59 59
0307_0034_0034_0037_0037.jpg 1 34 34 37 37
0308_0034_0034_0047_0047.jpg 1 34 34 47 47
0309_0020_0032_0061_0061.jpg 1 20 32 61 61
0310_0009_0018_0064_0064.jpg 1 9 18 64 64
0311_0016_0031_0031_0031.jpg 1 16 31 31 31
0312_0037_0039_0035_0035.jpg 1 37 39 35 35
0313_0018_0026_0062_0062.jpg 1 18 26 62 62
0314_0038_0035_0031_0031.jpg 1 38 35 31 31
0315_0016_0009_0055_0055.jpg 1 16 9 55 55
0316_0005_0026_0062_0062.jpg 1 5 26 62 62
0317_0026_0012_0069_0069.jpg 1 26 12 69 69
0318_0016_0003_0066_0066.jpg 1 16 3 66 66
0319_0023_0022_0067_0067.jpg 1 23 22 67 67
0320_0028_0015_0055_0055.jpg 1 28 15 55 55
0321_0005_0036_0056_0056.jpg 1 5 36 56 56
0322_0030_0032_0040_0040.jpg 1 30 32 40 40
0323_0003_0022_0069_0069.jpg 1 3 22 69 69
0324_0008_0025_0045_0045.jpg 1 8 25 45 45
0325_0016_0050_0043_0043.jpg 1 16 50 43 43
0326_0015_0062_0030_0030.jpg 1 15 62 30 30
0327_0012_0029_0064_0064.jpg 1 12 29 64 64
0328_0043_0029_0049_0049.jpg 1 43 29 49 49
0329_0035_0006_0056_0056.jpg 1 35 6 56 56
0330_0029_0033_0056_0056.jpg 1 29 33 56 56
0331_0037_0040_0055_0055.jpg 1 37 40 55 55
0332_0041_0038_0050_0050.jpg 1 41 38 50 50
0333_0006_0035_0059_0059.jpg 1 6 35 59 59
0334_0018_0035_0053_0053.jpg 1 18 35 53 53
0335_0012_0032_0059_0059.jpg 1 12 32 59 59
0336_0033_0034_0053_0053.jpg 1 33 34 53 53
0337_0040_0010_0035_0035.jpg 1 40 10 35 35
0338_0008_0020_0048_0048.jpg 1 8 20 48 48
0339_0029_0019_0036_0036.jpg 1 29 19 36 36
0340_0043_0030_0032_0032.jpg 1 43 30 32 32
0341_0027_0022_0061_0061.jpg 1 27 22 61 61
0342_0038_0051_0031_0031.jpg 1 38 51 31 31
0343_0055_0021_0037_0037.jpg 1 55 21 37 37
0344_0021_0041_0031_0031.jpg 1 21 41 31 31
0345_0010_0041_0051_0051.jpg 1 10 41 51 51
0346_0010_0034_0061_0061.jpg 1 10 34 61 61
0347_0033_0028_0062_0062.jpg 1 33 28 62 62
0348_0014_0012_0054_0054.jpg 1 14 12 54 54
0349_0011_0027_0042_0042.jpg 1 11 27 42 42
0350_0018_0014_0067_0067.jpg 1 18 14 67 67
0351_0038_0039_0047_0047.jpg 1 38 39 47 47
0352_0012_0007_0047_0047.jpg 1 12 7 47 47
0353_0011_0017_0047_0047.jpg 1 11 17 47 47
0354_0021_0007_0037_0037.jpg 1 21 7 37 37
0355_0005_0010_0063_0063.jpg 1 5 10 63 63
0356_0007_0034_0048_0048.jpg 1 7 34 48 48
0357_0044_0052_0026_0026.jpg 1 44 52 26 26
0358_0012_0035_0046_0046.jpg 1 12 35 46 46
0359_0026_0008_0030_0030.jpg 1 26 8 30 30
0360_0034_0009_0040_0040.jpg 1 34 9 40 40
0361_0007_0015_0054_0054.jpg 1 7 15 54 54
0362_0056_0036_0031_0031.jpg 1 56 36 31 31
0363_0019_0027_0057_0057.jpg 1 19 27 57 57
0364_0023_0018_0059_0059.jpg 1 23 18 59 59
0365_0037_0062_0028_0028.jpg 1 37 62 28 28
0366_0016_0008_0069_0069.jpg 1 16 8 69 69
0367_0034_0047_0037_0037.jpg 1 34 47 37 37
0368_0049_0035_0039_0039.jpg 1 49 35 39 39
0369_0018_0027_0062_0062.jpg 1 18 27 62 62
0370_0030_0027_0046_0046.jpg 1 30 27 46 46
0371_0057_0054_0028_0028.jpg 1 57 54 28 28
0372_0011_0026_0047_0047.jpg 1 11 26 47 47
0373_0010_0023_0049_0049.jpg 1 10 23 49 49
0374_0025_0005_0061_0061.jpg 1 25 5 61 61
0375_0024_0025_0069_0069.jpg 1 24 25 69 69
0376_0032_0036_0046_0046.jpg 1 32 36 46 46
0377_0022_0018_0034_0034.jpg 1 22 18 34 34
0378_0021_0014_0054_0054.jpg 1 21 14 54 54
0379_0059_0034_0031_0031.jpg 1 59 34 31 31
0380_0027_0031_0035_0035.jpg 1 27 31 35 35
0381_0018_0018_0038_0038.jpg 1 18 18 38 38
0382_0031_0038_0029_0029.jpg 1 31 38 29 29
0383_0028_0022_0035_0035.jpg 1 28 22 35 35
0384_0024_0027_0053_0053.jpg 1 24 27 53 53
0385_0026_0007_0054_0054.jpg 1 26 7 54 54
0386_0016_0061_0030_0030.jpg 1 16 61 30 30
0387_0041_0037_0049_0049.jpg 1 41 37 49 49
0388_0025_0044_0036_0036.jpg 1 25 44 36 36
0389_0054_0050_0039_0039.jpg 1 54 50 39 39
0390_0011_0006_0053_0053.jpg 1 11 6 53 53
0391_0038_0019_0049_0049.jpg 1 38 19 49 49
0392_0013_0006_0052_0052.jpg 1 13 6 52 52
0393_0067_0022_0025_0025.jpg 1 67 22 25 25
0394_0016_0008_0069_0069.jpg 1 16 8 69 69
0395_0044_0015_0047_0047.jpg 1 44 15 47 47
0396_0037_0031_0040_0040.jpg 1 37 31 40 40
0397_0054_0052_0037_0037.jpg 1 54 52 37 37
0398_0014_0030_0026_0026.jpg 1 14 30 26 26
0399_0018_0028_0065_0065.jpg 1 18 28 65 65
0400_0035_0046_0025_0025.jpg 1 35 46 25 25
0401_0042_0031_0031_0031.jpg 1 42 31 31 31
0402_0031_0033_0057_0057.jpg 1 31 33 57 57
0403_0023_0003_0068_0068.jpg 1 23 3 68 68
0404_0013_0029_0049_0049.jpg 1 13 29 49 49
0405_0024_0032_0031_0031.jpg 1 24 32 31 31
0406_0056_0034_0036_0036.jpg 1 56 34 36 36
0407_0008_0021_0027_0027.jpg 1 8 21 27 27
0408_0018_0022_0068_0068.jpg 1 18 22 68 68
0409_0010_0046_0038_0038.jpg 1 10 46 38 38
0410_0012_0019_0065_0065.jpg 1 12 19 65 65
0411_0020_0047_0046_0046.jpg 1 20 47 46 46
0412_0028_0028_0048_0048.jpg 1 28 28 48 48
0413_0016_0049_0044_0044.jpg 1 16 49 44 44
0414_0031_0011_0029_0029.jpg 1 31 11 29 29
0415_0025_0048_0036_0036.jpg 1 25 48 36 36
0416_0027_0030_0037_0037.jpg 1 27 30 37 37
0417_0028_0005_0064_0064.jpg 1 28 5 64 64
0418_0020_0030_0036_0036.jpg 1 20 30 36 36
0419_0024_0010_0066_0066.jpg 1 24 10 66 66
0420_0007_0011_0040_0040.jpg 1 7 11 40 40
0421_0013_0022_0067_0067.jpg 1 13 22 67 67
0422_0047_0012_0034_0034.jpg 1 47 12 34 34
0423_0031_0011_0059_0059.jpg 1 31 11 59 59
0424_0063_0067_0025_0025.jpg 1 63 67 25 25
0425_0008_0038_0041_0041.jpg 1 8 38 41 41
0426_0045_0041_0029_0029.jpg 1 45 41 29 29
0427_0037_0051_0043_0043.jpg 1 37 51 43 43
0428_0017_0028_0059_0059.jpg 1 17 28 59 59
0429_0047_0047_0046_0046.jpg 1 47 47 46 46
0430_0016_0029_0037_0037.jpg 1 16 29 37 37
0431_0037_0016_0030_0030.jpg 1 37 16 30 30
0432_0050_0022_0029_0029.jpg 1 50 22 29 29
0433_0045_0029_0033_0033.jpg 1 45 29 33 33
0434_0029_0030_0038_0038.jpg 1 29 30 38 38
0435_0053_0039_0036_0036.jpg 1 53 39 36 36
0436_0034_0012_0048_0048.jpg 1 34 12 48 48
0437_0021_0038_0044_0044.jpg 1 21 38 44 44
0438_0037_0050_0043_0043.jpg 1 37 50 43 43
0439_0025_0020_0032_0032.jpg 1 25 20 32 32
0440_0054_0016_0032_0032.jpg 1 54 16 32 32
0441_0055_0044_0031_0031.jpg 1 55 44 31 31
0442_0013_0061_0031_0031.jpg 1 13 61 31 31
0443_0036_0029_0054_0054.jpg 1 36 29 54 54
0444_0007_0027_0061_0061.jpg 1 7 27 61 61
0445_0051_0011_0037_0037.jpg 1 51 11 37 37
0446_0015_0061_0028_0028.jpg 1 15 61 28 28
0447_0040_0010_0044_0044.jpg 1 40 10 44 44
0448_0014_0021_0063_0063.jpg 1 14 21 63 63
0449_0017_0027_0068_0068.jpg 1 17 27 68 68
0450_0008_0011_0059_0059.jpg 1 8 11 59 59
0451_0031_0006_0044_0044.jpg 1 31 6 44 44
0452_0016_0015_0037_0037.jpg 1 16 15 37 37
0453_0010_0051_0032_0032.jpg 1 10 51 32 32
0454_0004_0003_0064_0064.jpg 1 4 3 64 64
0455_0036_0017_0058_0058.jpg 1 36 17 58 58
0456_0007_0030_0066_0066.jpg 1 7 30 66 66
0457_0048_0057_0024_0024.jpg 1 48 57 24 24
0458_0033_0022_0054_0054.jpg 1 33 22 54 54
0459_0033_0022_0034_0034.jpg 1 33 22 34 34
0460_0018_0031_0035_0035.jpg 1 18 31 35 35
0461_0006_0044_0044_0044.jpg 1 6 44 44 44
0462_0023_0014_0060_0060.jpg 1 23 14 60 60
0463_0041_0012_0052_0052.jpg 1 41 12 52 52
0464_0022_0015_0042_0042.jpg 1 22 15 42 42
0465_0005_0022_0053_0053.jpg 1 5 22 53 53
0466_0017_0024_0027_0027.jpg 1 17 24 27 27
0467_0018_0007_0027_0027.jpg 1 18 7 27 27
0468_0025_0009_0062_0062.jpg 1 25 9 62 62
0469_0044_0031_0042_0042.jpg 1 44 31 42 42
0470_0016_0040_0051_0051.jpg 1 16 40 51 51
0471_0009_0028_0048_0048.jpg 1 9 28 48 48
0472_0054_0025_0028_0028.jpg 1 54 25 28 28
0473_0012_0047_0040_0040.jpg 1 12 47 40 40
0474_0041_0027_0054_0054.jpg 1 41 27 54 54
0475_0029_0031_0052_0052.jpg 1 29 31 52 52
0476_0064_0046_0026_0026.jpg 1 64 46 26 26
0477_0011_0058_0031_0031.jpg 1 11 58 31 31
0478_0046_0044_0040_0040.jpg 1 46 44 40 40
0479_0024_0009_0036_0036.jpg 1 24 9 36 36
0480_0009_0049_0042_0042.jpg 1 9 49 42 42
0481_0022_0039_0033_0033.jpg 1 22 39 33 33
0482_0011_0033_0049_0049.jpg 1 11 33 49 49
0483_0015_0012_0033_0033.jpg 1 15 12 33 33
0484_0015_0030_0064_0064.jpg 1 15 30 64 64
0485_0018_0051_0039_0039.jpg 1 18 51 39 39
0486_0011_0020_0065_0065.jpg 1 11 20 65 65
0487_0034_0037_0032_0032.jpg 1 34 37 32 32
0488_0006_0035_0050_0050.jpg 1 6 35 50 50
0489_0011_0018_0063_0063.jpg 1 11 18 63 63
0490_0027_0019_0061_0061.jpg 1 27 19 61 61
0491_0034_0016_0038_0038.jpg 1 34 16 38 38
0492_0008_0027_0049_0049.jpg 1 8 27 49 49
0493_0053_0046_0030_0030.jpg 1 53 46 30 30
0494_0021_0006_0046_0046.jpg 1 21 6 46 46
0495_0008_0053_0027_0027.jpg 1 8 53 27 27
0496_0036_0008_0031_0031.jpg 1 36 8 31 31
0497_0013_0015_0059_0059.jpg 1 13 15 59 59
0498_0017_0008_0053_0053.jpg 1 17 8 53 53
0499_0035_0017_0034_0034.jpg 1 35 17 34 34
0500_0015_0024_0049_0049.jpg 1 15 24 49 49
0501_0011_0032_0028_0028.jpg 1 11 32 28 28
0502_0016_0021_0064_0064.jpg 1 16 21 64 64
0503_0029_0011_0044_0044.jpg 1 29 11 44 44
0504_0016_0024_0067_0067.jpg 1 16 24 67 67
0505_0029_0012_0056_0056.jpg 1 29 12 56 56
0506_0004_0003_0069_0069.jpg 1 4 3 69 69
0507_0055_0033_0036_0036.jpg 1 55 33 36 36
0508_0005_0005_0057_0057.jpg 1 5 5 57 57
0509_0021_0025_0067_0067.jpg 1 21 25 67 67
0510_0013_0011_0029_0029.jpg 1 13 11 29 29
0511_0023_0016_0040_0040.jpg 1 23 16 40 40
0512_0016_0019_0055_0055.jpg 1 16 19 55 55
0513_0014_0009_0057_0057.jpg 1 14 9 57 57
0514_0066_0017_0026_0026.jpg 1 66 17 26 26
0515_0009_0009_0067_0067.jpg 1 9 9 67 67
0516_0046_0035_0048_0048.jpg 1 46 35 48 48
0517_0060_0037_0032_0032.jpg 1 60 37 32 32
0518_0012_0021_0068_0068.jpg 1 12 21 68 68
0519_0015_0023_0064_0064.jpg 1 15 23 64 64
0520_0019_0024_0054_0054.jpg 1 19 24 54 54
0521_0022_0009_0060_0060.jpg 1 22 9 60 60
0522_0049_0035_0032_0032.jpg 1 49 35 32 32
0523_0033_0028_0059_0059.jpg 1 33 28 59 59
0524_0008_0013_0067_0067.jpg 1 8 13 67 67
0525_0017_0029_0063_0063.jpg 1 17 29 63 63
0526_0030_0035_0035_0035.jpg 1 30 35 35 35
0527_0014_0042_0042_0042.jpg 1 14 42 42 42
0528_0012_0010_0064_0064.jpg 1 12 10 64 64
0529_0053_0039_0040_0040.jpg 1 53 39 40 40
0530_0008_0043_0042_0042.jpg 1 8 43 42 42
0531_0028_0039_0053_0053.jpg 1 28 39 53 53
0532_0008_0027_0043_0043.jpg 1 8 27 43 43
0533_0034_0023_0052_0052.jpg 1 34 23 52 52
0534_0017_0020_0061_0061.jpg 1 17 20 61 61
0535_0034_0040_0050_0050.jpg 1 34 40 50 50
0536_0019_0014_0034_0034.jpg 1 19 14 34 34
0537_0013_0031_0064_0064.jpg 1 13 31 64 64
0538_0043_0006_0040_0040.jpg 1 43 6 40 40
0539_0006_0040_0055_0055.jpg 1 6 40 55 55
0540_0035_0030_0040_0040.jpg 1 35 30 40 40
0541_0024_0017_0063_0063.jpg 1 24 17 63 63
0542_0040_0033_0039_0039.jpg 1 40 33 39 39
0543_0013_0026_0069_0069.jpg 1 13 26 69 69
0544_0030_0031_0062_0062.jpg 1 30 31 62 62
0545_0006_0027_0047_0047.jpg 1 6 27 47 47
0546_0037_0010_0027_0027.jpg 1 37 10 27 27
0547_0041_0034_0038_0038.jpg 1 41 34 38 38
0548_0028_0024_0050_0050.jpg 1 28 24 50 50
0549_0053_0012_0032_0032.jpg 1 53 12 32 32
0550_0032_0016_0041_0041.jpg 1 32 16 41 41
0551_0043_0023_0026_0026.jpg 1 43 23 26 26
0552_0007_0013_0051_0051.jpg 1 7 13 51 51
0553_0026_0010_0052_0052.jpg 1 26 10 52 52
0554_0034_0043_0037_0037.jpg 1 34 43 37 37
0555_0017_0024_0055_0055.jpg 1 17 24 55 55
0556_0005_0014_0044_0044.jpg 1 5 14 44 44
0557_0025_0027_0048_0048.jpg 1 25 27 48 48
0558_0032_0023_0035_0035.jpg 1 32 23 35 35
0559_0036_0032_0025_0025.jpg 1 36 32 25 25
0560_0008_0020_0032_0032.jpg 1 8 20 32 32
0561_0038_0024_0043_0043.jpg 1 38 24 43 43
0562_0017_0016_0059_0059.jpg 1 17 16 59 59
0563_0021_0045_0033_0033.jpg 1 21 45 33 33
0564_0043_0027_0036_0036.jpg 1 43 27 36 36
0565_0013_0022_0031_0031.jpg 1 13 22 31 31
0566_0013_0024_0047_0047.jpg 1 13 24 47 47
0567_0037_0009_0048_0048.jpg 1 37 9 48 48
0568_0006_0035_0055_0055.jpg 1 6 35 55 55
0569_0031_0039_0044_0044.jpg 1 31 39 44 44
0570_0014_0005_0067_0067.jpg 1 14 5 67 67
0571_0041_0051_0040_0040.jpg 1 41 51 40 40
0572_0043_0041_0051_0051.jpg 1 43 41 51 51
0573_0016_0032_0054_0054.jpg 1 16 32 54 54
0574_0013_0059_0033_0033.jpg 1 13 59 33 33
0575_0042_0018_0048_0048.jpg 1 42 18 48 48
0576_0058_0007_0034_0034.jpg 1 58 7 34 34
0577_0014_0013_0052_0052.jpg 1 14 13 52 52
0578_0008_0023_0069_0069.jpg 1 8 23 69 69
0579_0033_0053_0036_0036.jpg 1 33 53 36 36
0580_0046_0025_0039_0039.jpg 1 46 25 39 39
0581_0026_0031_0062_0062.jpg 1 26 31 62 62
0582_0048_0030_0039_0039.jpg 1 48 30 39 39
0583_0006_0044_0040_0040.jpg 1 6 44 40 40
0584_0041_0039_0045_0045.jpg 1 41 39 45 45
0585_0023_0014_0041_0041.jpg 1 23 14 41 41
0586_0045_0062_0027_0027.jpg 1 45 62 27 27
0587_0041_0050_0025_0025.jpg 1 41 50 25 25
0588_0060_0046_0028_0028.jpg 1 60 46 28 28
0589_0034_0029_0048_0048.jpg 1 34 29 48 48
0590_0028_0014_0052_0052.jpg 1 28 14 52 52
0591_0012_0007_0028_0028.jpg 1 12 7 28 28
0592_0033_0012_0042_0042.jpg 1 33 12 42 42
0593_0026_0003_0068_0068.jpg 1 26 3 68 68
0594_0026_0051_0042_0042.jpg 1 26 51 42 42
0595_0006_0019_0061_0061.jpg 1 6 19 61 61
0596_0024_0034_0040_0040.jpg 1 24 34 40 40
0597_0015_0040_0029_0029.jpg 1 15 40 29 29
0598_0030_0019_0049_0049.jpg 1 30 19 49 49
0599_0021_0034_0054_0054.jpg 1 21 34 54 54
0600_0012_0022_0041_0041.jpg 1 12 22 41 41
0601_0012_0018_0068_0068.jpg 1 12 18 68 68
0602_0023_0008_0069_0069.jpg 1 23 8 69 69
0603_0025_0007_0048_0048.jpg 1 25 7 48 48
0604_0024_0028_0068_0068.jpg 1 24 28 68 68
0605_0023_0033_0057_0057.jpg 1 23 33 57 57
0606_0036_0040_0044_0044.jpg 1 36 40 44 44
0607_0026_0025_0068_0068.jpg 1 26 25 68 68
0608_0047_0053_0039_0039.jpg 1 47 53 39 39
0609_0031_0035_0054_0054.jpg 1 31 35 54 54
0610_0005_0017_0063_0063.jpg 1 5 17 63 63
0611_0029_0004_0063_0063.jpg 1 29 4 63 63
0612_0035_0010_0055_0055.jpg 1 35 10 55 55
0613_0010_0048_0044_0044.jpg 1 10 48 44 44
0614_0019_0045_0048_0048.jpg 1 19 45 48 48
0615_0022_0008_0061_0061.jpg 1 22 8 61 61
0616_0048_0038_0030_0030.jpg 1 48 38 30 30
0617_0010_0016_0045_0045.jpg 1 10 16 45 45
0618_0017_0015_0053_0053.jpg 1 17 15 53 53
0619_0017_0026_0064_0064.jpg 1 17 26 64 64
0620_0013_0023_0044_0044.jpg 1 13 23 44 44
0621_0030_0030_0043_0043.jpg 1 30 30 43 43
0622_0011_0042_0041_0041.jpg 1 11 42 41 41
0623_0014_0051_0029_0029.jpg 1 14 51 29 29
0624_0035_0017_0052_0052.jpg 1 35 17 52 52
0625_0034_0019_0052_0052.jpg 1 34 19 52 52
0626_0018_0046_0048_0048.jpg 1 18 46 48 48
0627_0055_0053_0035_0035.jpg 1 55 53 35 35
0628_0022_0018_0066_0066.jpg 1 22 18 66 66
0629_0040_0020_0051_0051.jpg 1 40 20 51 51
0630_0038_0028_0052_0052.jpg 1 38 28 52 52
0631_0016_0017_0046_0046.jpg 1 16 17 46 46
0632_0036_0050_0036_0036.jpg 1 36 50 36 36
0633_0012_0013_0046_0046.jpg 1 12 13 46 46
0634_0032_0015_0055_0055.jpg 1 32 15 55 55
0635_0041_0040_0044_0044.jpg 1 41 40 44 44
0636_0010_0029_0067_0067.jpg 1 10 29 67 67
0637_0013_0044_0049_0049.jpg 1 13 44 49 49
0638_0021_0021_0024_0024.jpg 1 21 21 24 24
0639_0014_0023_0068_0068.jpg 1 14 23 68 68
0640_0031_0025_0064_0064.jpg 1 31 25 64 64
0641_0012_0037_0052_0052.jpg 1 12 37 52 52
0642_0022_0059_0029_0029.jpg 1 22 59 29 29
0643_0044_0030_0047_0047.jpg 1 44 30 47 47
0644_0019_0020_0052_0052.jpg 1 19 20 52 52
0645_0030_0040_0039_0039.jpg 1 30 40 39 39
0646_0026_0020_0066_0066.jpg 1 26 20 66 66
0647_0031_0008_0062_0062.jpg 1 31 8 62 62
0648_0020_0031_0055_0055.jpg 1 20 31 55 55
0649_0016_0005_0069_0069.jpg 1 16 5 69 69
0650_0030_0025_0063_0063.jpg 1 30 25 63 63
0651_0024_0011_0052_0052.jpg 1 24 11 52 52
0652_0034_0015_0024_0024.jpg 1 34 15 24 24
0653_0023_0023_0042_0042.jpg 1 23 23 42 42
0654_0025_0011_0067_0067.jpg 1 25 11 67 67
0655_0027_0030_0063_0063.jpg 1 27 30 63 63
0656_0035_0026_0040_0040.jpg 1 35 26 40 40
0657_0019_0044_0030_0030.jpg 1 19 44 30 30
0658_0017_0026_0063_0063.jpg 1 17 26 63 63
0659_0035_0033_0046_0046.jpg 1 35 33 46 46
0660_0011_0063_0028_0028.jpg 1 11 63 28 28
0661_0033_0043_0031_0031.jpg 1 33 43 31 31
0662_0020_0025_0069_0069.jpg 1 20 25 69 69
0663_0003_0011_0069_0069.jpg 1 3 11 69 69
0664_0049_0010_0034_0034.jpg 1 49 10 34 34
0665_0027_0021_0026_0026.jpg 1 27 21 26 26
0666_0038_0014_0033_0033.jpg 1 38 14 33 33
0667_0049_0029_0030_0030.jpg 1 49 29 30 30
0668_0019_0005_0060_0060.jpg 1 19 5 60 60
0669_0051_0054_0032_0032.jpg 1 51 54 32 32
0670_0030_0032_0036_0036.jpg 1 30 32 36 36
0671_0037_0050_0038_0038.jpg 1 37 50 38 38
0672_0033_0048_0025_0025.jpg 1 33 48 25 25
0673_0005_0016_0057_0057.jpg 1 5 16 57 57
0674_0045_0013_0042_0042.jpg 1 45 13 42 42
0675_0028_0026_0042_0042.jpg 1 28 26 42 42
0676_0017_0027_0040_0040.jpg 1 17 27 40 40
0677_0013_0028_0065_0065.jpg 1 13 28 65 65
0678_0031_0013_0061_0061.jpg 1 31 13 61 61
0679_0008_0016_0066_0066.jpg 1 8 16 66 66
0680_0041_0048_0034_0034.jpg 1 41 48 34 34
0681_0045_0017_0025_0025.jpg 1 45 17 25 25
0682_0032_0024_0062_0062.jpg 1 32 24 62 62
0683_0014_0016_0060_0060.jpg 1 14 16 60 60
0684_0021_0016_0032_0032.jpg 1 21 16 32 32
0685_0018_0032_0052_0052.jpg 1 18 32 52 52
0686_0051_0051_0035_0035.jpg 1 51 51 35 35
0687_0023_0015_0060_0060.jpg 1 23 15 60 60
0688_0020_0016_0055_0055.jpg 1 20 16 55 55
0689_0060_0038_0031_0031.jpg 1 60 38 31 31
0690_0014_0027_0067_0067.jpg 1 14 27 67 67
0691_0035_0009_0037_0037.jpg 1 35 9 37 37
0692_0012_0010_0067_0067.jpg 1 12 10 67 67
0693_0022_0009_0059_0059.jpg 1 22 9 59 59
0694_0015_0008_0066_0066.jpg 1 15 8 66 66
0695_0022_0013_0063_0063.jpg 1 22 13 63 63
0696_0025_0033_0032_0032.jpg 1 25 33 32 32
0697_0012_0036_0030_0030.jpg 1 12 36 30 30
0698_0008_0018_0062_0062.jpg 1 8 18 62 62
0699_0026_0029_0061_0061.jpg 1 26 29 61 61
0700_0014_0038_0037_0037.jpg 1 14 38 37 37
