0001_0008_0048_0039_0039.jpg 1 8 48 39 39
0002_0012_0041_0042_0042.jpg 1 12 41 42 42
0003_0010_0006_0063_0063.jpg 1 10 6 63 63
0004_0040_0011_0048_0048.jpg 1 40 11 48 48
0005_0015_0015_0063_0063.jpg 1 15 15 63 63
0006_0038_0041_0053_0053.jpg 1 38 41 53 53
0007_0004_0018_0063_0063.jpg 1 4 18 63 63
0008_0017_0036_0042_0042.jpg 1 17 36 42 42
0009_0034_0009_0041_0041.jpg 1 34 9 41 41
0010_0034_0020_0054_0054.jpg 1 34 20 54 54
0011_0035_0009_0034_0034.jpg 1 35 9 34 34
0012_0027_0005_0062_0062.jpg 1 27 5 62 62
0013_0034_0050_0042_0042.jpg 1 34 50 42 42
0014_0045_0050_0031_0031.jpg 1 45 50 31 31
0015_0019_0040_0047_0047.jpg 1 19 40 47 47
0016_0026_0015_0058_0058.jpg 1 26 15 58 58
0017_0053_0042_0029_0029.jpg 1 53 42 29 29
0018_0034_0015_0050_0050.jpg 1 34 15 50 50
0019_0033_0006_0041_0041.jpg 1 33 6 41 41
0020_0022_0040_0053_0053.jpg 1 22 40 53 53
0021_0023_0019_0031_0031.jpg 1 23 19 31 31
0022_0011_0012_0067_0067.jpg 1 11 12 67 67
0023_0032_0021_0026_0026.jpg 1 32 21 26 26
0024_0052_0007_0026_0026.jpg 1 52 7 26 26
0025_0021_0016_0051_0051.jpg 1 21 16 51 51
0026_0030_0039_0024_0024.jpg 1 30 39 24 24
0027_0010_0019_0069_0069.jpg 1 10 19 69 69
0028_0022_0024_0033_0033.jpg 1 22 24 33 33
0029_0015_0013_0066_0066.jpg 1 15 13 66 66
0030_0044_0012_0038_0038.jpg 1 44 12 38 38
0031_0008_0024_0055_0055.jpg 1 8 24 55 55
0032_0018_0013_0033_0033.jpg 1 18 13 33 33
0033_0019_0007_0045_0045.jpg 1 19 7 45 45
0034_0010_0038_0044_0044.jpg 1 10 38 44 44
0035_0022_0027_0065_0065.jpg 1 22 27 65 65
0036_0014_0014_0032_0032.jpg 1 14 14 32 32
0037_0054_0053_0031_0031.jpg 1 54 53 31 31
0038_0041_0060_0031_0031.jpg 1 41 60 31 31
0039_0026_0057_0027_0027.jpg 1 26 57 27 27
0040_0039_0018_0051_0051.jpg 1 39 18 51 51
0041_0034_0022_0050_0050.jpg 1 34 22 50 50
0042_0035_0019_0056_0056.jpg 1 35 19 56 56
0043_0017_0020_0068_0068.jpg 1 17 20 68 68
0044_0020_0037_0058_0058.jpg 1 20 37 58 58
0045_0014_0022_0063_0063.jpg 1 14 22 63 63
0046_0035_0038_0029_0029.jpg 1 35 38 29 29
0047_0008_0060_0032_0032.jpg 1 8 60 32 32
0048_0042_0013_0029_0029.jpg 1 42 13 29 29
0049_0047_0018_0042_0042.jpg 1 47 18 42 42
0050_0052_0010_0033_0033.jpg 1 52 10 33 33
0051_0027_0008_0054_0054.jpg 1 27 8 54 54
0052_0005_0035_0061_0061.jpg 1 5 35 61 61
0053_0028_0017_0050_0050.jpg 1 28 17 50 50
0054_0020_0014_0035_0035.jpg 1 20 14 35 35
0055_0050_0023_0025_0025.jpg 1 50 23 25 25
0056_0017_0005_0059_0059.jpg 1 17 5 59 59
0057_0030_0026_0060_0060.jpg 1 30 26 60 60
0058_0017_0020_0031_0031.jpg 1 17 20 31 31
0059_0021_0041_0039_0039.jpg 1 21 41 39 39
0060_0027_0055_0025_0025.jpg 1 27 55 25 25
0061_0024_0018_0056_0056.jpg 1 24 18 56 56
0062_0034_0040_0052_0052.jpg 1 34 40 52 52
0063_0023_0018_0065_0065.jpg 1 23 18 65 65
0064_0020_0025_0039_0039.jpg 1 20 25 39 39
0065_0028_0046_0037_0037.jpg 1 28 46 37 37
0066_0021_0025_0069_0069.jpg 1 21 25 69 69
0067_0039_0016_0044_0044.jpg 1 39 16 44 44
0068_0034_0064_0028_0028.jpg 1 34 64 28 28
0069_0041_0030_0042_0042.jpg 1 41 30 42 42
0070_0028_0016_0061_0061.jpg 1 28 16 61 61
0071_0011_0055_0032_0032.jpg 1 11 55 32 32
0072_0063_0009_0024_0024.jpg 1 63 9 24 24
0073_0022_0023_0066_0066.jpg 1 22 23 66 66
0074_0026_0020_0067_0067.jpg 1 26 20 67 67
0075_0051_0006_0033_0033.jpg 1 51 6 33 33
0076_0016_0049_0039_0039.jpg 1 16 49 39 39
0077_0008_0017_0056_0056.jpg 1 8 17 56 56
0078_0036_0035_0039_0039.jpg 1 36 35 39 39
0079_0020_0013_0061_0061.jpg 1 20 13 61 61
0080_0012_0025_0028_0028.jpg 1 12 25 28 28
0081_0040_0033_0048_0048.jpg 1 40 33 48 48
0082_0024_0020_0069_0069.jpg 1 24 20 69 69
0083_0021_0060_0028_0028.jpg 1 21 60 28 28
0084_0030_0045_0048_0048.jpg 1 30 45 48 48
0085_0035_0050_0042_0042.jpg 1 35 50 42 42
0086_0049_0050_0044_0044.jpg 1 49 50 44 44
0087_0025_0029_0048_0048.jpg 1 25 29 48 48
0088_0030_0038_0045_0045.jpg 1 30 38 45 45
0089_0015_0007_0027_0027.jpg 1 15 7 27 27
0090_0009_0011_0058_0058.jpg 1 9 11 58 58
0091_0042_0029_0044_0044.jpg 1 42 29 44 44
0092_0040_0060_0030_0030.jpg 1 40 60 30 30
0093_0057_0036_0031_0031.jpg 1 57 36 31 31
0094_0019_0050_0042_0042.jpg 1 19 50 42 42
0095_0014_0014_0037_0037.jpg 1 14 14 37 37
0096_0046_0018_0037_0037.jpg 1 46 18 37 37
0097_0058_0043_0028_0028.jpg 1 58 43 28 28
0098_0019_0037_0047_0047.jpg 1 19 37 47 47
0099_0026_0046_0048_0048.jpg 1 26 46 48 48
0100_0005_0017_0067_0067.jpg 1 5 17 67 67
0101_0011_0019_0069_0069.jpg 1 11 19 69 69
0102_0034_0012_0049_0049.jpg 1 34 12 49 49
0103_0055_0010_0036_0036.jpg 1 55 10 36 36
0104_0010_0020_0045_0045.jpg 1 10 20 45 45
0105_0041_0040_0049_0049.jpg 1 41 40 49 49
0106_0013_0023_0050_0050.jpg 1 13 23 50 50
0107_0030_0027_0064_0064.jpg 1 30 27 64 64
0108_0021_0004_0058_0058.jpg 1 21 4 58 58
0109_0031_0040_0042_0042.jpg 1 31 40 42 42
0110_0011_0009_0061_0061.jpg 1 11 9 61 61
0111_0016_0048_0037_0037.jpg 1 16 48 37 37
0112_0006_0030_0042_0042.jpg 1 6 30 42 42
0113_0018_0009_0068_0068.jpg 1 18 9 68 68
0114_0027_0013_0042_0042.jpg 1 27 13 42 42
0115_0037_0018_0031_0031.jpg 1 37 18 31 31
0116_0006_0006_0063_0063.jpg 1 6 6 63 63
0117_0029_0019_0067_0067.jpg 1 29 19 67 67
0118_0031_0008_0047_0047.jpg 1 31 8 47 47
0119_0026_0034_0047_0047.jpg 1 26 34 47 47
0120_0007_0004_0062_0062.jpg 1 7 4 62 62
0121_0054_0051_0031_0031.jpg 1 54 51 31 31
0122_0033_0009_0056_0056.jpg 1 33 9 56 56
0123_0058_0025_0030_0030.jpg 1 58 25 30 30
0124_0005_0009_0053_0053.jpg 1 5 9 53 53
0125_0029_0023_0047_0047.jpg 1 29 23 47 47
0126_0010_0020_0059_0059.jpg 1 10 20 59 59
0127_0027_0015_0040_0040.jpg 1 27 15 40 40
0128_0062_0014_0027_0027.jpg 1 62 14 27 27
0129_0029_0055_0027_0027.jpg 1 29 55 27 27
0130_0019_0009_0068_0068.jpg 1 19 9 68 68
0131_0015_0016_0058_0058.jpg 1 15 16 58 58
0132_0045_0036_0049_0049.jpg 1 45 36 49 49
0133_0024_0037_0038_0038.jpg 1 24 37 38 38
0134_0007_0020_0063_0063.jpg 1 7 20 63 63
0135_0058_0022_0035_0035.jpg 1 58 22 35 35
0136_0056_0044_0030_0030.jpg 1 56 44 30 30
0137_0013_0029_0057_0057.jpg 1 13 29 57 57
0138_0029_0013_0055_0055.jpg 1 29 13 55 55
0139_0023_0021_0048_0048.jpg 1 23 21 48 48
0140_0010_0023_0060_0060.jpg 1 10 23 60 60
0141_0062_0062_0026_0026.jpg 1 62 62 26 26
0142_0022_0018_0068_0068.jpg 1 22 18 68 68
0143_0050_0018_0033_0033.jpg 1 50 18 33 33
0144_0012_0008_0060_0060.jpg 1 12 8 60 60
0145_0047_0032_0035_0035.jpg 1 47 32 35 35
0146_0040_0009_0029_0029.jpg 1 40 9 29 29
0147_0047_0011_0045_0045.jpg 1 47 11 45 45
0148_0006_0011_0036_0036.jpg 1 6 11 36 36
0149_0025_0019_0067_0067.jpg 1 25 19 67 67
0150_0005_0011_0069_0069.jpg 1 5 11 69 69
0151_0027_0005_0057_0057.jpg 1 27 5 57 57
0152_0005_0018_0069_0069.jpg 1 5 18 69 69
0153_0016_0018_0053_0053.jpg 1 16 18 53 53
0154_0015_0004_0064_0064.jpg 1 15 4 64 64
0155_0015_0033_0063_0063.jpg 1 15 33 63 63
0156_0047_0032_0040_0040.jpg 1 47 32 40 40
0157_0054_0039_0039_0039.jpg 1 54 39 39 39
0158_0028_0031_0047_0047.jpg 1 28 31 47 47
0159_0027_0020_0062_0062.jpg 1 27 20 62 62
0160_0018_0010_0065_0065.jpg 1 18 10 65 65
0161_0010_0029_0028_0028.jpg 1 10 29 28 28
0162_0013_0020_0050_0050.jpg 1 13 20 50 50
0163_0035_0028_0053_0053.jpg 1 35 28 53 53
0164_0014_0030_0038_0038.jpg 1 14 30 38 38
0165_0029_0054_0029_0029.jpg 1 29 54 29 29
0166_0012_0048_0045_0045.jpg 1 12 48 45 45
0167_0014_0017_0065_0065.jpg 1 14 17 65 65
0168_0009_0038_0043_0043.jpg 1 9 38 43 43
0169_0029_0044_0036_0036.jpg 1 29 44 36 36
0170_0045_0041_0037_0037.jpg 1 45 41 37 37
0171_0015_0033_0038_0038.jpg 1 15 33 38 38
0172_0042_0014_0025_0025.jpg 1 42 14 25 25
0173_0059_0050_0025_0025.jpg 1 59 50 25 25
0174_0036_0007_0036_0036.jpg 1 36 7 36 36
0175_0018_0005_0060_0060.jpg 1 18 5 60 60
0176_0014_0016_0051_0051.jpg 1 14 16 51 51
0177_0025_0029_0061_0061.jpg 1 25 29 61 61
0178_0008_0018_0062_0062.jpg 1 8 18 62 62
0179_0035_0025_0049_0049.jpg 1 35 25 49 49
0180_0019_0017_0067_0067.jpg 1 19 17 67 67
0181_0034_0020_0061_0061.jpg 1 34 20 61 61
0182_0027_0048_0046_0046.jpg 1 27 48 46 46
0183_0004_0012_0064_0064.jpg 1 4 12 64 64
0184_0036_0024_0043_0043.jpg 1 36 24 43 43
0185_0040_0017_0044_0044.jpg 1 40 17 44 44
0186_0042_0026_0039_0039.jpg 1 42 26 39 39
0187_0029_0037_0035_0035.jpg 1 29 37 35 35
0188_0012_0030_0049_0049.jpg 1 12 30 49 49
0189_0028_0026_0029_0029.jpg 1 28 26 29 29
0190_0024_0009_0067_0067.jpg 1 24 9 67 67
0191_0008_0036_0046_0046.jpg 1 8 36 46 46
0192_0006_0029_0038_0038.jpg 1 6 29 38 38
0193_0016_0006_0045_0045.jpg 1 16 6 45 45
0194_0026_0055_0028_0028.jpg 1 26 55 28 28
0195_0021_0053_0035_0035.jpg 1 21 53 35 35
0196_0012_0012_0066_0066.jpg 1 12 12 66 66
0197_0020_0017_0068_0068.jpg 1 20 17 68 68
0198_0022_0010_0061_0061.jpg 1 22 10 61 61
0199_0044_0034_0024_0024.jpg 1 44 34 24 24
0200_0038_0040_0053_0053.jpg 1 38 40 53 53
0201_0034_0045_0029_0029.jpg 1 34 45 29 29
0202_0041_0054_0036_0036.jpg 1 41 54 36 36
0203_0041_0032_0041_0041.jpg 1 41 32 41 41
0204_0033_0007_0055_0055.jpg 1 33 7 55 55
0205_0037_0030_0028_0028.jpg 1 37 30 28 28
0206_0009_0030_0057_0057.jpg 1 9 30 57 57
0207_0020_0022_0059_0059.jpg 1 20 22 59 59
0208_0024_0010_0063_0063.jpg 1 24 10 63 63
0209_0006_0031_0055_0055.jpg 1 6 31 55 55
0210_0010_0019_0058_0058.jpg 1 10 19 58 58
0211_0010_0006_0066_0066.jpg 1 10 6 66 66
0212_0033_0008_0033_0033.jpg 1 33 8 33 33
0213_0037_0044_0028_0028.jpg 1 37 44 28 28
0214_0016_0027_0055_0055.jpg 1 16 27 55 55
0215_0035_0034_0056_0056.jpg 1 35 34 56 56
0216_0004_0019_0063_0063.jpg 1 4 19 63 63
0217_0023_0016_0064_0064.jpg 1 23 16 64 64
0218_0006_0019_0063_0063.jpg 1 6 19 63 63
0219_0017_0026_0054_0054.jpg 1 17 26 54 54
0220_0022_0037_0047_0047.jpg 1 22 37 47 47
0221_0026_0015_0059_0059.jpg 1 26 15 59 59
0222_0017_0028_0033_0033.jpg 1 17 28 33 33
0223_0015_0015_0064_0064.jpg 1 15 15 64 64
0224_0048_0065_0026_0026.jpg 1 48 65 26 26
0225_0029_0027_0026_0026.jpg 1 29 27 26 26
0226_0041_0046_0029_0029.jpg 1 41 46 29 29
0227_0038_0035_0052_0052.jpg 1 38 35 52 52
0228_0019_0009_0027_0027.jpg 1 19 9 27 27
0229_0036_0027_0057_0057.jpg 1 36 27 57 57
0230_0027_0026_0063_0063.jpg 1 27 26 63 63
0231_0028_0012_0068_0068.jpg 1 28 12 68 68
0232_0008_0021_0046_0046.jpg 1 8 21 46 46
0233_0027_0006_0063_0063.jpg 1 27 6 63 63
0234_0027_0047_0025_0025.jpg 1 27 47 25 25
0235_0031_0035_0046_0046.jpg 1 31 35 46 46
0236_0028_0043_0041_0041.jpg 1 28 43 41 41
0237_0011_0035_0060_0060.jpg 1 11 35 60 60
0238_0016_0035_0048_0048.jpg 1 16 35 48 48
0239_0008_0030_0035_0035.jpg 1 8 30 35 35
0240_0020_0014_0065_0065.jpg 1 20 14 65 65
0241_0018_0037_0053_0053.jpg 1 18 37 53 53
0242_0042_0049_0035_0035.jpg 1 42 49 35 35
0243_0041_0020_0040_0040.jpg 1 41 20 40 40
0244_0062_0060_0027_0027.jpg 1 62 60 27 27
0245_0006_0044_0037_0037.jpg 1 6 44 37 37
0246_0019_0035_0036_0036.jpg 1 19 35 36 36
0247_0034_0021_0044_0044.jpg 1 34 21 44 44
0248_0023_0019_0068_0068.jpg 1 23 19 68 68
0249_0013_0024_0042_0042.jpg 1 13 24 42 42
0250_0031_0008_0050_0050.jpg 1 31 8 50 50
0251_0026_0044_0038_0038.jpg 1 26 44 38 38
0252_0030_0052_0032_0032.jpg 1 30 52 32 32
0253_0049_0026_0037_0037.jpg 1 49 26 37 37
0254_0037_0030_0054_0054.jpg 1 37 30 54 54
0255_0005_0029_0051_0051.jpg 1 5 29 51 51
0256_0027_0011_0065_0065.jpg 1 27 11 65 65
0257_0046_0048_0029_0029.jpg 1 46 48 29 29
0258_0042_0014_0052_0052.jpg 1 42 14 52 52
0259_0013_0037_0058_0058.jpg 1 13 37 58 58
0260_0010_0023_0066_0066.jpg 1 10 23 66 66
0261_0005_0009_0064_0064.jpg 1 5 9 64 64
0262_0036_0009_0034_0034.jpg 1 36 9 34 34
0263_0008_0012_0044_0044.jpg 1 8 12 44 44
0264_0026_0026_0065_0065.jpg 1 26 26 65 65
0265_0007_0045_0045_0045.jpg 1 7 45 45 45
0266_0034_0012_0052_0052.jpg 1 34 12 52 52
0267_0007_0009_0035_0035.jpg 1 7 9 35 35
0268_0007_0008_0039_0039.jpg 1 7 8 39 39
0269_0027_0058_0024_0024.jpg 1 27 58 24 24
0270_0033_0030_0056_0056.jpg 1 33 30 56 56
0271_0043_0009_0047_0047.jpg 1 43 9 47 47
0272_0010_0031_0056_0056.jpg 1 10 31 56 56
0273_0022_0021_0042_0042.jpg 1 22 21 42 42
0274_0029_0016_0065_0065.jpg 1 29 16 65 65
0275_0023_0018_0041_0041.jpg 1 23 18 41 41
0276_0024_0023_0039_0039.jpg 1 24 23 39 39
0277_0030_0042_0044_0044.jpg 1 30 42 44 44
0278_0016_0018_0057_0057.jpg 1 16 18 57 57
0279_0006_0038_0047_0047.jpg 1 6 38 47 47
0280_0026_0012_0035_0035.jpg 1 26 12 35 35
0281_0008_0016_0050_0050.jpg 1 8 16 50 50
0282_0007_0026_0049_0049.jpg 1 7 26 49 49
0283_0023_0016_0036_0036.jpg 1 23 16 36 36
0284_0007_0039_0052_0052.jpg 1 7 39 52 52
0285_0033_0025_0054_0054.jpg 1 33 25 54 54
0286_0038_0028_0043_0043.jpg 1 38 28 43 43
0287_0024_0017_0062_0062.jpg 1 24 17 62 62
0288_0010_0030_0050_0050.jpg 1 10 30 50 50
0289_0063_0033_0028_0028.jpg 1 63 33 28 28
0290_0032_0004_0059_0059.jpg 1 32 4 59 59
0291_0032_0026_0044_0044.jpg 1 32 26 44 44
0292_0031_0028_0042_0042.jpg 1 31 28 42 42
0293_0052_0055_0037_0037.jpg 1 52 55 37 37
0294_0039_0008_0050_0050.jpg 1 39 8 50 50
0295_0053_0035_0040_0040.jpg 1 53 35 40 40
0296_0008_0009_0062_0062.jpg 1 8 9 62 62
0297_0025_0030_0059_0059.jpg 1 25 30 59 59
0298_0029_0018_0046_0046.jpg 1 29 18 46 46
0299_0010_0015_0069_0069.jpg 1 10 15 69 69
0300_0033_0014_0053_0053.jpg 1 33 14 53 53
0301_0036_0012_0051_0051.jpg 1 36 12 51 51
0302_0058_0061_0029_0029.jpg 1 58 61 29 29
0303_0048_0025_0032_0032.jpg 1 48 25 32 32
0304_0044_0028_0050_0050.jpg 1 44 28 50 50
0305_0004_0020_0069_0069.jpg 1 4 20 69 69
0306_0031_0041_0053_0053.jpg 1 31 41 53 53
0307_0023_0016_0060_0060.jpg 1 23 16 60 60
0308_0014_0028_0037_0037.jpg 1 14 28 37 37
0309_0038_0036_0050_0050.jpg 1 38 36 50 50
0310_0011_0005_0050_0050.jpg 1 11 5 50 50
0311_0050_0052_0025_0025.jpg 1 50 52 25 25
0312_0014_0049_0045_0045.jpg 1 14 49 45 45
0313_0046_0025_0047_0047.jpg 1 46 25 47 47
0314_0056_0045_0036_0036.jpg 1 56 45 36 36
0315_0008_0030_0057_0057.jpg 1 8 30 57 57
0316_0020_0015_0068_0068.jpg 1 20 15 68 68
0317_0045_0030_0049_0049.jpg 1 45 30 49 49
0318_0032_0045_0037_0037.jpg 1 32 45 37 37
0319_0023_0008_0064_0064.jpg 1 23 8 64 64
0320_0020_0027_0047_0047.jpg 1 20 27 47 47
0321_0017_0030_0053_0053.jpg 1 17 30 53 53
0322_0018_0014_0035_0035.jpg 1 18 14 35 35
0323_0012_0013_0038_0038.jpg 1 12 13 38 38
0324_0013_0021_0056_0056.jpg 1 13 21 56 56
0325_0041_0020_0052_0052.jpg 1 41 20 52 52
0326_0041_0027_0034_0034.jpg 1 41 27 34 34
0327_0015_0030_0046_0046.jpg 1 15 30 46 46
0328_0012_0034_0050_0050.jpg 1 12 34 50 50
0329_0052_0046_0029_0029.jpg 1 52 46 29 29
0330_0032_0025_0025_0025.jpg 1 32 25 25 25
0331_0045_0019_0043_0043.jpg 1 45 19 43 43
0332_0020_0028_0048_0048.jpg 1 20 28 48 48
0333_0043_0024_0050_0050.jpg 1 43 24 50 50
0334_0031_0028_0041_0041.jpg 1 31 28 41 41
0335_0040_0007_0047_0047.jpg 1 40 7 47 47
0336_0020_0017_0044_0044.jpg 1 20 17 44 44
0337_0014_0008_0025_0025.jpg 1 14 8 25 25
0338_0022_0008_0029_0029.jpg 1 22 8 29 29
0339_0008_0039_0051_0051.jpg 1 8 39 51 51
0340_0015_0048_0037_0037.jpg 1 15 48 37 37
0341_0043_0038_0030_0030.jpg 1 43 38 30 30
0342_0041_0027_0048_0048.jpg 1 41 27 48 48
0343_0052_0010_0037_0037.jpg 1 52 10 37 37
0344_0016_0006_0036_0036.jpg 1 16 6 36 36
0345_0024_0037_0045_0045.jpg 1 24 37 45 45
0346_0012_0042_0050_0050.jpg 1 12 42 50 50
0347_0059_0038_0027_0027.jpg 1 59 38 27 27
0348_0020_0031_0054_0054.jpg 1 20 31 54 54
0349_0025_0016_0069_0069.jpg 1 25 16 69 69
0350_0042_0031_0030_0030.jpg 1 42 31 30 30
0351_0039_0033_0056_0056.jpg 1 39 33 56 56
0352_0025_0038_0034_0034.jpg 1 25 38 34 34
0353_0029_0030_0063_0063.jpg 1 29 30 63 63
0354_0015_0012_0045_0045.jpg 1 15 12 45 45
0355_0013_0035_0060_0060.jpg 1 13 35 60 60
0356_0015_0015_0053_0053.jpg 1 15 15 53 53
0357_0013_0031_0039_0039.jpg 1 13 31 39 39
0358_0015_0026_0068_0068.jpg 1 15 26 68 68
0359_0021_0020_0028_0028.jpg 1 21 20 28 28
0360_0029_0032_0027_0027.jpg 1 29 32 27 27
0361_0024_0007_0051_0051.jpg 1 24 7 51 51
0362_0012_0023_0059_0059.jpg 1 12 23 59 59
0363_0022_0051_0028_0028.jpg 1 22 51 28 28
0364_0009_0040_0045_0045.jpg 1 9 40 45 45
0365_0019_0009_0067_0067.jpg 1 19 9 67 67
0366_0013_0009_0064_0064.jpg 1 13 9 64 64
0367_0013_0026_0043_0043.jpg 1 13 26 43 43
0368_0021_0003_0063_0063.jpg 1 21 3 63 63
0369_0018_0033_0062_0062.jpg 1 18 33 62 62
0370_0033_0040_0051_0051.jpg 1 33 40 51 51
0371_0034_0046_0043_0043.jpg 1 34 46 43 43
0372_0024_0039_0037_0037.jpg 1 24 39 37 37
0373_0032_0022_0056_0056.jpg 1 32 22 56 56
0374_0039_0019_0046_0046.jpg 1 39 19 46 46
0375_0028_0031_0028_0028.jpg 1 28 31 28 28
0376_0011_0011_0034_0034.jpg 1 11 11 34 34
0377_0038_0043_0044_0044.jpg 1 38 43 44 44
0378_0012_0015_0063_0063.jpg 1 12 15 63 63
0379_0014_0008_0043_0043.jpg 1 14 8 43 43
0380_0007_0009_0059_0059.jpg 1 7 9 59 59
0381_0014_0014_0052_0052.jpg 1 14 14 52 52
0382_0016_0024_0066_0066.jpg 1 16 24 66 66
0383_0034_0007_0059_0059.jpg 1 34 7 59 59
0384_0026_0024_0055_0055.jpg 1 26 24 55 55
0385_0046_0015_0043_0043.jpg 1 46 15 43 43
0386_0008_0007_0045_0045.jpg 1 8 7 45 45
0387_0013_0013_0060_0060.jpg 1 13 13 60 60
0388_0018_0028_0055_0055.jpg 1 18 28 55 55
0389_0028_0041_0038_0038.jpg 1 28 41 38 38
0390_0020_0039_0047_0047.jpg 1 20 39 47 47
0391_0027_0030_0060_0060.jpg 1 27 30 60 60
0392_0005_0028_0065_0065.jpg 1 5 28 65 65
0393_0018_0019_0062_0062.jpg 1 18 19 62 62
0394_0007_0014_0046_0046.jpg 1 7 14 46 46
0395_0028_0017_0053_0053.jpg 1 28 17 53 53
0396_0013_0014_0060_0060.jpg 1 13 14 60 60
0397_0029_0034_0061_0061.jpg 1 29 34 61 61
0398_0030_0033_0035_0035.jpg 1 30 33 35 35
0399_0031_0030_0050_0050.jpg 1 31 30 50 50
0400_0020_0056_0025_0025.jpg 1 20 56 25 25
0401_0016_0029_0064_0064.jpg 1 16 29 64 64
0402_0010_0024_0069_0069.jpg 1 10 24 69 69
0403_0023_0041_0037_0037.jpg 1 23 41 37 37
0404_0028_0026_0059_0059.jpg 1 28 26 59 59
0405_0006_0030_0061_0061.jpg 1 6 30 61 61
0406_0033_0018_0057_0057.jpg 1 33 18 57 57
0407_0046_0010_0032_0032.jpg 1 46 10 32 32
0408_0017_0041_0049_0049.jpg 1 17 41 49 49
0409_0034_0018_0032_0032.jpg 1 34 18 32 32
0410_0015_0031_0045_0045.jpg 1 15 31 45 45
0411_0022_0042_0042_0042.jpg 1 22 42 42 42
0412_0036_0065_0026_0026.jpg 1 36 65 26 26
0413_0009_0042_0051_0051.jpg 1 9 42 51 51
0414_0007_0026_0047_0047.jpg 1 7 26 47 47
0415_0063_0060_0025_0025.jpg 1 63 60 25 25
0416_0010_0045_0036_0036.jpg 1 10 45 36 36
0417_0026_0010_0065_0065.jpg 1 26 10 65 65
0418_0017_0048_0035_0035.jpg 1 17 48 35 35
0419_0044_0021_0026_0026.jpg 1 44 21 26 26
0420_0020_0014_0050_0050.jpg 1 20 14 50 50
0421_0045_0029_0025_0025.jpg 1 45 29 25 25
0422_0050_0007_0040_0040.jpg 1 50 7 40 40
0423_0031_0009_0064_0064.jpg 1 31 9 64 64
0424_0047_0036_0040_0040.jpg 1 47 36 40 40
0425_0007_0033_0041_0041.jpg 1 7 33 41 41
0426_0011_0030_0044_0044.jpg 1 11 30 44 44
0427_0019_0030_0047_0047.jpg 1 19 30 47 47
0428_0033_0022_0042_0042.jpg 1 33 22 42 42
0429_0059_0020_0031_0031.jpg 1 59 20 31 31
0430_0010_0034_0026_0026.jpg 1 10 34 26 26
0431_0007_0014_0067_0067.jpg 1 7 14 67 67
0432_0025_0019_0058_0058.jpg 1 25 19 58 58
0433_0017_0051_0034_0034.jpg 1 17 51 34 34
0434_0017_0021_0068_0068.jpg 1 17 21 68 68
0435_0040_0037_0030_0030.jpg 1 40 37 30 30
0436_0029_0029_0032_0032.jpg 1 29 29 32 32
0437_0011_0020_0036_0036.jpg 1 11 20 36 36
0438_0051_0021_0034_0034.jpg 1 51 21 34 34
0439_0051_0023_0040_0040.jpg 1 51 23 40 40
0440_0035_0030_0048_0048.jpg 1 35 30 48 48
0441_0047_0011_0047_0047.jpg 1 47 11 47 47
0442_0035_0061_0028_0028.jpg 1 35 61 28 28
0443_0030_0020_0057_0057.jpg 1 30 20 57 57
0444_0035_0005_0053_0053.jpg 1 35 5 53 53
0445_0012_0051_0036_0036.jpg 1 12 51 36 36
0446_0040_0007_0050_0050.jpg 1 40 7 50 50
0447_0043_0018_0035_0035.jpg 1 43 18 35 35
0448_0015_0028_0051_0051.jpg 1 15 28 51 51
0449_0037_0050_0031_0031.jpg 1 37 50 31 31
0450_0006_0045_0037_0037.jpg 1 6 45 37 37
0451_0046_0024_0041_0041.jpg 1 46 24 41 41
0452_0032_0022_0055_0055.jpg 1 32 22 55 55
0453_0036_0006_0051_0051.jpg 1 36 6 51 51
0454_0010_0005_0058_0058.jpg 1 10 5 58 58
0455_0031_0024_0051_0051.jpg 1 31 24 51 51
0456_0022_0012_0067_0067.jpg 1 22 12 67 67
0457_0024_0041_0036_0036.jpg 1 24 41 36 36
0458_0023_0017_0051_0051.jpg 1 23 17 51 51
0459_0012_0032_0056_0056.jpg 1 12 32 56 56
0460_0019_0018_0069_0069.jpg 1 19 18 69 69
0461_0031_0054_0029_0029.jpg 1 31 54 29 29
0462_0014_0007_0068_0068.jpg 1 14 7 68 68
0463_0043_0015_0042_0042.jpg 1 43 15 42 42
0464_0033_0028_0049_0049.jpg 1 33 28 49 49
0465_0044_0023_0050_0050.jpg 1 44 23 50 50
0466_0021_0012_0050_0050.jpg 1 21 12 50 50
0467_0041_0023_0035_0035.jpg 1 41 23 35 35
0468_0040_0041_0053_0053.jpg 1 40 41 53 53
0469_0025_0032_0044_0044.jpg 1 25 32 44 44
0470_0011_0020_0065_0065.jpg 1 11 20 65 65
0471_0011_0014_0060_0060.jpg 1 11 14 60 60
0472_0026_0040_0048_0048.jpg 1 26 40 48 48
0473_0022_0016_0035_0035.jpg 1 22 16 35 35
0474_0013_0011_0038_0038.jpg 1 13 11 38 38
0475_0017_0004_0058_0058.jpg 1 17 4 58 58
0476_0046_0017_0027_0027.jpg 1 46 17 27 27
0477_0036_0039_0026_0026.jpg 1 36 39 26 26
0478_0042_0041_0032_0032.jpg 1 42 41 32 32
0479_0044_0052_0033_0033.jpg 1 44 52 33 33
0480_0020_0036_0045_0045.jpg 1 20 36 45 45
0481_0038_0021_0054_0054.jpg 1 38 21 54 54
0482_0021_0009_0062_0062.jpg 1 21 9 62 62
0483_0021_0025_0064_0064.jpg 1 21 25 64 64
0484_0027_0045_0033_0033.jpg 1 27 45 33 33
0485_0024_0017_0069_0069.jpg 1 24 17 69 69
0486_0010_0011_0069_0069.jpg 1 10 11 69 69
0487_0029_0020_0060_0060.jpg 1 29 20 60 60
0488_0023_0039_0040_0040.jpg 1 23 39 40 40
0489_0064_0015_0025_0025.jpg 1 64 15 25 25
0490_0027_0030_0062_0062.jpg 1 27 30 62 62
0491_0016_0005_0069_0069.jpg 1 16 5 69 69
0492_0036_0056_0024_0024.jpg 1 36 56 24 24
0493_0022_0023_0029_0029.jpg 1 22 23 29 29
0494_0029_0015_0055_0055.jpg 1 29 15 55 55
0495_0047_0032_0032_0032.jpg 1 47 32 32 32
0496_0034_0021_0049_0049.jpg 1 34 21 49 49
0497_0012_0021_0065_0065.jpg 1 12 21 65 65
0498_0009_0027_0060_0060.jpg 1 9 27 60 60
0499_0025_0028_0057_0057.jpg 1 25 28 57 57
0500_0027_0018_0063_0063.jpg 1 27 18 63 63
0501_0043_0038_0047_0047.jpg 1 43 38 47 47
0502_0038_0044_0049_0049.jpg 1 38 44 49 49
0503_0035_0048_0046_0046.jpg 1 35 48 46 46
0504_0033_0035_0027_0027.jpg 1 33 35 27 27
0505_0015_0048_0046_0046.jpg 1 15 48 46 46
0506_0049_0022_0043_0043.jpg 1 49 22 43 43
0507_0028_0025_0052_0052.jpg 1 28 25 52 52
0508_0040_0035_0047_0047.jpg 1 40 35 47 47
0509_0025_0013_0066_0066.jpg 1 25 13 66 66
0510_0039_0042_0051_0051.jpg 1 39 42 51 51
0511_0014_0024_0059_0059.jpg 1 14 24 59 59
0512_0036_0023_0036_0036.jpg 1 36 23 36 36
0513_0013_0052_0024_0024.jpg 1 13 52 24 24
0514_0011_0047_0037_0037.jpg 1 11 47 37 37
0515_0037_0047_0042_0042.jpg 1 37 47 42 42
0516_0027_0005_0056_0056.jpg 1 27 5 56 56
0517_0018_0005_0069_0069.jpg 1 18 5 69 69
0518_0045_0051_0041_0041.jpg 1 45 51 41 41
0519_0011_0016_0039_0039.jpg 1 11 16 39 39
0520_0038_0055_0033_0033.jpg 1 38 55 33 33
0521_0049_0039_0025_0025.jpg 1 49 39 25 25
0522_0018_0022_0046_0046.jpg 1 18 22 46 46
0523_0011_0040_0050_0050.jpg 1 11 40 50 50
0524_0032_0047_0045_0045.jpg 1 32 47 45 45
0525_0038_0008_0041_0041.jpg 1 38 8 41 41
0526_0019_0013_0053_0053.jpg 1 19 13 53 53
0527_0034_0013_0056_0056.jpg 1 34 13 56 56
0528_0036_0029_0041_0041.jpg 1 36 29 41 41
0529_0023_0054_0027_0027.jpg 1 23 54 27 27
0530_0024_0023_0039_0039.jpg 1 24 23 39 39
0531_0022_0023_0046_0046.jpg 1 22 23 46 46
0532_0023_0011_0040_0040.jpg 1 23 11 40 40
0533_0011_0024_0068_0068.jpg 1 11 24 68 68
0534_0005_0023_0062_0062.jpg 1 5 23 62 62
0535_0022_0005_0064_0064.jpg 1 22 5 64 64
0536_0038_0006_0057_0057.jpg 1 38 6 57 57
0537_0037_0010_0045_0045.jpg 1 37 10 45 45
0538_0006_0004_0066_0066.jpg 1 6 4 66 66
0539_0041_0028_0031_0031.jpg 1 41 28 31 31
0540_0009_0017_0055_0055.jpg 1 9 17 55 55
0541_0010_0044_0027_0027.jpg 1 10 44 27 27
0542_0012_0051_0035_0035.jpg 1 12 51 35 35
0543_0036_0015_0038_0038.jpg 1 36 15 38 38
0544_0037_0038_0028_0028.jpg 1 37 38 28 28
0545_0043_0024_0043_0043.jpg 1 43 24 43 43
0546_0037_0031_0058_0058.jpg 1 37 31 58 58
0547_0016_0036_0038_0038.jpg 1 16 36 38 38
0548_0048_0051_0032_0032.jpg 1 48 51 32 32
0549_0025_0010_0059_0059.jpg 1 25 10 59 59
0550_0010_0016_0066_0066.jpg 1 10 16 66 66
0551_0043_0044_0040_0040.jpg 1 43 44 40 40
0552_0013_0018_0057_0057.jpg 1 13 18 57 57
0553_0042_0056_0037_0037.jpg 1 42 56 37 37
0554_0011_0030_0059_0059.jpg 1 11 30 59 59
0555_0029_0050_0026_0026.jpg 1 29 50 26 26
0556_0012_0026_0042_0042.jpg 1 12 26 42 42
0557_0021_0026_0066_0066.jpg 1 21 26 66 66
0558_0009_0026_0030_0030.jpg 1 9 26 30 30
0559_0027_0018_0060_0060.jpg 1 27 18 60 60
0560_0020_0020_0064_0064.jpg 1 20 20 64 64
0561_0024_0005_0068_0068.jpg 1 24 5 68 68
0562_0063_0024_0028_0028.jpg 1 63 24 28 28
0563_0016_0010_0046_0046.jpg 1 16 10 46 46
0564_0030_0024_0028_0028.jpg 1 30 24 28 28
0565_0032_0023_0043_0043.jpg 1 32 23 43 43
0566_0029_0010_0067_0067.jpg 1 29 10 67 67
0567_0005_0034_0059_0059.jpg 1 5 34 59 59
0568_0047_0014_0044_0044.jpg 1 47 14 44 44
0569_0021_0024_0042_0042.jpg 1 21 24 42 42
0570_0017_0034_0048_0048.jpg 1 17 34 48 48
0571_0031_0038_0034_0034.jpg 1 31 38 34 34
0572_0018_0006_0052_0052.jpg 1 18 6 52 52
0573_0019_0011_0039_0039.jpg 1 19 11 39 39
0574_0043_0031_0040_0040.jpg 1 43 31 40 40
0575_0031_0031_0049_0049.jpg 1 31 31 49 49
0576_0013_0015_0024_0024.jpg 1 13 15 24 24
0577_0018_0025_0043_0043.jpg 1 18 25 43 43
0578_0007_0025_0060_0060.jpg 1 7 25 60 60
0579_0055_0015_0030_0030.jpg 1 55 15 30 30
0580_0029_0035_0043_0043.jpg 1 29 35 43 43
0581_0011_0020_0030_0030.jpg 1 11 20 30 30
0582_0009_0018_0061_0061.jpg 1 9 18 61 61
0583_0022_0036_0035_0035.jpg 1 22 36 35 35
0584_0045_0015_0043_0043.jpg 1 45 15 43 43
0585_0011_0007_0066_0066.jpg 1 11 7 66 66
0586_0030_0013_0040_0040.jpg 1 30 13 40 40
0587_0006_0028_0063_0063.jpg 1 6 28 63 63
0588_0028_0023_0033_0033.jpg 1 28 23 33 33
0589_0027_0024_0056_0056.jpg 1 27 24 56 56
0590_0011_0014_0060_0060.jpg 1 11 14 60 60
0591_0030_0021_0057_0057.jpg 1 30 21 57 57
0592_0017_0028_0049_0049.jpg 1 17 28 49 49
0593_0054_0053_0034_0034.jpg 1 54 53 34 34
0594_0029_0037_0024_0024.jpg 1 29 37 24 24
0595_0027_0049_0024_0024.jpg 1 27 49 24 24
0596_0033_0026_0057_0057.jpg 1 33 26 57 57
0597_0040_0025_0054_0054.jpg 1 40 25 54 54
0598_0005_0034_0059_0059.jpg 1 5 34 59 59
0599_0025_0023_0068_0068.jpg 1 25 23 68 68
0600_0038_0025_0028_0028.jpg 1 38 25 28 28
0601_0054_0044_0032_0032.jpg 1 54 44 32 32
0602_0049_0034_0044_0044.jpg 1 49 34 44 44
0603_0016_0012_0068_0068.jpg 1 16 12 68 68
0604_0021_0018_0034_0034.jpg 1 21 18 34 34
0605_0022_0009_0063_0063.jpg 1 22 9 63 63
0606_0024_0015_0050_0050.jpg 1 24 15 50 50
0607_0018_0025_0061_0061.jpg 1 18 25 61 61
0608_0026_0035_0059_0059.jpg 1 26 35 59 59
0609_0038_0027_0031_0031.jpg 1 38 27 31 31
0610_0039_0044_0047_0047.jpg 1 39 44 47 47
0611_0012_0005_0064_0064.jpg 1 12 5 64 64
0612_0024_0032_0058_0058.jpg 1 24 32 58 58
0613_0014_0006_0047_0047.jpg 1 14 6 47 47
0614_0020_0034_0046_0046.jpg 1 20 34 46 46
0615_0015_0036_0030_0030.jpg 1 15 36 30 30
0616_0015_0019_0064_0064.jpg 1 15 19 64 64
0617_0045_0025_0045_0045.jpg 1 45 25 45 45
0618_0014_0016_0063_0063.jpg 1 14 16 63 63
0619_0013_0021_0067_0067.jpg 1 13 21 67 67
0620_0031_0042_0031_0031.jpg 1 31 42 31 31
0621_0026_0011_0061_0061.jpg 1 26 11 61 61
0622_0007_0034_0049_0049.jpg 1 7 34 49 49
0623_0019_0026_0040_0040.jpg 1 19 26 40 40
0624_0055_0056_0026_0026.jpg 1 55 56 26 26
0625_0029_0028_0024_0024.jpg 1 29 28 24 24
0626_0058_0046_0035_0035.jpg 1 58 46 35 35
0627_0041_0040_0038_0038.jpg 1 41 40 38 38
0628_0012_0022_0066_0066.jpg 1 12 22 66 66
0629_0031_0023_0048_0048.jpg 1 31 23 48 48
0630_0008_0024_0069_0069.jpg 1 8 24 69 69
0631_0013_0039_0025_0025.jpg 1 13 39 25 25
0632_0025_0027_0061_0061.jpg 1 25 27 61 61
0633_0038_0031_0053_0053.jpg 1 38 31 53 53
0634_0026_0009_0035_0035.jpg 1 26 9 35 35
0635_0017_0018_0052_0052.jpg 1 17 18 52 52
0636_0044_0014_0049_0049.jpg 1 44 14 49 49
0637_0054_0057_0025_0025.jpg 1 54 57 25 25
0638_0024_0012_0062_0062.jpg 1 24 12 62 62
0639_0053_0045_0035_0035.jpg 1 53 45 35 35
0640_0026_0017_0063_0063.jpg 1 26 17 63 63
0641_0049_0009_0044_0044.jpg 1 49 9 44 44
0642_0028_0013_0060_0060.jpg 1 28 13 60 60
0643_0058_0060_0031_0031.jpg 1 58 60 31 31
0644_0020_0034_0024_0024.jpg 1 20 34 24 24
0645_0035_0029_0052_0052.jpg 1 35 29 52 52
0646_0023_0037_0040_0040.jpg 1 23 37 40 40
0647_0030_0033_0052_0052.jpg 1 30 33 52 52
0648_0030_0027_0047_0047.jpg 1 30 27 47 47
0649_0008_0016_0069_0069.jpg 1 8 16 69 69
0650_0013_0025_0067_0067.jpg 1 13 25 67 67
0651_0018_0037_0049_0049.jpg 1 18 37 49 49
0652_0028_0033_0054_0054.jpg 1 28 33 54 54
0653_0053_0049_0027_0027.jpg 1 53 49 27 27
0654_0007_0036_0051_0051.jpg 1 7 36 51 51
0655_0036_0041_0051_0051.jpg 1 36 41 51 51
0656_0044_0012_0049_0049.jpg 1 44 12 49 49
0657_0006_0012_0069_0069.jpg 1 6 12 69 69
0658_0027_0021_0051_0051.jpg 1 27 21 51 51
0659_0020_0037_0052_0052.jpg 1 20 37 52 52
0660_0032_0053_0026_0026.jpg 1 32 53 26 26
0661_0031_0028_0025_0025.jpg 1 31 28 25 25
0662_0030_0016_0062_0062.jpg 1 30 16 62 62
0663_0017_0035_0060_0060.jpg 1 17 35 60 60
0664_0046_0065_0025_0025.jpg 1 46 65 25 25
0665_0012_0042_0050_0050.jpg 1 12 42 50 50
0666_0026_0005_0068_0068.jpg 1 26 5 68 68
0667_0008_0014_0065_0065.jpg 1 8 14 65 65
0668_0013_0017_0060_0060.jpg 1 13 17 60 60
0669_0021_0032_0039_0039.jpg 1 21 32 39 39
0670_0047_0020_0047_0047.jpg 1 47 20 47 47
0671_0032_0036_0032_0032.jpg 1 32 36 32 32
0672_0024_0017_0054_0054.jpg 1 24 17 54 54
0673_0030_0008_0034_0034.jpg 1 30 8 34 34
0674_0013_0011_0032_0032.jpg 1 13 11 32 32
0675_0022_0036_0058_0058.jpg 1 22 36 58 58
0676_0008_0063_0029_0029.jpg 1 8 63 29 29
0677_0008_0029_0033_0033.jpg 1 8 29 33 33
0678_0033_0045_0036_0036.jpg 1 33 45 36 36
0679_0015_0027_0054_0054.jpg 1 15 27 54 54
0680_0021_0014_0059_0059.jpg 1 21 14 59 59
0681_0026_0042_0048_0048.jpg 1 26 42 48 48
0682_0015_0023_0043_0043.jpg 1 15 23 43 43
0683_0015_0021_0069_0069.jpg 1 15 21 69 69
0684_0028_0014_0033_0033.jpg 1 28 14 33 33
0685_0026_0010_0064_0064.jpg 1 26 10 64 64
0686_0022_0041_0041_0041.jpg 1 22 41 41 41
0687_0042_0019_0049_0049.jpg 1 42 19 49 49
0688_0017_0018_0037_0037.jpg 1 17 18 37 37
0689_0036_0045_0033_0033.jpg 1 36 45 33 33
0690_0011_0033_0047_0047.jpg 1 11 33 47 47
0691_0012_0035_0034_0034.jpg 1 12 35 34 34
0692_0022_0021_0028_0028.jpg 1 22 21 28 28
0693_0009_0026_0036_0036.jpg 1 9 26 36 36
0694_0029_0012_0034_0034.jpg 1 29 12 34 34
0695_0027_0026_0045_0045.jpg 1 27 26 45 45
0696_0037_0040_0048_0048.jpg 1 37 40 48 48
0697_0032_0029_0042_0042.jpg 1 32 29 42 42
0698_0016_0036_0059_0059.jpg 1 16 36 59 59
0699_0008_0028_0051_0051.jpg 1 8 28 51 51
0700_0036_0022_0049_0049.jpg 1 36 22 49 49
